/gpfs/u/scratch/PCP7/PCP7thrn/final/ross-build/models/pred-prey/./pp --synch=3 --end=256.0 --batch=4 --gvt-interval=256 

Mon Apr 30 20:39:05 2018

ROSS Revision: GITDIR-NOTFOUND

tw_net_start: Found world size to be 1024 
Running simulation with following configuration: 
    Buffers Allocated Per PE = 18432




/**********************************************/
NUM CELLS X      = 1024
NUM CELLS Y      = 1024
CELL_TICK        = 1.000000
NUM KPs per PE   = 64 
NUM LPs per PE   = 1024 
g_vp_per_proc    = 64 
/**********************************************/



ROSS Core Configuration: 
	Total Nodes                                               1024
	Total Processors                                   [Nodes (1024) x PE_per_Node (1)] 1024
	Total KPs                                          [Nodes (1024) x KPs (64)] 65536
	Total LPs                                              1048576
	Simulation End Time                                     256.00
	LP-to-PE Mapping                                   model defined


ROSS Event Memory Allocation:
	Model events                                             18433
	Network events                                           50000
	Total events                                             68432

*** START PARALLEL OPTIMISTIC SIMULATION WITH SUSPEND LP FEATURE ***

GVT #4: simulation 1% complete, max event queue size 2029 (GVT = 2.8017).
AVL tree size: 200
GVT #9: simulation 2% complete, max event queue size 2056 (GVT = 5.2658).
AVL tree size: 193
GVT #14: simulation 3% complete, max event queue size 2083 (GVT = 7.7349).
AVL tree size: 235
GVT #20: simulation 4% complete, max event queue size 2106 (GVT = 10.6744).
AVL tree size: 216
GVT #25: simulation 5% complete, max event queue size 2106 (GVT = 13.1523).
AVL tree size: 237
GVT #30: simulation 6% complete, max event queue size 2106 (GVT = 15.6227).
AVL tree size: 191
GVT #35: simulation 7% complete, max event queue size 2106 (GVT = 18.0833).
AVL tree size: 213
GVT #40: simulation 8% complete, max event queue size 2106 (GVT = 20.5680).
AVL tree size: 224
GVT #46: simulation 9% complete, max event queue size 2128 (GVT = 23.5525).
AVL tree size: 241
GVT #51: simulation 10% complete, max event queue size 2128 (GVT = 26.0068).
AVL tree size: 243
GVT #56: simulation 11% complete, max event queue size 2128 (GVT = 28.5121).
AVL tree size: 233
GVT #61: simulation 12% complete, max event queue size 2128 (GVT = 30.9509).
AVL tree size: 219
GVT #66: simulation 13% complete, max event queue size 2128 (GVT = 33.4085).
AVL tree size: 230
GVT #72: simulation 14% complete, max event queue size 2128 (GVT = 36.3067).
AVL tree size: 253
GVT #77: simulation 15% complete, max event queue size 2128 (GVT = 38.8260).
AVL tree size: 238
GVT #82: simulation 16% complete, max event queue size 2128 (GVT = 41.3293).
AVL tree size: 249
GVT #87: simulation 17% complete, max event queue size 2128 (GVT = 43.8493).
AVL tree size: 273
GVT #92: simulation 18% complete, max event queue size 2128 (GVT = 46.3309).
AVL tree size: 261
GVT #97: simulation 19% complete, max event queue size 2128 (GVT = 48.7718).
AVL tree size: 229
GVT #102: simulation 20% complete, max event queue size 2128 (GVT = 51.2945).
AVL tree size: 241
GVT #107: simulation 21% complete, max event queue size 2128 (GVT = 53.7640).
AVL tree size: 242
GVT #113: simulation 22% complete, max event queue size 2128 (GVT = 56.6978).
AVL tree size: 253
GVT #118: simulation 23% complete, max event queue size 2128 (GVT = 59.2012).
AVL tree size: 268
GVT #123: simulation 24% complete, max event queue size 2128 (GVT = 61.6296).
AVL tree size: 273
GVT #128: simulation 25% complete, max event queue size 2128 (GVT = 64.1141).
AVL tree size: 282
GVT #133: simulation 26% complete, max event queue size 2128 (GVT = 66.6128).
AVL tree size: 265
GVT #139: simulation 27% complete, max event queue size 2128 (GVT = 69.5841).
AVL tree size: 263
GVT #144: simulation 28% complete, max event queue size 2128 (GVT = 72.0307).
AVL tree size: 256
GVT #149: simulation 29% complete, max event queue size 2128 (GVT = 74.5276).
AVL tree size: 267
GVT #154: simulation 30% complete, max event queue size 2128 (GVT = 76.9952).
AVL tree size: 262
GVT #159: simulation 31% complete, max event queue size 2128 (GVT = 79.4168).
AVL tree size: 250
GVT #165: simulation 32% complete, max event queue size 2128 (GVT = 82.3864).
AVL tree size: 268
GVT #170: simulation 33% complete, max event queue size 2128 (GVT = 84.8877).
AVL tree size: 286
GVT #175: simulation 34% complete, max event queue size 2128 (GVT = 87.4293).
AVL tree size: 270
GVT #180: simulation 35% complete, max event queue size 2128 (GVT = 89.8781).
AVL tree size: 274
GVT #185: simulation 36% complete, max event queue size 2128 (GVT = 92.3660).
AVL tree size: 271
GVT #190: simulation 37% complete, max event queue size 2128 (GVT = 94.8564).
AVL tree size: 284
GVT #195: simulation 38% complete, max event queue size 2128 (GVT = 97.3394).
AVL tree size: 248
GVT #200: simulation 39% complete, max event queue size 2128 (GVT = 99.8417).
AVL tree size: 258
GVT #206: simulation 40% complete, max event queue size 2131 (GVT = 102.7868).
AVL tree size: 264
GVT #211: simulation 41% complete, max event queue size 2131 (GVT = 105.2526).
AVL tree size: 240
GVT #216: simulation 42% complete, max event queue size 2131 (GVT = 107.7635).
AVL tree size: 261
GVT #221: simulation 43% complete, max event queue size 2131 (GVT = 110.2595).
AVL tree size: 220
GVT #226: simulation 44% complete, max event queue size 2131 (GVT = 112.7021).
AVL tree size: 249
GVT #232: simulation 45% complete, max event queue size 2131 (GVT = 115.6383).
AVL tree size: 265
GVT #237: simulation 46% complete, max event queue size 2131 (GVT = 118.0992).
AVL tree size: 297
GVT #242: simulation 47% complete, max event queue size 2136 (GVT = 120.5670).
AVL tree size: 308
GVT #247: simulation 48% complete, max event queue size 2136 (GVT = 123.0741).
AVL tree size: 309
GVT #252: simulation 49% complete, max event queue size 2136 (GVT = 125.6187).
AVL tree size: 281
GVT #257: simulation 50% complete, max event queue size 2136 (GVT = 128.1148).
AVL tree size: 284
GVT #262: simulation 51% complete, max event queue size 2136 (GVT = 130.5634).
AVL tree size: 286
GVT #268: simulation 52% complete, max event queue size 2136 (GVT = 133.5682).
AVL tree size: 285
GVT #273: simulation 53% complete, max event queue size 2144 (GVT = 136.0331).
AVL tree size: 332
GVT #278: simulation 54% complete, max event queue size 2154 (GVT = 138.5428).
AVL tree size: 274
GVT #283: simulation 55% complete, max event queue size 2154 (GVT = 141.0378).
AVL tree size: 262
GVT #288: simulation 56% complete, max event queue size 2154 (GVT = 143.4479).
AVL tree size: 311
GVT #293: simulation 57% complete, max event queue size 2154 (GVT = 145.9392).
AVL tree size: 316
GVT #299: simulation 58% complete, max event queue size 2154 (GVT = 148.9149).
AVL tree size: 305
GVT #304: simulation 59% complete, max event queue size 2154 (GVT = 151.3885).
AVL tree size: 311
GVT #309: simulation 60% complete, max event queue size 2154 (GVT = 153.8664).
AVL tree size: 327
GVT #314: simulation 61% complete, max event queue size 2154 (GVT = 156.3976).
AVL tree size: 325
GVT #319: simulation 62% complete, max event queue size 2154 (GVT = 158.8416).
AVL tree size: 324
GVT #324: simulation 63% complete, max event queue size 2154 (GVT = 161.3451).
AVL tree size: 289
GVT #330: simulation 64% complete, max event queue size 2154 (GVT = 164.2796).
AVL tree size: 297
GVT #335: simulation 65% complete, max event queue size 2154 (GVT = 166.7447).
AVL tree size: 306
GVT #340: simulation 66% complete, max event queue size 2154 (GVT = 169.2702).
AVL tree size: 267
GVT #345: simulation 67% complete, max event queue size 2154 (GVT = 171.8269).
AVL tree size: 278
GVT #350: simulation 68% complete, max event queue size 2154 (GVT = 174.2786).
AVL tree size: 278
GVT #355: simulation 69% complete, max event queue size 2154 (GVT = 176.7242).
AVL tree size: 274
GVT #361: simulation 70% complete, max event queue size 2154 (GVT = 179.6588).
AVL tree size: 293
GVT #366: simulation 71% complete, max event queue size 2154 (GVT = 182.1357).
AVL tree size: 286
GVT #371: simulation 72% complete, max event queue size 2154 (GVT = 184.6552).
AVL tree size: 280
GVT #376: simulation 73% complete, max event queue size 2162 (GVT = 187.2003).
AVL tree size: 295
GVT #381: simulation 74% complete, max event queue size 2162 (GVT = 189.6947).
AVL tree size: 325
GVT #386: simulation 75% complete, max event queue size 2162 (GVT = 192.1124).
AVL tree size: 288
GVT #391: simulation 76% complete, max event queue size 2162 (GVT = 194.5709).
AVL tree size: 290
GVT #397: simulation 77% complete, max event queue size 2162 (GVT = 197.6076).
AVL tree size: 273
GVT #402: simulation 78% complete, max event queue size 2162 (GVT = 200.0965).
AVL tree size: 271
GVT #407: simulation 79% complete, max event queue size 2162 (GVT = 202.5206).
AVL tree size: 295
GVT #412: simulation 80% complete, max event queue size 2162 (GVT = 205.0659).
AVL tree size: 305
GVT #417: simulation 81% complete, max event queue size 2162 (GVT = 207.5245).
AVL tree size: 290
GVT #422: simulation 82% complete, max event queue size 2162 (GVT = 210.0031).
AVL tree size: 304
GVT #427: simulation 83% complete, max event queue size 2162 (GVT = 212.5269).
AVL tree size: 268
GVT #432: simulation 84% complete, max event queue size 2162 (GVT = 215.0436).
AVL tree size: 248
GVT #438: simulation 85% complete, max event queue size 2162 (GVT = 218.0249).
AVL tree size: 275
GVT #443: simulation 86% complete, max event queue size 2162 (GVT = 220.5199).
AVL tree size: 270
GVT #448: simulation 87% complete, max event queue size 2162 (GVT = 222.9880).
AVL tree size: 271
GVT #453: simulation 88% complete, max event queue size 2162 (GVT = 225.4604).
AVL tree size: 334
GVT #458: simulation 89% complete, max event queue size 2162 (GVT = 227.9182).
AVL tree size: 264
GVT #464: simulation 90% complete, max event queue size 2162 (GVT = 230.9029).
AVL tree size: 295
GVT #469: simulation 91% complete, max event queue size 2162 (GVT = 233.3354).
AVL tree size: 258
GVT #474: simulation 92% complete, max event queue size 2162 (GVT = 235.8564).
AVL tree size: 265
GVT #479: simulation 93% complete, max event queue size 2162 (GVT = 238.3015).
AVL tree size: 314
GVT #484: simulation 94% complete, max event queue size 2162 (GVT = 240.7117).
AVL tree size: 310
GVT #489: simulation 95% complete, max event queue size 2162 (GVT = 243.2023).
AVL tree size: 324
GVT #495: simulation 96% complete, max event queue size 2162 (GVT = 246.2454).
AVL tree size: 264
GVT #500: simulation 97% complete, max event queue size 2162 (GVT = 248.7782).
AVL tree size: 298
GVT #505: simulation 98% complete, max event queue size 2162 (GVT = 251.2301).
AVL tree size: 292
GVT #510: simulation 99% complete, max event queue size 2162 (GVT = 253.7732).
AVL tree size: 236
GVT #517: simulation 100% complete, max event queue size 2162 (GVT = MAX).
AVL tree size: 10
*** END SIMULATION ***


	: Running Time = 9.7217 seconds

TW Library Statistics:
	Total Events Processed                               539113302
	Events Aborted (part of RBs)                                 0
	Events Rolled Back                                     3289956
	Event Ties Detected in PE Queues                             0
	Efficiency                                               99.39 %
	Total Remote (shared mem) Events Processed                   0
	Percent Remote Events                                     0.00 %
	Total Remote (network) Events Processed               33956656
	Percent Remote Events                                     6.34 %

	Total Roll Backs                                       1093261
	Primary Roll Backs                                     1065982
	Secondary Roll Backs                                     27279
	Fossil Collect Attempts                                 530432
	Total GVT Computations                                     518

	Net Events Processed                                 535823346
	Event Rate (events/sec)                             55116428.7
	Total Events Scheduled Past End Time                   2114214

TW Memory Statistics:
	Events Allocated                                         68433
	Memory Allocated                                         57958
	Memory Wasted                                             1156

TW Network Statistics:
	Remote sends                                          34753864
	Remote recvs                                          34753864

TW Data Structure sizes in bytes (sizeof):
	PE struct                                                  608
	KP struct                                                  144
	LP struct                                                  128
	LP Model struct                                             36
	LP RNGs                                                     80
	Total LP                                                   244
	Event struct                                               152
	Event struct with Model                                    156

TW Clock Cycle Statistics (MAX values in secs at 1.0000 GHz):
	Priority Queue (enq/deq)                                0.2657
	AVL Tree (insert/delete)                                0.2846
	LZ4 (de)compression                                     0.0000
	Buddy system                                            0.0000
	Event Processing                                        7.9724
	Event Cancel                                            0.0124
	Event Abort                                             0.0000

	GVT                                                     2.0191
	Fossil Collect                                          1.6638
	Primary Rollbacks                                       0.0999
	Network Read                                            3.3948
	Statistics Computation                                  0.0000
	Statistics Write                                        0.0000
	Total Time (Note: Using Running Time above for Speedup)     15.5547

TW GVT Statistics: MPI AllReduce
	GVT Interval                                               256
	GVT Real Time Interval (cycles)                    0
	GVT Real Time Interval (sec)                        0.00000000
	Batch Size                                                   4

	Forced GVT                                                   0
	Total GVT Computations                                     518
	Total All Reduce Calls                                    1572
	Average Reduction / GVT                                   3.03
Total Grass Amount ................................5242258
Total Predator Amount .............................5916180
Total Prey Amount .................................6263236
Average Predator per cell..........................5.642109
Average Prey per cell .............................5.973087
Average Predator In-cell Movement .................18.316521
Average Predator Out-cell Movement ................17.512943
Average Prey In-cell Movement .....................236.683557
Average Prey Out-cell Movement ....................238.487943
