/gpfs/u/scratch/PCP7/PCP7thrn/final/ross-build/models/pred-prey/./pp --synch=3 --end=256.0 --batch=4 --gvt-interval=256 

Mon Apr 30 18:59:18 2018

ROSS Revision: GITDIR-NOTFOUND

tw_net_start: Found world size to be 1024 
Running simulation with following configuration: 
    Buffers Allocated Per PE = 18432




/**********************************************/
NUM CELLS X      = 1024
NUM CELLS Y      = 1024
CELL_TICK        = 1.000000
NUM KPs per PE   = 64 
NUM LPs per PE   = 1024 
g_vp_per_proc    = 64 
/**********************************************/



ROSS Core Configuration: 
	Total Nodes                                               1024
	Total Processors                                   [Nodes (1024) x PE_per_Node (1)] 1024
	Total KPs                                          [Nodes (1024) x KPs (64)] 65536
	Total LPs                                              1048576
	Simulation End Time                                     256.00
	LP-to-PE Mapping                                   model defined


ROSS Event Memory Allocation:
	Model events                                             18433
	Network events                                           50000
	Total events                                             68432

*** START PARALLEL OPTIMISTIC SIMULATION WITH SUSPEND LP FEATURE ***

GVT #4: simulation 1% complete, max event queue size 2027 (GVT = 2.8017).
AVL tree size: 200
GVT #9: simulation 2% complete, max event queue size 2057 (GVT = 5.2646).
AVL tree size: 193
GVT #14: simulation 3% complete, max event queue size 2086 (GVT = 7.7351).
AVL tree size: 235
GVT #20: simulation 4% complete, max event queue size 2107 (GVT = 10.6748).
AVL tree size: 216
GVT #25: simulation 5% complete, max event queue size 2110 (GVT = 13.1580).
AVL tree size: 236
GVT #30: simulation 6% complete, max event queue size 2110 (GVT = 15.6237).
AVL tree size: 192
GVT #35: simulation 7% complete, max event queue size 2110 (GVT = 18.0830).
AVL tree size: 214
GVT #40: simulation 8% complete, max event queue size 2110 (GVT = 20.5651).
AVL tree size: 226
GVT #46: simulation 9% complete, max event queue size 2124 (GVT = 23.5471).
AVL tree size: 242
GVT #51: simulation 10% complete, max event queue size 2124 (GVT = 26.0032).
AVL tree size: 247
GVT #56: simulation 11% complete, max event queue size 2124 (GVT = 28.4987).
AVL tree size: 230
GVT #61: simulation 12% complete, max event queue size 2124 (GVT = 30.9362).
AVL tree size: 222
GVT #66: simulation 13% complete, max event queue size 2124 (GVT = 33.3906).
AVL tree size: 232
GVT #72: simulation 14% complete, max event queue size 2124 (GVT = 36.2919).
AVL tree size: 254
GVT #77: simulation 15% complete, max event queue size 2124 (GVT = 38.8110).
AVL tree size: 246
GVT #82: simulation 16% complete, max event queue size 2124 (GVT = 41.3161).
AVL tree size: 246
GVT #87: simulation 17% complete, max event queue size 2124 (GVT = 43.8572).
AVL tree size: 270
GVT #92: simulation 18% complete, max event queue size 2124 (GVT = 46.3310).
AVL tree size: 263
GVT #97: simulation 19% complete, max event queue size 2124 (GVT = 48.7688).
AVL tree size: 227
GVT #102: simulation 20% complete, max event queue size 2124 (GVT = 51.2940).
AVL tree size: 244
GVT #107: simulation 21% complete, max event queue size 2124 (GVT = 53.7604).
AVL tree size: 235
GVT #113: simulation 22% complete, max event queue size 2124 (GVT = 56.7000).
AVL tree size: 253
GVT #118: simulation 23% complete, max event queue size 2124 (GVT = 59.2102).
AVL tree size: 250
GVT #123: simulation 24% complete, max event queue size 2124 (GVT = 61.6466).
AVL tree size: 279
GVT #128: simulation 25% complete, max event queue size 2124 (GVT = 64.1358).
AVL tree size: 281
GVT #133: simulation 26% complete, max event queue size 2124 (GVT = 66.6027).
AVL tree size: 280
GVT #139: simulation 27% complete, max event queue size 2141 (GVT = 69.5690).
AVL tree size: 267
GVT #144: simulation 28% complete, max event queue size 2143 (GVT = 72.0181).
AVL tree size: 252
GVT #149: simulation 29% complete, max event queue size 2143 (GVT = 74.4867).
AVL tree size: 275
GVT #154: simulation 30% complete, max event queue size 2143 (GVT = 76.9662).
AVL tree size: 264
GVT #159: simulation 31% complete, max event queue size 2143 (GVT = 79.3868).
AVL tree size: 261
GVT #165: simulation 32% complete, max event queue size 2143 (GVT = 82.3884).
AVL tree size: 290
GVT #170: simulation 33% complete, max event queue size 2143 (GVT = 84.9128).
AVL tree size: 285
GVT #175: simulation 34% complete, max event queue size 2143 (GVT = 87.4126).
AVL tree size: 251
GVT #180: simulation 35% complete, max event queue size 2143 (GVT = 89.8653).
AVL tree size: 267
GVT #185: simulation 36% complete, max event queue size 2143 (GVT = 92.3902).
AVL tree size: 253
GVT #190: simulation 37% complete, max event queue size 2143 (GVT = 94.7989).
AVL tree size: 297
GVT #196: simulation 38% complete, max event queue size 2143 (GVT = 97.7789).
AVL tree size: 264
GVT #201: simulation 39% complete, max event queue size 2143 (GVT = 100.2279).
AVL tree size: 293
GVT #206: simulation 40% complete, max event queue size 2155 (GVT = 102.7015).
AVL tree size: 258
GVT #211: simulation 41% complete, max event queue size 2155 (GVT = 105.2190).
AVL tree size: 257
GVT #216: simulation 42% complete, max event queue size 2155 (GVT = 107.7271).
AVL tree size: 283
GVT #221: simulation 43% complete, max event queue size 2155 (GVT = 110.2248).
AVL tree size: 253
GVT #226: simulation 44% complete, max event queue size 2155 (GVT = 112.7186).
AVL tree size: 258
GVT #232: simulation 45% complete, max event queue size 2155 (GVT = 115.5965).
AVL tree size: 271
GVT #237: simulation 46% complete, max event queue size 2155 (GVT = 118.0578).
AVL tree size: 294
GVT #242: simulation 47% complete, max event queue size 2155 (GVT = 120.5189).
AVL tree size: 298
GVT #247: simulation 48% complete, max event queue size 2155 (GVT = 123.0170).
AVL tree size: 291
GVT #252: simulation 49% complete, max event queue size 2155 (GVT = 125.5562).
AVL tree size: 276
GVT #257: simulation 50% complete, max event queue size 2155 (GVT = 128.0921).
AVL tree size: 291
GVT #263: simulation 51% complete, max event queue size 2155 (GVT = 130.9912).
AVL tree size: 289
GVT #268: simulation 52% complete, max event queue size 2155 (GVT = 133.5301).
AVL tree size: 302
GVT #273: simulation 53% complete, max event queue size 2172 (GVT = 135.9983).
AVL tree size: 317
GVT #278: simulation 54% complete, max event queue size 2172 (GVT = 138.4421).
AVL tree size: 313
GVT #283: simulation 55% complete, max event queue size 2172 (GVT = 140.9189).
AVL tree size: 295
GVT #288: simulation 56% complete, max event queue size 2172 (GVT = 143.4449).
AVL tree size: 300
GVT #293: simulation 57% complete, max event queue size 2172 (GVT = 145.9426).
AVL tree size: 309
GVT #299: simulation 58% complete, max event queue size 2172 (GVT = 148.9232).
AVL tree size: 292
GVT #304: simulation 59% complete, max event queue size 2172 (GVT = 151.3811).
AVL tree size: 310
GVT #309: simulation 60% complete, max event queue size 2172 (GVT = 153.8981).
AVL tree size: 303
GVT #314: simulation 61% complete, max event queue size 2172 (GVT = 156.3266).
AVL tree size: 309
GVT #319: simulation 62% complete, max event queue size 2172 (GVT = 158.8173).
AVL tree size: 346
GVT #324: simulation 63% complete, max event queue size 2172 (GVT = 161.3004).
AVL tree size: 273
GVT #330: simulation 64% complete, max event queue size 2172 (GVT = 164.3125).
AVL tree size: 300
GVT #335: simulation 65% complete, max event queue size 2172 (GVT = 166.7727).
AVL tree size: 322
GVT #340: simulation 66% complete, max event queue size 2172 (GVT = 169.2915).
AVL tree size: 253
GVT #345: simulation 67% complete, max event queue size 2172 (GVT = 171.8053).
AVL tree size: 280
GVT #350: simulation 68% complete, max event queue size 2172 (GVT = 174.2286).
AVL tree size: 281
GVT #355: simulation 69% complete, max event queue size 2172 (GVT = 176.6992).
AVL tree size: 278
GVT #361: simulation 70% complete, max event queue size 2172 (GVT = 179.6416).
AVL tree size: 301
GVT #366: simulation 71% complete, max event queue size 2172 (GVT = 182.1281).
AVL tree size: 290
GVT #371: simulation 72% complete, max event queue size 2172 (GVT = 184.6215).
AVL tree size: 291
GVT #376: simulation 73% complete, max event queue size 2172 (GVT = 187.1280).
AVL tree size: 345
GVT #381: simulation 74% complete, max event queue size 2172 (GVT = 189.6475).
AVL tree size: 347
GVT #386: simulation 75% complete, max event queue size 2172 (GVT = 192.1324).
AVL tree size: 291
GVT #391: simulation 76% complete, max event queue size 2183 (GVT = 194.5718).
AVL tree size: 294
GVT #397: simulation 77% complete, max event queue size 2183 (GVT = 197.6049).
AVL tree size: 314
GVT #402: simulation 78% complete, max event queue size 2183 (GVT = 200.0939).
AVL tree size: 268
GVT #407: simulation 79% complete, max event queue size 2183 (GVT = 202.6379).
AVL tree size: 281
GVT #412: simulation 80% complete, max event queue size 2183 (GVT = 205.1118).
AVL tree size: 299
GVT #417: simulation 81% complete, max event queue size 2183 (GVT = 207.5775).
AVL tree size: 268
GVT #422: simulation 82% complete, max event queue size 2183 (GVT = 210.0844).
AVL tree size: 289
GVT #427: simulation 83% complete, max event queue size 2183 (GVT = 212.5890).
AVL tree size: 240
GVT #432: simulation 84% complete, max event queue size 2183 (GVT = 215.0926).
AVL tree size: 232
GVT #438: simulation 85% complete, max event queue size 2183 (GVT = 218.0642).
AVL tree size: 276
GVT #443: simulation 86% complete, max event queue size 2183 (GVT = 220.5183).
AVL tree size: 279
GVT #448: simulation 87% complete, max event queue size 2183 (GVT = 223.0009).
AVL tree size: 274
GVT #453: simulation 88% complete, max event queue size 2183 (GVT = 225.4912).
AVL tree size: 295
GVT #458: simulation 89% complete, max event queue size 2183 (GVT = 227.9640).
AVL tree size: 265
GVT #463: simulation 90% complete, max event queue size 2183 (GVT = 230.4694).
AVL tree size: 287
GVT #469: simulation 91% complete, max event queue size 2183 (GVT = 233.4434).
AVL tree size: 248
GVT #474: simulation 92% complete, max event queue size 2183 (GVT = 235.8856).
AVL tree size: 253
GVT #479: simulation 93% complete, max event queue size 2183 (GVT = 238.3478).
AVL tree size: 291
GVT #484: simulation 94% complete, max event queue size 2183 (GVT = 240.8705).
AVL tree size: 275
GVT #489: simulation 95% complete, max event queue size 2183 (GVT = 243.3347).
AVL tree size: 271
GVT #494: simulation 96% complete, max event queue size 2183 (GVT = 245.8600).
AVL tree size: 278
GVT #499: simulation 97% complete, max event queue size 2183 (GVT = 248.3613).
AVL tree size: 282
GVT #505: simulation 98% complete, max event queue size 2183 (GVT = 251.3206).
AVL tree size: 284
GVT #510: simulation 99% complete, max event queue size 2183 (GVT = 253.8410).
AVL tree size: 238
GVT #517: simulation 100% complete, max event queue size 2183 (GVT = MAX).
AVL tree size: 12
*** END SIMULATION ***


	: Running Time = 9.7169 seconds

TW Library Statistics:
	Total Events Processed                               539080634
	Events Aborted (part of RBs)                                 0
	Events Rolled Back                                     3267352
	Event Ties Detected in PE Queues                             0
	Efficiency                                               99.39 %
	Total Remote (shared mem) Events Processed                   0
	Percent Remote Events                                     0.00 %
	Total Remote (network) Events Processed               33955739
	Percent Remote Events                                     6.34 %

	Total Roll Backs                                       1089058
	Primary Roll Backs                                     1061953
	Secondary Roll Backs                                     27105
	Fossil Collect Attempts                                 530432
	Total GVT Computations                                     518

	Net Events Processed                                 535813282
	Event Rate (events/sec)                             55142165.8
	Total Events Scheduled Past End Time                   2112209

TW Memory Statistics:
	Events Allocated                                         68433
	Memory Allocated                                         57958
	Memory Wasted                                             1156

TW Network Statistics:
	Remote sends                                          34749473
	Remote recvs                                          34749473

TW Data Structure sizes in bytes (sizeof):
	PE struct                                                  608
	KP struct                                                  144
	LP struct                                                  128
	LP Model struct                                             36
	LP RNGs                                                     80
	Total LP                                                   244
	Event struct                                               152
	Event struct with Model                                    156

TW Clock Cycle Statistics (MAX values in secs at 1.0000 GHz):
	Priority Queue (enq/deq)                                0.2660
	AVL Tree (insert/delete)                                0.2864
	LZ4 (de)compression                                     0.0000
	Buddy system                                            0.0000
	Event Processing                                        7.9599
	Event Cancel                                            0.0127
	Event Abort                                             0.0000

	GVT                                                     1.9960
	Fossil Collect                                          1.6685
	Primary Rollbacks                                       0.0960
	Network Read                                            3.4050
	Statistics Computation                                  0.0000
	Statistics Write                                        0.0000
	Total Time (Note: Using Running Time above for Speedup)     15.5471

TW GVT Statistics: MPI AllReduce
	GVT Interval                                               256
	GVT Real Time Interval (cycles)                    0
	GVT Real Time Interval (sec)                        0.00000000
	Batch Size                                                   4

	Forced GVT                                                   0
	Total GVT Computations                                     518
	Total All Reduce Calls                                    1568
	Average Reduction / GVT                                   3.03
Total Grass Amount ................................5242258
Total Predator Amount .............................5865147
Total Prey Amount .................................6274877
Average Predator per cell..........................5.593440
Average Prey per cell .............................5.984189
Average Predator In-cell Movement .................17.059531
Average Predator Out-cell Movement ................16.274330
Average Prey In-cell Movement .....................237.936524
Average Prey Out-cell Movement ....................239.720980
