/gpfs/u/scratch/PCP7/PCP7thrn/final/ross-build/models/pred-prey/./pp --synch=3 --end=256.0 --batch=4 --gvt-interval=256 

Mon Apr 30 18:46:52 2018

ROSS Revision: GITDIR-NOTFOUND

tw_net_start: Found world size to be 1024 
Running simulation with following configuration: 
    Buffers Allocated Per PE = 18432




/**********************************************/
NUM CELLS X      = 1024
NUM CELLS Y      = 1024
CELL_TICK        = 1.000000
NUM KPs per PE   = 64 
NUM LPs per PE   = 1024 
g_vp_per_proc    = 64 
/**********************************************/



ROSS Core Configuration: 
	Total Nodes                                               1024
	Total Processors                                   [Nodes (1024) x PE_per_Node (1)] 1024
	Total KPs                                          [Nodes (1024) x KPs (64)] 65536
	Total LPs                                              1048576
	Simulation End Time                                     256.00
	LP-to-PE Mapping                                   model defined


ROSS Event Memory Allocation:
	Model events                                             18433
	Network events                                           50000
	Total events                                             68432

*** START PARALLEL OPTIMISTIC SIMULATION WITH SUSPEND LP FEATURE ***

GVT #4: simulation 1% complete, max event queue size 2029 (GVT = 2.8017).
AVL tree size: 200
GVT #9: simulation 2% complete, max event queue size 2052 (GVT = 5.2646).
AVL tree size: 192
GVT #14: simulation 3% complete, max event queue size 2078 (GVT = 7.7351).
AVL tree size: 235
GVT #20: simulation 4% complete, max event queue size 2109 (GVT = 10.6744).
AVL tree size: 216
GVT #25: simulation 5% complete, max event queue size 2113 (GVT = 13.1590).
AVL tree size: 236
GVT #30: simulation 6% complete, max event queue size 2113 (GVT = 15.6236).
AVL tree size: 191
GVT #35: simulation 7% complete, max event queue size 2113 (GVT = 18.0817).
AVL tree size: 213
GVT #40: simulation 8% complete, max event queue size 2113 (GVT = 20.5624).
AVL tree size: 224
GVT #46: simulation 9% complete, max event queue size 2125 (GVT = 23.5498).
AVL tree size: 240
GVT #51: simulation 10% complete, max event queue size 2125 (GVT = 26.0077).
AVL tree size: 244
GVT #56: simulation 11% complete, max event queue size 2125 (GVT = 28.5040).
AVL tree size: 235
GVT #61: simulation 12% complete, max event queue size 2125 (GVT = 30.9401).
AVL tree size: 220
GVT #66: simulation 13% complete, max event queue size 2125 (GVT = 33.4007).
AVL tree size: 230
GVT #72: simulation 14% complete, max event queue size 2125 (GVT = 36.2997).
AVL tree size: 251
GVT #77: simulation 15% complete, max event queue size 2125 (GVT = 38.8180).
AVL tree size: 240
GVT #82: simulation 16% complete, max event queue size 2125 (GVT = 41.3209).
AVL tree size: 246
GVT #87: simulation 17% complete, max event queue size 2125 (GVT = 43.8554).
AVL tree size: 270
GVT #92: simulation 18% complete, max event queue size 2125 (GVT = 46.3278).
AVL tree size: 268
GVT #97: simulation 19% complete, max event queue size 2125 (GVT = 48.7731).
AVL tree size: 233
GVT #102: simulation 20% complete, max event queue size 2125 (GVT = 51.3120).
AVL tree size: 232
GVT #107: simulation 21% complete, max event queue size 2125 (GVT = 53.8206).
AVL tree size: 237
GVT #113: simulation 22% complete, max event queue size 2125 (GVT = 56.7432).
AVL tree size: 257
GVT #118: simulation 23% complete, max event queue size 2125 (GVT = 59.2278).
AVL tree size: 264
GVT #123: simulation 24% complete, max event queue size 2125 (GVT = 61.6452).
AVL tree size: 282
GVT #128: simulation 25% complete, max event queue size 2125 (GVT = 64.1239).
AVL tree size: 291
GVT #133: simulation 26% complete, max event queue size 2125 (GVT = 66.5897).
AVL tree size: 281
GVT #139: simulation 27% complete, max event queue size 2125 (GVT = 69.5360).
AVL tree size: 275
GVT #144: simulation 28% complete, max event queue size 2132 (GVT = 71.9759).
AVL tree size: 272
GVT #149: simulation 29% complete, max event queue size 2132 (GVT = 74.4857).
AVL tree size: 268
GVT #154: simulation 30% complete, max event queue size 2132 (GVT = 76.9774).
AVL tree size: 267
GVT #159: simulation 31% complete, max event queue size 2132 (GVT = 79.4162).
AVL tree size: 259
GVT #165: simulation 32% complete, max event queue size 2132 (GVT = 82.4003).
AVL tree size: 275
GVT #170: simulation 33% complete, max event queue size 2132 (GVT = 84.9008).
AVL tree size: 288
GVT #175: simulation 34% complete, max event queue size 2132 (GVT = 87.3728).
AVL tree size: 273
GVT #180: simulation 35% complete, max event queue size 2132 (GVT = 89.8114).
AVL tree size: 286
GVT #185: simulation 36% complete, max event queue size 2132 (GVT = 92.3501).
AVL tree size: 272
GVT #190: simulation 37% complete, max event queue size 2132 (GVT = 94.8484).
AVL tree size: 295
GVT #195: simulation 38% complete, max event queue size 2132 (GVT = 97.3405).
AVL tree size: 273
GVT #201: simulation 39% complete, max event queue size 2132 (GVT = 100.3062).
AVL tree size: 285
GVT #206: simulation 40% complete, max event queue size 2143 (GVT = 102.7546).
AVL tree size: 260
GVT #211: simulation 41% complete, max event queue size 2143 (GVT = 105.2221).
AVL tree size: 267
GVT #216: simulation 42% complete, max event queue size 2143 (GVT = 107.7635).
AVL tree size: 245
GVT #221: simulation 43% complete, max event queue size 2143 (GVT = 110.2034).
AVL tree size: 248
GVT #226: simulation 44% complete, max event queue size 2143 (GVT = 112.6921).
AVL tree size: 261
GVT #232: simulation 45% complete, max event queue size 2143 (GVT = 115.5704).
AVL tree size: 273
GVT #237: simulation 46% complete, max event queue size 2143 (GVT = 118.0025).
AVL tree size: 301
GVT #242: simulation 47% complete, max event queue size 2143 (GVT = 120.4812).
AVL tree size: 301
GVT #247: simulation 48% complete, max event queue size 2143 (GVT = 122.9663).
AVL tree size: 318
GVT #252: simulation 49% complete, max event queue size 2143 (GVT = 125.5349).
AVL tree size: 303
GVT #257: simulation 50% complete, max event queue size 2143 (GVT = 128.0464).
AVL tree size: 289
GVT #263: simulation 51% complete, max event queue size 2143 (GVT = 131.0233).
AVL tree size: 278
GVT #268: simulation 52% complete, max event queue size 2144 (GVT = 133.5094).
AVL tree size: 276
GVT #273: simulation 53% complete, max event queue size 2170 (GVT = 135.9920).
AVL tree size: 327
GVT #278: simulation 54% complete, max event queue size 2170 (GVT = 138.4830).
AVL tree size: 293
GVT #283: simulation 55% complete, max event queue size 2170 (GVT = 140.9085).
AVL tree size: 281
GVT #289: simulation 56% complete, max event queue size 2170 (GVT = 143.7875).
AVL tree size: 310
GVT #294: simulation 57% complete, max event queue size 2170 (GVT = 146.3064).
AVL tree size: 310
GVT #299: simulation 58% complete, max event queue size 2170 (GVT = 148.7902).
AVL tree size: 297
GVT #304: simulation 59% complete, max event queue size 2170 (GVT = 151.2860).
AVL tree size: 317
GVT #309: simulation 60% complete, max event queue size 2170 (GVT = 153.7923).
AVL tree size: 308
GVT #314: simulation 61% complete, max event queue size 2170 (GVT = 156.1995).
AVL tree size: 326
GVT #320: simulation 62% complete, max event queue size 2170 (GVT = 159.2030).
AVL tree size: 348
GVT #325: simulation 63% complete, max event queue size 2170 (GVT = 161.6839).
AVL tree size: 315
GVT #330: simulation 64% complete, max event queue size 2170 (GVT = 164.1765).
AVL tree size: 304
GVT #335: simulation 65% complete, max event queue size 2170 (GVT = 166.6154).
AVL tree size: 297
GVT #340: simulation 66% complete, max event queue size 2170 (GVT = 169.1614).
AVL tree size: 271
GVT #345: simulation 67% complete, max event queue size 2170 (GVT = 171.6736).
AVL tree size: 317
GVT #350: simulation 68% complete, max event queue size 2170 (GVT = 174.1543).
AVL tree size: 322
GVT #356: simulation 69% complete, max event queue size 2170 (GVT = 177.0651).
AVL tree size: 302
GVT #361: simulation 70% complete, max event queue size 2170 (GVT = 179.5529).
AVL tree size: 307
GVT #366: simulation 71% complete, max event queue size 2170 (GVT = 182.0353).
AVL tree size: 305
GVT #371: simulation 72% complete, max event queue size 2170 (GVT = 184.5379).
AVL tree size: 312
GVT #376: simulation 73% complete, max event queue size 2170 (GVT = 187.0404).
AVL tree size: 314
GVT #381: simulation 74% complete, max event queue size 2170 (GVT = 189.5869).
AVL tree size: 336
GVT #386: simulation 75% complete, max event queue size 2170 (GVT = 192.0362).
AVL tree size: 286
GVT #392: simulation 76% complete, max event queue size 2170 (GVT = 194.9279).
AVL tree size: 282
GVT #397: simulation 77% complete, max event queue size 2170 (GVT = 197.4606).
AVL tree size: 313
GVT #402: simulation 78% complete, max event queue size 2170 (GVT = 199.9766).
AVL tree size: 280
GVT #407: simulation 79% complete, max event queue size 2170 (GVT = 202.4706).
AVL tree size: 292
GVT #412: simulation 80% complete, max event queue size 2170 (GVT = 204.9814).
AVL tree size: 301
GVT #417: simulation 81% complete, max event queue size 2170 (GVT = 207.4593).
AVL tree size: 287
GVT #422: simulation 82% complete, max event queue size 2170 (GVT = 209.9857).
AVL tree size: 314
GVT #427: simulation 83% complete, max event queue size 2170 (GVT = 212.5377).
AVL tree size: 256
GVT #433: simulation 84% complete, max event queue size 2170 (GVT = 215.5199).
AVL tree size: 272
GVT #438: simulation 85% complete, max event queue size 2170 (GVT = 218.0022).
AVL tree size: 292
GVT #443: simulation 86% complete, max event queue size 2170 (GVT = 220.4628).
AVL tree size: 304
GVT #448: simulation 87% complete, max event queue size 2170 (GVT = 222.9245).
AVL tree size: 301
GVT #453: simulation 88% complete, max event queue size 2170 (GVT = 225.4115).
AVL tree size: 279
GVT #458: simulation 89% complete, max event queue size 2170 (GVT = 227.9586).
AVL tree size: 243
GVT #463: simulation 90% complete, max event queue size 2170 (GVT = 230.4780).
AVL tree size: 258
GVT #469: simulation 91% complete, max event queue size 2170 (GVT = 233.4108).
AVL tree size: 265
GVT #474: simulation 92% complete, max event queue size 2170 (GVT = 235.8921).
AVL tree size: 253
GVT #479: simulation 93% complete, max event queue size 2170 (GVT = 238.3828).
AVL tree size: 283
GVT #484: simulation 94% complete, max event queue size 2170 (GVT = 240.8645).
AVL tree size: 279
GVT #489: simulation 95% complete, max event queue size 2170 (GVT = 243.3251).
AVL tree size: 289
GVT #494: simulation 96% complete, max event queue size 2170 (GVT = 245.7872).
AVL tree size: 300
GVT #500: simulation 97% complete, max event queue size 2170 (GVT = 248.7274).
AVL tree size: 324
GVT #505: simulation 98% complete, max event queue size 2170 (GVT = 251.1969).
AVL tree size: 285
GVT #510: simulation 99% complete, max event queue size 2170 (GVT = 253.7525).
AVL tree size: 240
GVT #518: simulation 100% complete, max event queue size 2170 (GVT = MAX).
AVL tree size: 18
*** END SIMULATION ***


	: Running Time = 9.7303 seconds

TW Library Statistics:
	Total Events Processed                               539077687
	Events Aborted (part of RBs)                                 0
	Events Rolled Back                                     3270476
	Event Ties Detected in PE Queues                             0
	Efficiency                                               99.39 %
	Total Remote (shared mem) Events Processed                   0
	Percent Remote Events                                     0.00 %
	Total Remote (network) Events Processed               33959173
	Percent Remote Events                                     6.34 %

	Total Roll Backs                                       1087831
	Primary Roll Backs                                     1060672
	Secondary Roll Backs                                     27159
	Fossil Collect Attempts                                 531456
	Total GVT Computations                                     519

	Net Events Processed                                 535807211
	Event Rate (events/sec)                             55065971.5
	Total Events Scheduled Past End Time                   2112971

TW Memory Statistics:
	Events Allocated                                         68433
	Memory Allocated                                         57958
	Memory Wasted                                             1156

TW Network Statistics:
	Remote sends                                          34751693
	Remote recvs                                          34751693

TW Data Structure sizes in bytes (sizeof):
	PE struct                                                  608
	KP struct                                                  144
	LP struct                                                  128
	LP Model struct                                             36
	LP RNGs                                                     80
	Total LP                                                   244
	Event struct                                               152
	Event struct with Model                                    156

TW Clock Cycle Statistics (MAX values in secs at 1.0000 GHz):
	Priority Queue (enq/deq)                                0.2663
	AVL Tree (insert/delete)                                0.2899
	LZ4 (de)compression                                     0.0000
	Buddy system                                            0.0000
	Event Processing                                        7.9712
	Event Cancel                                            0.0131
	Event Abort                                             0.0000

	GVT                                                     2.0156
	Fossil Collect                                          1.6678
	Primary Rollbacks                                       0.0947
	Network Read                                            3.3904
	Statistics Computation                                  0.0000
	Statistics Write                                        0.0000
	Total Time (Note: Using Running Time above for Speedup)     15.5684

TW GVT Statistics: MPI AllReduce
	GVT Interval                                               256
	GVT Real Time Interval (cycles)                    0
	GVT Real Time Interval (sec)                        0.00000000
	Batch Size                                                   4

	Forced GVT                                                   0
	Total GVT Computations                                     519
	Total All Reduce Calls                                    1568
	Average Reduction / GVT                                   3.02
Total Grass Amount ................................5242258
Total Predator Amount .............................6159892
Total Prey Amount .................................6220773
Average Predator per cell..........................5.874531
Average Prey per cell .............................5.932591
Average Predator In-cell Movement .................38.218736
Average Predator Out-cell Movement ................37.519785
Average Prey In-cell Movement .....................216.774293
Average Prey Out-cell Movement ....................218.472762
