/gpfs/u/scratch/PCP7/PCP7thrn/final/ross-build/models/pred-prey/./pp --synch=3 --end=256.0 --batch=4 --gvt-interval=256 

Mon Apr 30 21:00:14 2018

ROSS Revision: GITDIR-NOTFOUND

tw_net_start: Found world size to be 1024 
Running simulation with following configuration: 
    Buffers Allocated Per PE = 18432




/**********************************************/
NUM CELLS X      = 1024
NUM CELLS Y      = 1024
CELL_TICK        = 1.000000
NUM KPs per PE   = 64 
NUM LPs per PE   = 1024 
g_vp_per_proc    = 64 
/**********************************************/



ROSS Core Configuration: 
	Total Nodes                                               1024
	Total Processors                                   [Nodes (1024) x PE_per_Node (1)] 1024
	Total KPs                                          [Nodes (1024) x KPs (64)] 65536
	Total LPs                                              1048576
	Simulation End Time                                     256.00
	LP-to-PE Mapping                                   model defined


ROSS Event Memory Allocation:
	Model events                                             18433
	Network events                                           50000
	Total events                                             68432

*** START PARALLEL OPTIMISTIC SIMULATION WITH SUSPEND LP FEATURE ***

GVT #4: simulation 1% complete, max event queue size 2026 (GVT = 2.8017).
AVL tree size: 200
GVT #9: simulation 2% complete, max event queue size 2056 (GVT = 5.2646).
AVL tree size: 193
GVT #14: simulation 3% complete, max event queue size 2086 (GVT = 7.7349).
AVL tree size: 235
GVT #20: simulation 4% complete, max event queue size 2108 (GVT = 10.6742).
AVL tree size: 216
GVT #25: simulation 5% complete, max event queue size 2108 (GVT = 13.1545).
AVL tree size: 237
GVT #30: simulation 6% complete, max event queue size 2108 (GVT = 15.6248).
AVL tree size: 191
GVT #35: simulation 7% complete, max event queue size 2108 (GVT = 18.0833).
AVL tree size: 213
GVT #40: simulation 8% complete, max event queue size 2108 (GVT = 20.5615).
AVL tree size: 223
GVT #46: simulation 9% complete, max event queue size 2124 (GVT = 23.5438).
AVL tree size: 242
GVT #51: simulation 10% complete, max event queue size 2124 (GVT = 26.0029).
AVL tree size: 244
GVT #56: simulation 11% complete, max event queue size 2124 (GVT = 28.4998).
AVL tree size: 232
GVT #61: simulation 12% complete, max event queue size 2124 (GVT = 30.9392).
AVL tree size: 224
GVT #66: simulation 13% complete, max event queue size 2124 (GVT = 33.3963).
AVL tree size: 230
GVT #72: simulation 14% complete, max event queue size 2124 (GVT = 36.2969).
AVL tree size: 245
GVT #77: simulation 15% complete, max event queue size 2124 (GVT = 38.8176).
AVL tree size: 241
GVT #82: simulation 16% complete, max event queue size 2124 (GVT = 41.3439).
AVL tree size: 246
GVT #87: simulation 17% complete, max event queue size 2124 (GVT = 43.8598).
AVL tree size: 273
GVT #92: simulation 18% complete, max event queue size 2124 (GVT = 46.3473).
AVL tree size: 264
GVT #97: simulation 19% complete, max event queue size 2124 (GVT = 48.7975).
AVL tree size: 227
GVT #102: simulation 20% complete, max event queue size 2124 (GVT = 51.2942).
AVL tree size: 238
GVT #107: simulation 21% complete, max event queue size 2124 (GVT = 53.8087).
AVL tree size: 234
GVT #113: simulation 22% complete, max event queue size 2124 (GVT = 56.7543).
AVL tree size: 244
GVT #118: simulation 23% complete, max event queue size 2124 (GVT = 59.2520).
AVL tree size: 260
GVT #123: simulation 24% complete, max event queue size 2124 (GVT = 61.6871).
AVL tree size: 268
GVT #128: simulation 25% complete, max event queue size 2124 (GVT = 64.1765).
AVL tree size: 281
GVT #133: simulation 26% complete, max event queue size 2124 (GVT = 66.6482).
AVL tree size: 280
GVT #139: simulation 27% complete, max event queue size 2137 (GVT = 69.6066).
AVL tree size: 274
GVT #144: simulation 28% complete, max event queue size 2145 (GVT = 72.0356).
AVL tree size: 265
GVT #149: simulation 29% complete, max event queue size 2145 (GVT = 74.5399).
AVL tree size: 268
GVT #154: simulation 30% complete, max event queue size 2145 (GVT = 77.0246).
AVL tree size: 269
GVT #159: simulation 31% complete, max event queue size 2145 (GVT = 79.4495).
AVL tree size: 269
GVT #164: simulation 32% complete, max event queue size 2145 (GVT = 81.9403).
AVL tree size: 288
GVT #170: simulation 33% complete, max event queue size 2145 (GVT = 84.9812).
AVL tree size: 265
GVT #175: simulation 34% complete, max event queue size 2145 (GVT = 87.4502).
AVL tree size: 265
GVT #180: simulation 35% complete, max event queue size 2145 (GVT = 89.9372).
AVL tree size: 263
GVT #185: simulation 36% complete, max event queue size 2145 (GVT = 92.3984).
AVL tree size: 271
GVT #190: simulation 37% complete, max event queue size 2145 (GVT = 94.8808).
AVL tree size: 277
GVT #195: simulation 38% complete, max event queue size 2145 (GVT = 97.3373).
AVL tree size: 267
GVT #200: simulation 39% complete, max event queue size 2145 (GVT = 99.8777).
AVL tree size: 286
GVT #206: simulation 40% complete, max event queue size 2152 (GVT = 102.8350).
AVL tree size: 232
GVT #211: simulation 41% complete, max event queue size 2152 (GVT = 105.3545).
AVL tree size: 250
GVT #216: simulation 42% complete, max event queue size 2152 (GVT = 107.8443).
AVL tree size: 234
GVT #221: simulation 43% complete, max event queue size 2152 (GVT = 110.3284).
AVL tree size: 228
GVT #226: simulation 44% complete, max event queue size 2152 (GVT = 112.7888).
AVL tree size: 252
GVT #231: simulation 45% complete, max event queue size 2152 (GVT = 115.2610).
AVL tree size: 252
GVT #237: simulation 46% complete, max event queue size 2152 (GVT = 118.2414).
AVL tree size: 289
GVT #242: simulation 47% complete, max event queue size 2152 (GVT = 120.7193).
AVL tree size: 286
GVT #247: simulation 48% complete, max event queue size 2152 (GVT = 123.2273).
AVL tree size: 276
GVT #252: simulation 49% complete, max event queue size 2152 (GVT = 125.7520).
AVL tree size: 276
GVT #257: simulation 50% complete, max event queue size 2152 (GVT = 128.2325).
AVL tree size: 269
GVT #262: simulation 51% complete, max event queue size 2152 (GVT = 130.6483).
AVL tree size: 293
GVT #267: simulation 52% complete, max event queue size 2152 (GVT = 133.1558).
AVL tree size: 254
GVT #273: simulation 53% complete, max event queue size 2152 (GVT = 136.1180).
AVL tree size: 314
GVT #278: simulation 54% complete, max event queue size 2152 (GVT = 138.6019).
AVL tree size: 265
GVT #283: simulation 55% complete, max event queue size 2152 (GVT = 141.0636).
AVL tree size: 250
GVT #288: simulation 56% complete, max event queue size 2152 (GVT = 143.5331).
AVL tree size: 279
GVT #293: simulation 57% complete, max event queue size 2152 (GVT = 146.0290).
AVL tree size: 295
GVT #299: simulation 58% complete, max event queue size 2152 (GVT = 148.9796).
AVL tree size: 292
GVT #304: simulation 59% complete, max event queue size 2152 (GVT = 151.4838).
AVL tree size: 283
GVT #309: simulation 60% complete, max event queue size 2152 (GVT = 153.9371).
AVL tree size: 299
GVT #314: simulation 61% complete, max event queue size 2152 (GVT = 156.3945).
AVL tree size: 321
GVT #319: simulation 62% complete, max event queue size 2152 (GVT = 158.8812).
AVL tree size: 330
GVT #324: simulation 63% complete, max event queue size 2152 (GVT = 161.3997).
AVL tree size: 290
GVT #329: simulation 64% complete, max event queue size 2152 (GVT = 163.8650).
AVL tree size: 299
GVT #335: simulation 65% complete, max event queue size 2152 (GVT = 166.7815).
AVL tree size: 285
GVT #340: simulation 66% complete, max event queue size 2152 (GVT = 169.2398).
AVL tree size: 262
GVT #345: simulation 67% complete, max event queue size 2152 (GVT = 171.6975).
AVL tree size: 311
GVT #350: simulation 68% complete, max event queue size 2152 (GVT = 174.2440).
AVL tree size: 278
GVT #355: simulation 69% complete, max event queue size 2152 (GVT = 176.7534).
AVL tree size: 262
GVT #360: simulation 70% complete, max event queue size 2154 (GVT = 179.2755).
AVL tree size: 280
GVT #366: simulation 71% complete, max event queue size 2175 (GVT = 182.2339).
AVL tree size: 282
GVT #371: simulation 72% complete, max event queue size 2175 (GVT = 184.6905).
AVL tree size: 271
GVT #376: simulation 73% complete, max event queue size 2178 (GVT = 187.2010).
AVL tree size: 307
GVT #381: simulation 74% complete, max event queue size 2178 (GVT = 189.6664).
AVL tree size: 302
GVT #386: simulation 75% complete, max event queue size 2178 (GVT = 192.1368).
AVL tree size: 256
GVT #391: simulation 76% complete, max event queue size 2178 (GVT = 194.6191).
AVL tree size: 266
GVT #397: simulation 77% complete, max event queue size 2178 (GVT = 197.5969).
AVL tree size: 283
GVT #402: simulation 78% complete, max event queue size 2178 (GVT = 200.0687).
AVL tree size: 260
GVT #407: simulation 79% complete, max event queue size 2178 (GVT = 202.5290).
AVL tree size: 280
GVT #412: simulation 80% complete, max event queue size 2178 (GVT = 205.0350).
AVL tree size: 273
GVT #417: simulation 81% complete, max event queue size 2178 (GVT = 207.5213).
AVL tree size: 271
GVT #422: simulation 82% complete, max event queue size 2178 (GVT = 210.0373).
AVL tree size: 281
GVT #427: simulation 83% complete, max event queue size 2178 (GVT = 212.5198).
AVL tree size: 244
GVT #433: simulation 84% complete, max event queue size 2178 (GVT = 215.5247).
AVL tree size: 278
GVT #438: simulation 85% complete, max event queue size 2178 (GVT = 217.9923).
AVL tree size: 293
GVT #443: simulation 86% complete, max event queue size 2178 (GVT = 220.4698).
AVL tree size: 306
GVT #448: simulation 87% complete, max event queue size 2178 (GVT = 222.9278).
AVL tree size: 280
GVT #453: simulation 88% complete, max event queue size 2178 (GVT = 225.4159).
AVL tree size: 304
GVT #458: simulation 89% complete, max event queue size 2178 (GVT = 227.9162).
AVL tree size: 274
GVT #463: simulation 90% complete, max event queue size 2178 (GVT = 230.4047).
AVL tree size: 275
GVT #469: simulation 91% complete, max event queue size 2178 (GVT = 233.3735).
AVL tree size: 254
GVT #474: simulation 92% complete, max event queue size 2178 (GVT = 235.8507).
AVL tree size: 272
GVT #479: simulation 93% complete, max event queue size 2178 (GVT = 238.3830).
AVL tree size: 265
GVT #484: simulation 94% complete, max event queue size 2178 (GVT = 240.8299).
AVL tree size: 282
GVT #489: simulation 95% complete, max event queue size 2178 (GVT = 243.3325).
AVL tree size: 300
GVT #494: simulation 96% complete, max event queue size 2178 (GVT = 245.8302).
AVL tree size: 278
GVT #499: simulation 97% complete, max event queue size 2178 (GVT = 248.3417).
AVL tree size: 290
GVT #505: simulation 98% complete, max event queue size 2178 (GVT = 251.3597).
AVL tree size: 288
GVT #510: simulation 99% complete, max event queue size 2178 (GVT = 253.8532).
AVL tree size: 258
GVT #517: simulation 100% complete, max event queue size 2178 (GVT = MAX).
AVL tree size: 16
*** END SIMULATION ***


	: Running Time = 9.7167 seconds

TW Library Statistics:
	Total Events Processed                               539056268
	Events Aborted (part of RBs)                                 0
	Events Rolled Back                                     3242711
	Event Ties Detected in PE Queues                             0
	Efficiency                                               99.39 %
	Total Remote (shared mem) Events Processed                   0
	Percent Remote Events                                     0.00 %
	Total Remote (network) Events Processed               33958769
	Percent Remote Events                                     6.34 %

	Total Roll Backs                                       1084197
	Primary Roll Backs                                     1057562
	Secondary Roll Backs                                     26635
	Fossil Collect Attempts                                 530432
	Total GVT Computations                                     518

	Net Events Processed                                 535813557
	Event Rate (events/sec)                             55143459.6
	Total Events Scheduled Past End Time                   2114552

TW Memory Statistics:
	Events Allocated                                         68433
	Memory Allocated                                         57958
	Memory Wasted                                             1156

TW Network Statistics:
	Remote sends                                          34747395
	Remote recvs                                          34747395

TW Data Structure sizes in bytes (sizeof):
	PE struct                                                  608
	KP struct                                                  144
	LP struct                                                  128
	LP Model struct                                             36
	LP RNGs                                                     80
	Total LP                                                   244
	Event struct                                               152
	Event struct with Model                                    156

TW Clock Cycle Statistics (MAX values in secs at 1.0000 GHz):
	Priority Queue (enq/deq)                                0.2658
	AVL Tree (insert/delete)                                0.2838
	LZ4 (de)compression                                     0.0000
	Buddy system                                            0.0000
	Event Processing                                        7.9780
	Event Cancel                                            0.0128
	Event Abort                                             0.0000

	GVT                                                     2.0145
	Fossil Collect                                          1.6626
	Primary Rollbacks                                       0.1013
	Network Read                                            3.3792
	Statistics Computation                                  0.0000
	Statistics Write                                        0.0000
	Total Time (Note: Using Running Time above for Speedup)     15.5467

TW GVT Statistics: MPI AllReduce
	GVT Interval                                               256
	GVT Real Time Interval (cycles)                    0
	GVT Real Time Interval (sec)                        0.00000000
	Batch Size                                                   4

	Forced GVT                                                   0
	Total GVT Computations                                     518
	Total All Reduce Calls                                    1561
	Average Reduction / GVT                                   3.01
Total Grass Amount ................................5242258
Total Predator Amount .............................5916706
Total Prey Amount .................................6261433
Average Predator per cell..........................5.642611
Average Prey per cell .............................5.971368
Average Predator In-cell Movement .................18.542538
Average Predator Out-cell Movement ................17.749333
Average Prey In-cell Movement .....................236.452817
Average Prey Out-cell Movement ....................238.246940
