/gpfs/u/scratch/PCP7/PCP7thrn/final/ross-build/models/pred-prey/./pp --synch=3 --end=256.0 --batch=4 --gvt-interval=256 

Mon Apr 30 19:15:11 2018

ROSS Revision: GITDIR-NOTFOUND

tw_net_start: Found world size to be 1024 
Running simulation with following configuration: 
    Buffers Allocated Per PE = 18432




/**********************************************/
NUM CELLS X      = 1024
NUM CELLS Y      = 1024
CELL_TICK        = 1.000000
NUM KPs per PE   = 64 
NUM LPs per PE   = 1024 
g_vp_per_proc    = 64 
/**********************************************/



ROSS Core Configuration: 
	Total Nodes                                               1024
	Total Processors                                   [Nodes (1024) x PE_per_Node (1)] 1024
	Total KPs                                          [Nodes (1024) x KPs (64)] 65536
	Total LPs                                              1048576
	Simulation End Time                                     256.00
	LP-to-PE Mapping                                   model defined


ROSS Event Memory Allocation:
	Model events                                             18433
	Network events                                           50000
	Total events                                             68432

*** START PARALLEL OPTIMISTIC SIMULATION WITH SUSPEND LP FEATURE ***

GVT #4: simulation 1% complete, max event queue size 2026 (GVT = 2.8017).
AVL tree size: 200
GVT #9: simulation 2% complete, max event queue size 2056 (GVT = 5.2646).
AVL tree size: 193
GVT #14: simulation 3% complete, max event queue size 2086 (GVT = 7.7349).
AVL tree size: 235
GVT #20: simulation 4% complete, max event queue size 2108 (GVT = 10.6764).
AVL tree size: 216
GVT #25: simulation 5% complete, max event queue size 2110 (GVT = 13.1597).
AVL tree size: 235
GVT #30: simulation 6% complete, max event queue size 2110 (GVT = 15.6237).
AVL tree size: 192
GVT #35: simulation 7% complete, max event queue size 2110 (GVT = 18.0814).
AVL tree size: 213
GVT #40: simulation 8% complete, max event queue size 2110 (GVT = 20.5611).
AVL tree size: 224
GVT #46: simulation 9% complete, max event queue size 2122 (GVT = 23.5435).
AVL tree size: 246
GVT #51: simulation 10% complete, max event queue size 2122 (GVT = 26.0066).
AVL tree size: 249
GVT #56: simulation 11% complete, max event queue size 2122 (GVT = 28.4992).
AVL tree size: 229
GVT #61: simulation 12% complete, max event queue size 2122 (GVT = 30.9393).
AVL tree size: 225
GVT #66: simulation 13% complete, max event queue size 2122 (GVT = 33.3950).
AVL tree size: 226
GVT #72: simulation 14% complete, max event queue size 2122 (GVT = 36.3015).
AVL tree size: 249
GVT #77: simulation 15% complete, max event queue size 2122 (GVT = 38.8133).
AVL tree size: 240
GVT #82: simulation 16% complete, max event queue size 2122 (GVT = 41.3442).
AVL tree size: 244
GVT #87: simulation 17% complete, max event queue size 2122 (GVT = 43.8592).
AVL tree size: 269
GVT #92: simulation 18% complete, max event queue size 2122 (GVT = 46.3246).
AVL tree size: 258
GVT #97: simulation 19% complete, max event queue size 2122 (GVT = 48.7952).
AVL tree size: 217
GVT #102: simulation 20% complete, max event queue size 2122 (GVT = 51.3162).
AVL tree size: 240
GVT #107: simulation 21% complete, max event queue size 2122 (GVT = 53.8253).
AVL tree size: 229
GVT #113: simulation 22% complete, max event queue size 2122 (GVT = 56.7726).
AVL tree size: 238
GVT #118: simulation 23% complete, max event queue size 2122 (GVT = 59.2866).
AVL tree size: 250
GVT #123: simulation 24% complete, max event queue size 2122 (GVT = 61.7226).
AVL tree size: 268
GVT #128: simulation 25% complete, max event queue size 2122 (GVT = 64.2095).
AVL tree size: 279
GVT #133: simulation 26% complete, max event queue size 2122 (GVT = 66.6588).
AVL tree size: 271
GVT #138: simulation 27% complete, max event queue size 2133 (GVT = 69.1390).
AVL tree size: 285
GVT #144: simulation 28% complete, max event queue size 2151 (GVT = 72.0770).
AVL tree size: 253
GVT #149: simulation 29% complete, max event queue size 2151 (GVT = 74.5752).
AVL tree size: 239
GVT #154: simulation 30% complete, max event queue size 2151 (GVT = 77.0633).
AVL tree size: 242
GVT #159: simulation 31% complete, max event queue size 2151 (GVT = 79.4808).
AVL tree size: 254
GVT #164: simulation 32% complete, max event queue size 2151 (GVT = 81.9655).
AVL tree size: 265
GVT #170: simulation 33% complete, max event queue size 2151 (GVT = 84.9919).
AVL tree size: 258
GVT #175: simulation 34% complete, max event queue size 2151 (GVT = 87.4318).
AVL tree size: 239
GVT #180: simulation 35% complete, max event queue size 2151 (GVT = 89.8992).
AVL tree size: 267
GVT #185: simulation 36% complete, max event queue size 2151 (GVT = 92.4268).
AVL tree size: 252
GVT #190: simulation 37% complete, max event queue size 2151 (GVT = 94.9260).
AVL tree size: 280
GVT #195: simulation 38% complete, max event queue size 2151 (GVT = 97.4102).
AVL tree size: 249
GVT #200: simulation 39% complete, max event queue size 2151 (GVT = 99.8416).
AVL tree size: 276
GVT #206: simulation 40% complete, max event queue size 2151 (GVT = 102.8773).
AVL tree size: 256
GVT #211: simulation 41% complete, max event queue size 2151 (GVT = 105.3538).
AVL tree size: 222
GVT #216: simulation 42% complete, max event queue size 2151 (GVT = 107.8854).
AVL tree size: 210
GVT #221: simulation 43% complete, max event queue size 2151 (GVT = 110.3715).
AVL tree size: 207
GVT #226: simulation 44% complete, max event queue size 2151 (GVT = 112.8440).
AVL tree size: 241
GVT #231: simulation 45% complete, max event queue size 2151 (GVT = 115.2991).
AVL tree size: 243
GVT #237: simulation 46% complete, max event queue size 2151 (GVT = 118.2561).
AVL tree size: 276
GVT #242: simulation 47% complete, max event queue size 2151 (GVT = 120.7407).
AVL tree size: 276
GVT #247: simulation 48% complete, max event queue size 2151 (GVT = 123.2283).
AVL tree size: 268
GVT #252: simulation 49% complete, max event queue size 2151 (GVT = 125.7581).
AVL tree size: 254
GVT #257: simulation 50% complete, max event queue size 2151 (GVT = 128.1830).
AVL tree size: 267
GVT #262: simulation 51% complete, max event queue size 2151 (GVT = 130.6214).
AVL tree size: 274
GVT #268: simulation 52% complete, max event queue size 2151 (GVT = 133.5968).
AVL tree size: 283
GVT #273: simulation 53% complete, max event queue size 2160 (GVT = 136.0901).
AVL tree size: 315
GVT #278: simulation 54% complete, max event queue size 2160 (GVT = 138.5891).
AVL tree size: 296
GVT #283: simulation 55% complete, max event queue size 2160 (GVT = 141.0941).
AVL tree size: 274
GVT #288: simulation 56% complete, max event queue size 2160 (GVT = 143.5574).
AVL tree size: 283
GVT #293: simulation 57% complete, max event queue size 2160 (GVT = 146.0250).
AVL tree size: 293
GVT #299: simulation 58% complete, max event queue size 2160 (GVT = 148.9742).
AVL tree size: 272
GVT #304: simulation 59% complete, max event queue size 2160 (GVT = 151.4354).
AVL tree size: 270
GVT #309: simulation 60% complete, max event queue size 2160 (GVT = 153.8723).
AVL tree size: 323
GVT #314: simulation 61% complete, max event queue size 2160 (GVT = 156.3675).
AVL tree size: 324
GVT #319: simulation 62% complete, max event queue size 2160 (GVT = 158.9162).
AVL tree size: 320
GVT #324: simulation 63% complete, max event queue size 2160 (GVT = 161.3759).
AVL tree size: 293
GVT #329: simulation 64% complete, max event queue size 2160 (GVT = 163.8414).
AVL tree size: 293
GVT #335: simulation 65% complete, max event queue size 2160 (GVT = 166.7436).
AVL tree size: 302
GVT #340: simulation 66% complete, max event queue size 2160 (GVT = 169.3290).
AVL tree size: 260
GVT #345: simulation 67% complete, max event queue size 2160 (GVT = 171.8602).
AVL tree size: 272
GVT #350: simulation 68% complete, max event queue size 2160 (GVT = 174.3176).
AVL tree size: 275
GVT #355: simulation 69% complete, max event queue size 2160 (GVT = 176.8307).
AVL tree size: 252
GVT #360: simulation 70% complete, max event queue size 2160 (GVT = 179.3330).
AVL tree size: 268
GVT #365: simulation 71% complete, max event queue size 2160 (GVT = 181.7774).
AVL tree size: 263
GVT #371: simulation 72% complete, max event queue size 2160 (GVT = 184.7063).
AVL tree size: 269
GVT #376: simulation 73% complete, max event queue size 2160 (GVT = 187.1983).
AVL tree size: 280
GVT #381: simulation 74% complete, max event queue size 2161 (GVT = 189.7470).
AVL tree size: 309
GVT #386: simulation 75% complete, max event queue size 2161 (GVT = 192.2336).
AVL tree size: 257
GVT #391: simulation 76% complete, max event queue size 2161 (GVT = 194.7069).
AVL tree size: 263
GVT #396: simulation 77% complete, max event queue size 2161 (GVT = 197.1754).
AVL tree size: 270
GVT #402: simulation 78% complete, max event queue size 2161 (GVT = 200.0976).
AVL tree size: 260
GVT #407: simulation 79% complete, max event queue size 2161 (GVT = 202.6013).
AVL tree size: 280
GVT #412: simulation 80% complete, max event queue size 2161 (GVT = 205.1567).
AVL tree size: 265
GVT #417: simulation 81% complete, max event queue size 2161 (GVT = 207.5666).
AVL tree size: 212
GVT #422: simulation 82% complete, max event queue size 2161 (GVT = 210.0874).
AVL tree size: 289
GVT #427: simulation 83% complete, max event queue size 2161 (GVT = 212.6198).
AVL tree size: 251
GVT #432: simulation 84% complete, max event queue size 2161 (GVT = 215.1178).
AVL tree size: 246
GVT #438: simulation 85% complete, max event queue size 2161 (GVT = 218.1028).
AVL tree size: 271
GVT #443: simulation 86% complete, max event queue size 2161 (GVT = 220.5424).
AVL tree size: 284
GVT #448: simulation 87% complete, max event queue size 2161 (GVT = 223.0495).
AVL tree size: 243
GVT #453: simulation 88% complete, max event queue size 2161 (GVT = 225.5124).
AVL tree size: 271
GVT #458: simulation 89% complete, max event queue size 2161 (GVT = 228.0363).
AVL tree size: 241
GVT #463: simulation 90% complete, max event queue size 2161 (GVT = 230.5170).
AVL tree size: 275
GVT #469: simulation 91% complete, max event queue size 2161 (GVT = 233.4632).
AVL tree size: 260
GVT #474: simulation 92% complete, max event queue size 2161 (GVT = 235.9714).
AVL tree size: 238
GVT #479: simulation 93% complete, max event queue size 2161 (GVT = 238.4330).
AVL tree size: 252
GVT #484: simulation 94% complete, max event queue size 2161 (GVT = 240.9150).
AVL tree size: 239
GVT #489: simulation 95% complete, max event queue size 2161 (GVT = 243.3969).
AVL tree size: 238
GVT #494: simulation 96% complete, max event queue size 2161 (GVT = 245.8523).
AVL tree size: 230
GVT #499: simulation 97% complete, max event queue size 2161 (GVT = 248.3422).
AVL tree size: 276
GVT #505: simulation 98% complete, max event queue size 2161 (GVT = 251.3200).
AVL tree size: 261
GVT #510: simulation 99% complete, max event queue size 2161 (GVT = 253.8517).
AVL tree size: 207
GVT #518: simulation 100% complete, max event queue size 2161 (GVT = MAX).
AVL tree size: 13
*** END SIMULATION ***


	: Running Time = 9.7076 seconds

TW Library Statistics:
	Total Events Processed                               539040958
	Events Aborted (part of RBs)                                 0
	Events Rolled Back                                     3241193
	Event Ties Detected in PE Queues                             0
	Efficiency                                               99.40 %
	Total Remote (shared mem) Events Processed                   0
	Percent Remote Events                                     0.00 %
	Total Remote (network) Events Processed               33951981
	Percent Remote Events                                     6.34 %

	Total Roll Backs                                       1083808
	Primary Roll Backs                                     1057379
	Secondary Roll Backs                                     26429
	Fossil Collect Attempts                                 531456
	Total GVT Computations                                     519

	Net Events Processed                                 535799765
	Event Rate (events/sec)                             55193713.7
	Total Events Scheduled Past End Time                   2113529

TW Memory Statistics:
	Events Allocated                                         68433
	Memory Allocated                                         57958
	Memory Wasted                                             1156

TW Network Statistics:
	Remote sends                                          34739419
	Remote recvs                                          34739419

TW Data Structure sizes in bytes (sizeof):
	PE struct                                                  608
	KP struct                                                  144
	LP struct                                                  128
	LP Model struct                                             36
	LP RNGs                                                     80
	Total LP                                                   244
	Event struct                                               152
	Event struct with Model                                    156

TW Clock Cycle Statistics (MAX values in secs at 1.0000 GHz):
	Priority Queue (enq/deq)                                0.2657
	AVL Tree (insert/delete)                                0.2826
	LZ4 (de)compression                                     0.0000
	Buddy system                                            0.0000
	Event Processing                                        7.9681
	Event Cancel                                            0.0132
	Event Abort                                             0.0000

	GVT                                                     1.9812
	Fossil Collect                                          1.6612
	Primary Rollbacks                                       0.0956
	Network Read                                            3.3776
	Statistics Computation                                  0.0000
	Statistics Write                                        0.0000
	Total Time (Note: Using Running Time above for Speedup)     15.5322

TW GVT Statistics: MPI AllReduce
	GVT Interval                                               256
	GVT Real Time Interval (cycles)                    0
	GVT Real Time Interval (sec)                        0.00000000
	Batch Size                                                   4

	Forced GVT                                                   0
	Total GVT Computations                                     519
	Total All Reduce Calls                                    1575
	Average Reduction / GVT                                   3.03
Total Grass Amount ................................5242258
Total Predator Amount .............................5933434
Total Prey Amount .................................6262165
Average Predator per cell..........................5.658564
Average Prey per cell .............................5.972066
Average Predator In-cell Movement .................20.672608
Average Predator Out-cell Movement ................19.879543
Average Prey In-cell Movement .....................234.316417
Average Prey Out-cell Movement ....................236.109906
