/gpfs/u/scratch/PCP7/PCP7thrn/final/ross-build/models/pred-prey/./pp --synch=3 --end=128.0 --batch=4 --gvt-interval=256 

Sat Apr 28 16:37:16 2018

ROSS Revision: GITDIR-NOTFOUND

tw_net_start: Found world size to be 4096 
Running simulation with following configuration: 
    Buffers Allocated Per PE = 6144




/**********************************************/
NUM CELLS X      = 1024
NUM CELLS Y      = 1024
CELL_TICK        = 1.000000
NUM KPs per PE   = 16 
NUM LPs per PE   = 256 
g_vp_per_proc    = 16 
/**********************************************/



ROSS Core Configuration: 
	Total Nodes                                               4096
	Total Processors                                   [Nodes (4096) x PE_per_Node (1)] 4096
	Total KPs                                          [Nodes (4096) x KPs (16)] 65536
	Total LPs                                              1048576
	Simulation End Time                                     128.00
	LP-to-PE Mapping                                   model defined


ROSS Event Memory Allocation:
	Model events                                              6145
	Network events                                           50000
	Total events                                             56144

*** START PARALLEL OPTIMISTIC SIMULATION WITH SUSPEND LP FEATURE ***

GVT #2: simulation 4% complete, max event queue size 525 (GVT = 5.9507).
AVL tree size: 118
GVT #3: simulation 6% complete, max event queue size 541 (GVT = 7.8658).
AVL tree size: 120
GVT #4: simulation 7% complete, max event queue size 544 (GVT = 9.8028).
AVL tree size: 105
GVT #5: simulation 9% complete, max event queue size 544 (GVT = 11.7471).
AVL tree size: 126
GVT #6: simulation 10% complete, max event queue size 544 (GVT = 13.7238).
AVL tree size: 122
GVT #7: simulation 12% complete, max event queue size 544 (GVT = 15.6291).
AVL tree size: 129
GVT #8: simulation 13% complete, max event queue size 544 (GVT = 17.5441).
AVL tree size: 109
GVT #9: simulation 15% complete, max event queue size 544 (GVT = 19.4492).
AVL tree size: 95
GVT #10: simulation 16% complete, max event queue size 544 (GVT = 21.4152).
AVL tree size: 112
GVT #11: simulation 18% complete, max event queue size 544 (GVT = 23.3936).
AVL tree size: 130
GVT #12: simulation 19% complete, max event queue size 551 (GVT = 25.3757).
AVL tree size: 142
GVT #13: simulation 21% complete, max event queue size 551 (GVT = 27.3676).
AVL tree size: 119
GVT #14: simulation 22% complete, max event queue size 551 (GVT = 29.3533).
AVL tree size: 114
GVT #15: simulation 24% complete, max event queue size 551 (GVT = 31.3298).
AVL tree size: 120
GVT #16: simulation 26% complete, max event queue size 551 (GVT = 33.3156).
AVL tree size: 146
GVT #17: simulation 27% complete, max event queue size 551 (GVT = 35.2425).
AVL tree size: 134
GVT #18: simulation 29% complete, max event queue size 551 (GVT = 37.1679).
AVL tree size: 113
GVT #19: simulation 30% complete, max event queue size 551 (GVT = 39.0479).
AVL tree size: 119
GVT #20: simulation 32% complete, max event queue size 551 (GVT = 40.9658).
AVL tree size: 124
GVT #21: simulation 33% complete, max event queue size 551 (GVT = 42.9453).
AVL tree size: 135
GVT #22: simulation 35% complete, max event queue size 551 (GVT = 44.8455).
AVL tree size: 138
GVT #23: simulation 36% complete, max event queue size 551 (GVT = 46.8106).
AVL tree size: 131
GVT #24: simulation 38% complete, max event queue size 551 (GVT = 48.6736).
AVL tree size: 126
GVT #25: simulation 39% complete, max event queue size 551 (GVT = 50.4691).
AVL tree size: 142
GVT #26: simulation 40% complete, max event queue size 551 (GVT = 52.4775).
AVL tree size: 146
GVT #27: simulation 42% complete, max event queue size 551 (GVT = 54.5433).
AVL tree size: 134
GVT #28: simulation 44% complete, max event queue size 551 (GVT = 56.4865).
AVL tree size: 152
GVT #29: simulation 45% complete, max event queue size 551 (GVT = 58.4363).
AVL tree size: 165
GVT #30: simulation 47% complete, max event queue size 551 (GVT = 60.2816).
AVL tree size: 149
GVT #31: simulation 48% complete, max event queue size 551 (GVT = 62.4138).
AVL tree size: 139
GVT #32: simulation 50% complete, max event queue size 551 (GVT = 64.2759).
AVL tree size: 130
GVT #33: simulation 51% complete, max event queue size 551 (GVT = 66.2690).
AVL tree size: 148
GVT #34: simulation 53% complete, max event queue size 551 (GVT = 68.2829).
AVL tree size: 156
GVT #35: simulation 54% complete, max event queue size 551 (GVT = 70.2383).
AVL tree size: 150
GVT #36: simulation 56% complete, max event queue size 551 (GVT = 72.1654).
AVL tree size: 164
GVT #37: simulation 57% complete, max event queue size 551 (GVT = 74.2147).
AVL tree size: 153
GVT #38: simulation 59% complete, max event queue size 551 (GVT = 76.1038).
AVL tree size: 142
GVT #39: simulation 60% complete, max event queue size 562 (GVT = 78.0766).
AVL tree size: 133
GVT #40: simulation 62% complete, max event queue size 562 (GVT = 80.0654).
AVL tree size: 137
GVT #41: simulation 64% complete, max event queue size 562 (GVT = 81.9768).
AVL tree size: 136
GVT #42: simulation 65% complete, max event queue size 562 (GVT = 83.8635).
AVL tree size: 137
GVT #43: simulation 67% complete, max event queue size 562 (GVT = 85.8106).
AVL tree size: 138
GVT #44: simulation 68% complete, max event queue size 562 (GVT = 87.8100).
AVL tree size: 133
GVT #45: simulation 70% complete, max event queue size 562 (GVT = 89.8303).
AVL tree size: 167
GVT #46: simulation 71% complete, max event queue size 562 (GVT = 91.7888).
AVL tree size: 162
GVT #47: simulation 73% complete, max event queue size 562 (GVT = 93.7536).
AVL tree size: 161
GVT #48: simulation 74% complete, max event queue size 562 (GVT = 95.6860).
AVL tree size: 136
GVT #49: simulation 76% complete, max event queue size 562 (GVT = 97.6521).
AVL tree size: 148
GVT #50: simulation 77% complete, max event queue size 562 (GVT = 99.6088).
AVL tree size: 147
GVT #51: simulation 79% complete, max event queue size 565 (GVT = 101.6754).
AVL tree size: 142
GVT #52: simulation 80% complete, max event queue size 565 (GVT = 103.6052).
AVL tree size: 140
GVT #53: simulation 82% complete, max event queue size 565 (GVT = 105.5712).
AVL tree size: 142
GVT #54: simulation 84% complete, max event queue size 565 (GVT = 107.5854).
AVL tree size: 133
GVT #55: simulation 85% complete, max event queue size 565 (GVT = 109.5034).
AVL tree size: 120
GVT #56: simulation 86% complete, max event queue size 565 (GVT = 111.3502).
AVL tree size: 124
GVT #57: simulation 88% complete, max event queue size 565 (GVT = 113.2606).
AVL tree size: 141
GVT #58: simulation 90% complete, max event queue size 565 (GVT = 115.2598).
AVL tree size: 130
GVT #59: simulation 91% complete, max event queue size 565 (GVT = 117.1861).
AVL tree size: 126
GVT #60: simulation 93% complete, max event queue size 565 (GVT = 119.0931).
AVL tree size: 149
GVT #61: simulation 94% complete, max event queue size 565 (GVT = 121.0536).
AVL tree size: 152
GVT #62: simulation 95% complete, max event queue size 565 (GVT = 122.8333).
AVL tree size: 138
GVT #63: simulation 97% complete, max event queue size 565 (GVT = 124.7248).
AVL tree size: 133
GVT #64: simulation 98% complete, max event queue size 565 (GVT = 126.5935).
AVL tree size: 120
GVT #65: simulation 99% complete, max event queue size 565 (GVT = 127.0544).
AVL tree size: 54
GVT #66: simulation 99% complete, max event queue size 565 (GVT = 127.2440).
AVL tree size: 42
GVT #67: simulation 99% complete, max event queue size 565 (GVT = 127.4668).
AVL tree size: 33
GVT #68: simulation 99% complete, max event queue size 565 (GVT = 127.6377).
AVL tree size: 26
GVT #69: simulation 99% complete, max event queue size 565 (GVT = 127.6377).
AVL tree size: 19
GVT #70: simulation 100% complete, max event queue size 565 (GVT = MAX).
AVL tree size: 19
*** END SIMULATION ***


	: Running Time = 1.0199 seconds

TW Library Statistics:
	Total Events Processed                               271981296
	Events Aborted (part of RBs)                                 0
	Events Rolled Back                                     4600657
	Event Ties Detected in PE Queues                             0
	Efficiency                                               98.28 %
	Total Remote (shared mem) Events Processed                   0
	Percent Remote Events                                     0.00 %
	Total Remote (network) Events Processed               17715493
	Percent Remote Events                                     6.63 %

	Total Roll Backs                                       1063742
	Primary Roll Backs                                     1002100
	Secondary Roll Backs                                     61642
	Fossil Collect Attempts                                 290816
	Total GVT Computations                                      71

	Net Events Processed                                 267380639
	Event Rate (events/sec)                            262173351.9
	Total Events Scheduled Past End Time                   2156482

TW Memory Statistics:
	Events Allocated                                         56145
	Memory Allocated                                         31785
	Memory Wasted                                              834

TW Network Statistics:
	Remote sends                                          18797453
	Remote recvs                                          18797453

TW Data Structure sizes in bytes (sizeof):
	PE struct                                                  608
	KP struct                                                  144
	LP struct                                                  128
	LP Model struct                                             36
	LP RNGs                                                     80
	Total LP                                                   244
	Event struct                                               152
	Event struct with Model                                    156

TW Clock Cycle Statistics (MAX values in secs at 1.0000 GHz):
	Priority Queue (enq/deq)                                0.0196
	AVL Tree (insert/delete)                                0.0280
	LZ4 (de)compression                                     0.0000
	Buddy system                                            0.0000
	Event Processing                                        0.8003
	Event Cancel                                            0.0019
	Event Abort                                             0.0000

	GVT                                                     0.3110
	Fossil Collect                                          0.0914
	Primary Rollbacks                                       0.0319
	Network Read                                            0.4259
	Statistics Computation                                  0.0000
	Statistics Write                                        0.0000
	Total Time (Note: Using Running Time above for Speedup)      1.6318

TW GVT Statistics: MPI AllReduce
	GVT Interval                                               256
	GVT Real Time Interval (cycles)                    0
	GVT Real Time Interval (sec)                        0.00000000
	Batch Size                                                   4

	Forced GVT                                                   0
	Total GVT Computations                                      71
	Total All Reduce Calls                                     213
	Average Reduction / GVT                                   3.00
Total Grass Amount ................................1324756
Total Predator Amount .............................88366
Total Prey Amount .................................262397
Average Predator per cell..........................0.084272
Average Prey per cell .............................0.250241
Average Predator In-cell Movement .................0.000145
Average Predator Out-cell Movement ................0.000134
Average Prey In-cell Movement .....................0.030821
Average Prey Out-cell Movement ....................0.031145
