/gpfs/u/scratch/PCP7/PCP7thrn/final/ross-build/models/pred-prey/./pp --synch=3 --end=128.0 --batch=4 --gvt-interval=256 

Sat Apr 28 15:21:52 2018

ROSS Revision: GITDIR-NOTFOUND

tw_net_start: Found world size to be 1024 
Running simulation with following configuration: 
    Buffers Allocated Per PE = 18432




/**********************************************/
NUM CELLS X      = 1024
NUM CELLS Y      = 1024
CELL_TICK        = 1.000000
NUM KPs per PE   = 64 
NUM LPs per PE   = 1024 
g_vp_per_proc    = 64 
/**********************************************/



ROSS Core Configuration: 
	Total Nodes                                               1024
	Total Processors                                   [Nodes (1024) x PE_per_Node (1)] 1024
	Total KPs                                          [Nodes (1024) x KPs (64)] 65536
	Total LPs                                              1048576
	Simulation End Time                                     128.00
	LP-to-PE Mapping                                   model defined


ROSS Event Memory Allocation:
	Model events                                             18433
	Network events                                           50000
	Total events                                             68432

*** START PARALLEL OPTIMISTIC SIMULATION WITH SUSPEND LP FEATURE ***

GVT #2: simulation 1% complete, max event queue size 1855 (GVT = 1.7934).
AVL tree size: 156
GVT #4: simulation 2% complete, max event queue size 2025 (GVT = 2.8017).
AVL tree size: 200
GVT #7: simulation 3% complete, max event queue size 2049 (GVT = 4.2865).
AVL tree size: 206
GVT #9: simulation 4% complete, max event queue size 2055 (GVT = 5.2646).
AVL tree size: 194
GVT #12: simulation 5% complete, max event queue size 2082 (GVT = 6.7371).
AVL tree size: 217
GVT #14: simulation 6% complete, max event queue size 2082 (GVT = 7.7349).
AVL tree size: 235
GVT #17: simulation 7% complete, max event queue size 2111 (GVT = 9.1902).
AVL tree size: 232
GVT #20: simulation 8% complete, max event queue size 2111 (GVT = 10.6765).
AVL tree size: 217
GVT #22: simulation 9% complete, max event queue size 2114 (GVT = 11.6491).
AVL tree size: 235
GVT #25: simulation 10% complete, max event queue size 2114 (GVT = 13.1609).
AVL tree size: 234
GVT #27: simulation 11% complete, max event queue size 2114 (GVT = 14.1549).
AVL tree size: 236
GVT #30: simulation 12% complete, max event queue size 2114 (GVT = 15.6285).
AVL tree size: 190
GVT #33: simulation 13% complete, max event queue size 2114 (GVT = 17.1103).
AVL tree size: 218
GVT #35: simulation 14% complete, max event queue size 2114 (GVT = 18.0877).
AVL tree size: 213
GVT #38: simulation 15% complete, max event queue size 2114 (GVT = 19.5895).
AVL tree size: 217
GVT #40: simulation 16% complete, max event queue size 2114 (GVT = 20.5709).
AVL tree size: 221
GVT #43: simulation 17% complete, max event queue size 2120 (GVT = 22.0512).
AVL tree size: 203
GVT #46: simulation 18% complete, max event queue size 2120 (GVT = 23.5503).
AVL tree size: 242
GVT #48: simulation 19% complete, max event queue size 2120 (GVT = 24.5255).
AVL tree size: 244
GVT #51: simulation 20% complete, max event queue size 2120 (GVT = 26.0072).
AVL tree size: 246
GVT #53: simulation 21% complete, max event queue size 2120 (GVT = 27.0166).
AVL tree size: 249
GVT #56: simulation 22% complete, max event queue size 2120 (GVT = 28.5004).
AVL tree size: 229
GVT #58: simulation 23% complete, max event queue size 2120 (GVT = 29.4525).
AVL tree size: 241
GVT #61: simulation 24% complete, max event queue size 2120 (GVT = 30.9367).
AVL tree size: 223
GVT #64: simulation 25% complete, max event queue size 2120 (GVT = 32.4235).
AVL tree size: 220
GVT #66: simulation 26% complete, max event queue size 2120 (GVT = 33.3989).
AVL tree size: 230
GVT #69: simulation 27% complete, max event queue size 2120 (GVT = 34.8733).
AVL tree size: 264
GVT #72: simulation 28% complete, max event queue size 2120 (GVT = 36.3016).
AVL tree size: 251
GVT #74: simulation 29% complete, max event queue size 2120 (GVT = 37.2995).
AVL tree size: 257
GVT #77: simulation 30% complete, max event queue size 2120 (GVT = 38.8144).
AVL tree size: 245
GVT #79: simulation 31% complete, max event queue size 2120 (GVT = 39.8093).
AVL tree size: 254
GVT #82: simulation 32% complete, max event queue size 2136 (GVT = 41.3064).
AVL tree size: 247
GVT #84: simulation 33% complete, max event queue size 2136 (GVT = 42.3329).
AVL tree size: 236
GVT #87: simulation 34% complete, max event queue size 2136 (GVT = 43.8289).
AVL tree size: 262
GVT #89: simulation 35% complete, max event queue size 2136 (GVT = 44.8303).
AVL tree size: 245
GVT #92: simulation 36% complete, max event queue size 2136 (GVT = 46.3160).
AVL tree size: 264
GVT #95: simulation 37% complete, max event queue size 2138 (GVT = 47.7934).
AVL tree size: 255
GVT #97: simulation 38% complete, max event queue size 2138 (GVT = 48.7956).
AVL tree size: 232
GVT #100: simulation 39% complete, max event queue size 2138 (GVT = 50.3153).
AVL tree size: 235
GVT #102: simulation 40% complete, max event queue size 2138 (GVT = 51.3084).
AVL tree size: 224
GVT #105: simulation 41% complete, max event queue size 2138 (GVT = 52.7895).
AVL tree size: 239
GVT #107: simulation 42% complete, max event queue size 2138 (GVT = 53.8092).
AVL tree size: 218
GVT #110: simulation 43% complete, max event queue size 2138 (GVT = 55.2636).
AVL tree size: 211
GVT #113: simulation 44% complete, max event queue size 2138 (GVT = 56.7629).
AVL tree size: 222
GVT #115: simulation 45% complete, max event queue size 2138 (GVT = 57.7313).
AVL tree size: 236
GVT #118: simulation 46% complete, max event queue size 2138 (GVT = 59.2442).
AVL tree size: 249
GVT #120: simulation 47% complete, max event queue size 2138 (GVT = 60.2535).
AVL tree size: 242
GVT #123: simulation 48% complete, max event queue size 2138 (GVT = 61.7136).
AVL tree size: 250
GVT #126: simulation 49% complete, max event queue size 2138 (GVT = 63.1625).
AVL tree size: 259
GVT #128: simulation 50% complete, max event queue size 2138 (GVT = 64.1693).
AVL tree size: 279
GVT #131: simulation 51% complete, max event queue size 2138 (GVT = 65.6329).
AVL tree size: 266
GVT #133: simulation 52% complete, max event queue size 2138 (GVT = 66.6100).
AVL tree size: 276
GVT #136: simulation 53% complete, max event queue size 2138 (GVT = 68.0925).
AVL tree size: 272
GVT #139: simulation 54% complete, max event queue size 2138 (GVT = 69.5950).
AVL tree size: 264
GVT #141: simulation 55% complete, max event queue size 2138 (GVT = 70.5801).
AVL tree size: 247
GVT #144: simulation 56% complete, max event queue size 2138 (GVT = 72.0348).
AVL tree size: 246
GVT #146: simulation 57% complete, max event queue size 2138 (GVT = 73.0211).
AVL tree size: 282
GVT #149: simulation 58% complete, max event queue size 2138 (GVT = 74.5277).
AVL tree size: 254
GVT #152: simulation 59% complete, max event queue size 2138 (GVT = 76.0219).
AVL tree size: 282
GVT #154: simulation 60% complete, max event queue size 2138 (GVT = 77.0195).
AVL tree size: 261
GVT #157: simulation 61% complete, max event queue size 2138 (GVT = 78.5081).
AVL tree size: 278
GVT #159: simulation 62% complete, max event queue size 2138 (GVT = 79.4748).
AVL tree size: 257
GVT #162: simulation 63% complete, max event queue size 2138 (GVT = 81.0053).
AVL tree size: 269
GVT #164: simulation 64% complete, max event queue size 2138 (GVT = 81.9824).
AVL tree size: 267
GVT #167: simulation 65% complete, max event queue size 2138 (GVT = 83.4398).
AVL tree size: 297
GVT #170: simulation 66% complete, max event queue size 2138 (GVT = 84.9690).
AVL tree size: 264
GVT #172: simulation 67% complete, max event queue size 2138 (GVT = 85.9732).
AVL tree size: 243
GVT #175: simulation 68% complete, max event queue size 2138 (GVT = 87.4100).
AVL tree size: 273
GVT #177: simulation 69% complete, max event queue size 2138 (GVT = 88.3854).
AVL tree size: 268
GVT #180: simulation 70% complete, max event queue size 2138 (GVT = 89.8675).
AVL tree size: 279
GVT #182: simulation 71% complete, max event queue size 2138 (GVT = 90.8800).
AVL tree size: 267
GVT #185: simulation 72% complete, max event queue size 2138 (GVT = 92.3703).
AVL tree size: 273
GVT #188: simulation 73% complete, max event queue size 2138 (GVT = 93.8993).
AVL tree size: 260
GVT #190: simulation 74% complete, max event queue size 2138 (GVT = 94.8624).
AVL tree size: 288
GVT #193: simulation 75% complete, max event queue size 2138 (GVT = 96.3466).
AVL tree size: 269
GVT #195: simulation 76% complete, max event queue size 2138 (GVT = 97.3631).
AVL tree size: 259
GVT #198: simulation 77% complete, max event queue size 2138 (GVT = 98.8621).
AVL tree size: 290
GVT #200: simulation 78% complete, max event queue size 2138 (GVT = 99.8616).
AVL tree size: 269
GVT #203: simulation 79% complete, max event queue size 2138 (GVT = 101.3469).
AVL tree size: 264
GVT #206: simulation 80% complete, max event queue size 2138 (GVT = 102.8237).
AVL tree size: 257
GVT #208: simulation 81% complete, max event queue size 2138 (GVT = 103.8091).
AVL tree size: 261
GVT #211: simulation 82% complete, max event queue size 2138 (GVT = 105.3285).
AVL tree size: 235
GVT #213: simulation 83% complete, max event queue size 2138 (GVT = 106.3498).
AVL tree size: 249
GVT #216: simulation 84% complete, max event queue size 2138 (GVT = 107.8517).
AVL tree size: 250
GVT #218: simulation 85% complete, max event queue size 2138 (GVT = 108.8313).
AVL tree size: 238
GVT #221: simulation 86% complete, max event queue size 2138 (GVT = 110.2921).
AVL tree size: 235
GVT #224: simulation 87% complete, max event queue size 2138 (GVT = 111.7649).
AVL tree size: 272
GVT #226: simulation 88% complete, max event queue size 2138 (GVT = 112.7623).
AVL tree size: 255
GVT #229: simulation 89% complete, max event queue size 2138 (GVT = 114.2249).
AVL tree size: 267
GVT #232: simulation 90% complete, max event queue size 2138 (GVT = 115.6802).
AVL tree size: 279
GVT #234: simulation 91% complete, max event queue size 2138 (GVT = 116.6662).
AVL tree size: 271
GVT #237: simulation 92% complete, max event queue size 2138 (GVT = 118.1745).
AVL tree size: 295
GVT #239: simulation 93% complete, max event queue size 2138 (GVT = 119.1581).
AVL tree size: 267
GVT #242: simulation 94% complete, max event queue size 2138 (GVT = 120.6320).
AVL tree size: 281
GVT #244: simulation 95% complete, max event queue size 2138 (GVT = 121.6399).
AVL tree size: 279
GVT #247: simulation 96% complete, max event queue size 2138 (GVT = 123.1148).
AVL tree size: 290
GVT #250: simulation 97% complete, max event queue size 2138 (GVT = 124.6391).
AVL tree size: 269
GVT #252: simulation 98% complete, max event queue size 2138 (GVT = 125.6570).
AVL tree size: 250
GVT #255: simulation 99% complete, max event queue size 2138 (GVT = 127.1434).
AVL tree size: 180
GVT #259: simulation 100% complete, max event queue size 2138 (GVT = MAX).
AVL tree size: 20
*** END SIMULATION ***


	: Running Time = 4.7791 seconds

TW Library Statistics:
	Total Events Processed                               268872178
	Events Aborted (part of RBs)                                 0
	Events Rolled Back                                     1502129
	Event Ties Detected in PE Queues                             0
	Efficiency                                               99.44 %
	Total Remote (shared mem) Events Processed                   0
	Percent Remote Events                                     0.00 %
	Total Remote (network) Events Processed               16907420
	Percent Remote Events                                     6.32 %

	Total Roll Backs                                        515691
	Primary Roll Backs                                      504190
	Secondary Roll Backs                                     11501
	Fossil Collect Attempts                                 266240
	Total GVT Computations                                     260

	Net Events Processed                                 267370049
	Event Rate (events/sec)                             55945877.7
	Total Events Scheduled Past End Time                   2112835

TW Memory Statistics:
	Events Allocated                                         68433
	Memory Allocated                                         57958
	Memory Wasted                                             1156

TW Network Statistics:
	Remote sends                                          17273150
	Remote recvs                                          17273150

TW Data Structure sizes in bytes (sizeof):
	PE struct                                                  608
	KP struct                                                  144
	LP struct                                                  128
	LP Model struct                                             36
	LP RNGs                                                     80
	Total LP                                                   244
	Event struct                                               152
	Event struct with Model                                    156

TW Clock Cycle Statistics (MAX values in secs at 1.0000 GHz):
	Priority Queue (enq/deq)                                0.1269
	AVL Tree (insert/delete)                                0.1339
	LZ4 (de)compression                                     0.0000
	Buddy system                                            0.0000
	Event Processing                                        3.9477
	Event Cancel                                            0.0065
	Event Abort                                             0.0000

	GVT                                                     1.0234
	Fossil Collect                                          0.7998
	Primary Rollbacks                                       0.0466
	Network Read                                            1.6546
	Statistics Computation                                  0.0000
	Statistics Write                                        0.0000
	Total Time (Note: Using Running Time above for Speedup)      7.6465

TW GVT Statistics: MPI AllReduce
	GVT Interval                                               256
	GVT Real Time Interval (cycles)                    0
	GVT Real Time Interval (sec)                        0.00000000
	Batch Size                                                   4

	Forced GVT                                                   0
	Total GVT Computations                                     260
	Total All Reduce Calls                                     783
	Average Reduction / GVT                                   3.01
Total Grass Amount ................................5282344
Total Predator Amount .............................352336
Total Prey Amount .................................1046275
Average Predator per cell..........................0.336014
Average Prey per cell .............................0.997806
Average Predator In-cell Movement .................0.000617
Average Predator Out-cell Movement ................0.000597
Average Prey In-cell Movement .....................0.123074
Average Prey Out-cell Movement ....................0.124127
