/gpfs/u/scratch/PCP7/PCP7thrn/final/ross-build/models/pred-prey/./pp --synch=3 --end=128.0 --batch=4 --gvt-interval=256 

Sat Apr 28 15:06:38 2018

ROSS Revision: GITDIR-NOTFOUND

tw_net_start: Found world size to be 8192 
Running simulation with following configuration: 
    Buffers Allocated Per PE = 4096




/**********************************************/
NUM CELLS X      = 1024
NUM CELLS Y      = 1024
CELL_TICK        = 1.000000
NUM KPs per PE   = 8 
NUM LPs per PE   = 128 
g_vp_per_proc    = 8 
/**********************************************/



ROSS Core Configuration: 
	Total Nodes                                               8192
	Total Processors                                   [Nodes (8192) x PE_per_Node (1)] 8192
	Total KPs                                          [Nodes (8192) x KPs (8)] 65536
	Total LPs                                              1048576
	Simulation End Time                                     128.00
	LP-to-PE Mapping                                   model defined


ROSS Event Memory Allocation:
	Model events                                              4097
	Network events                                           50000
	Total events                                             54096

*** START PARALLEL OPTIMISTIC SIMULATION WITH SUSPEND LP FEATURE ***

GVT #2: simulation 8% complete, max event queue size 290 (GVT = 11.2505).
AVL tree size: 116
GVT #3: simulation 11% complete, max event queue size 290 (GVT = 15.0110).
AVL tree size: 120
GVT #4: simulation 14% complete, max event queue size 290 (GVT = 18.9141).
AVL tree size: 102
GVT #5: simulation 17% complete, max event queue size 304 (GVT = 22.7662).
AVL tree size: 125
GVT #6: simulation 20% complete, max event queue size 304 (GVT = 26.5300).
AVL tree size: 125
GVT #7: simulation 23% complete, max event queue size 304 (GVT = 30.1125).
AVL tree size: 107
GVT #8: simulation 26% complete, max event queue size 304 (GVT = 34.2477).
AVL tree size: 112
GVT #9: simulation 29% complete, max event queue size 304 (GVT = 37.9185).
AVL tree size: 112
GVT #10: simulation 32% complete, max event queue size 304 (GVT = 41.8344).
AVL tree size: 129
GVT #11: simulation 35% complete, max event queue size 304 (GVT = 45.6890).
AVL tree size: 120
GVT #12: simulation 38% complete, max event queue size 304 (GVT = 49.5797).
AVL tree size: 107
GVT #13: simulation 41% complete, max event queue size 304 (GVT = 53.4340).
AVL tree size: 106
GVT #14: simulation 44% complete, max event queue size 304 (GVT = 57.1029).
AVL tree size: 130
GVT #15: simulation 47% complete, max event queue size 304 (GVT = 61.0125).
AVL tree size: 116
GVT #16: simulation 50% complete, max event queue size 304 (GVT = 64.8724).
AVL tree size: 110
GVT #17: simulation 53% complete, max event queue size 304 (GVT = 68.7514).
AVL tree size: 123
GVT #18: simulation 56% complete, max event queue size 304 (GVT = 72.4258).
AVL tree size: 122
GVT #19: simulation 59% complete, max event queue size 304 (GVT = 76.1887).
AVL tree size: 108
GVT #20: simulation 62% complete, max event queue size 304 (GVT = 80.2888).
AVL tree size: 99
GVT #21: simulation 65% complete, max event queue size 304 (GVT = 84.3437).
AVL tree size: 124
GVT #22: simulation 68% complete, max event queue size 304 (GVT = 87.9269).
AVL tree size: 138
GVT #23: simulation 71% complete, max event queue size 304 (GVT = 91.8116).
AVL tree size: 111
GVT #24: simulation 74% complete, max event queue size 304 (GVT = 95.5981).
AVL tree size: 110
GVT #25: simulation 77% complete, max event queue size 304 (GVT = 99.4162).
AVL tree size: 121
GVT #26: simulation 80% complete, max event queue size 304 (GVT = 103.4498).
AVL tree size: 130
GVT #27: simulation 83% complete, max event queue size 304 (GVT = 107.2788).
AVL tree size: 113
GVT #28: simulation 86% complete, max event queue size 304 (GVT = 110.9801).
AVL tree size: 113
GVT #29: simulation 89% complete, max event queue size 304 (GVT = 114.6797).
AVL tree size: 115
GVT #30: simulation 92% complete, max event queue size 304 (GVT = 118.6364).
AVL tree size: 114
GVT #31: simulation 95% complete, max event queue size 304 (GVT = 122.4121).
AVL tree size: 123
GVT #32: simulation 98% complete, max event queue size 304 (GVT = 126.2154).
AVL tree size: 105
GVT #33: simulation 98% complete, max event queue size 304 (GVT = 126.7026).
AVL tree size: 30
GVT #34: simulation 99% complete, max event queue size 304 (GVT = 126.9772).
AVL tree size: 25
GVT #35: simulation 99% complete, max event queue size 304 (GVT = 127.1218).
AVL tree size: 17
GVT #36: simulation 99% complete, max event queue size 304 (GVT = 127.1218).
AVL tree size: 15
GVT #37: simulation 99% complete, max event queue size 304 (GVT = 127.4845).
AVL tree size: 15
GVT #38: simulation 99% complete, max event queue size 304 (GVT = 127.4845).
AVL tree size: 8
GVT #39: simulation 99% complete, max event queue size 304 (GVT = 127.9300).
AVL tree size: 8
GVT #40: simulation 99% complete, max event queue size 304 (GVT = 127.9300).
AVL tree size: 3
GVT #41: simulation 100% complete, max event queue size 304 (GVT = MAX).
AVL tree size: 3
*** END SIMULATION ***


	: Running Time = 0.5302 seconds

TW Library Statistics:
	Total Events Processed                               276952358
	Events Aborted (part of RBs)                                 0
	Events Rolled Back                                     9480369
	Event Ties Detected in PE Queues                             0
	Efficiency                                               96.46 %
	Total Remote (shared mem) Events Processed                   0
	Percent Remote Events                                     0.00 %
	Total Remote (network) Events Processed               18805031
	Percent Remote Events                                     7.03 %

	Total Roll Backs                                       1705644
	Primary Roll Backs                                     1535077
	Secondary Roll Backs                                    170567
	Fossil Collect Attempts                                 344064
	Total GVT Computations                                      42

	Net Events Processed                                 267471989
	Event Rate (events/sec)                            504477568.7
	Total Events Scheduled Past End Time                   2228804

TW Memory Statistics:
	Events Allocated                                         54097
	Memory Allocated                                         27423
	Memory Wasted                                              781

TW Network Statistics:
	Remote sends                                          20979289
	Remote recvs                                          20979289

TW Data Structure sizes in bytes (sizeof):
	PE struct                                                  608
	KP struct                                                  144
	LP struct                                                  128
	LP Model struct                                             36
	LP RNGs                                                     80
	Total LP                                                   244
	Event struct                                               152
	Event struct with Model                                    156

TW Clock Cycle Statistics (MAX values in secs at 1.0000 GHz):
	Priority Queue (enq/deq)                                0.0096
	AVL Tree (insert/delete)                                0.0162
	LZ4 (de)compression                                     0.0000
	Buddy system                                            0.0000
	Event Processing                                        0.3979
	Event Cancel                                            0.0024
	Event Abort                                             0.0000

	GVT                                                     0.1927
	Fossil Collect                                          0.0319
	Primary Rollbacks                                       0.0251
	Network Read                                            0.2120
	Statistics Computation                                  0.0000
	Statistics Write                                        0.0000
	Total Time (Note: Using Running Time above for Speedup)      0.8483

TW GVT Statistics: MPI AllReduce
	GVT Interval                                               256
	GVT Real Time Interval (cycles)                    0
	GVT Real Time Interval (sec)                        0.00000000
	Batch Size                                                   4

	Forced GVT                                                   0
	Total GVT Computations                                      42
	Total All Reduce Calls                                     125
	Average Reduction / GVT                                   2.98
Total Grass Amount ................................658702
Total Predator Amount .............................43978
Total Prey Amount .................................130597
Average Predator per cell..........................0.041941
Average Prey per cell .............................0.124547
Average Predator In-cell Movement .................0.000078
Average Predator Out-cell Movement ................0.000062
Average Prey In-cell Movement .....................0.015430
Average Prey Out-cell Movement ....................0.015490
