/gpfs/u/scratch/PCP7/PCP7thrn/final/ross-build/models/pred-prey/./pp --synch=3 --end=128.0 --batch=4 --gvt-interval=256 

Sat Apr 28 15:21:15 2018

ROSS Revision: GITDIR-NOTFOUND

tw_net_start: Found world size to be 2048 
Running simulation with following configuration: 
    Buffers Allocated Per PE = 10240




/**********************************************/
NUM CELLS X      = 1024
NUM CELLS Y      = 1024
CELL_TICK        = 1.000000
NUM KPs per PE   = 32 
NUM LPs per PE   = 512 
g_vp_per_proc    = 32 
/**********************************************/



ROSS Core Configuration: 
	Total Nodes                                               2048
	Total Processors                                   [Nodes (2048) x PE_per_Node (1)] 2048
	Total KPs                                          [Nodes (2048) x KPs (32)] 65536
	Total LPs                                              1048576
	Simulation End Time                                     128.00
	LP-to-PE Mapping                                   model defined


ROSS Event Memory Allocation:
	Model events                                             10241
	Network events                                           50000
	Total events                                             60240

*** START PARALLEL OPTIMISTIC SIMULATION WITH SUSPEND LP FEATURE ***

GVT #2: simulation 2% complete, max event queue size 1026 (GVT = 3.1953).
AVL tree size: 134
GVT #3: simulation 3% complete, max event queue size 1035 (GVT = 4.1512).
AVL tree size: 150
GVT #4: simulation 4% complete, max event queue size 1042 (GVT = 5.1472).
AVL tree size: 148
GVT #5: simulation 4% complete, max event queue size 1055 (GVT = 6.1089).
AVL tree size: 159
GVT #6: simulation 5% complete, max event queue size 1057 (GVT = 7.0955).
AVL tree size: 160
GVT #7: simulation 6% complete, max event queue size 1057 (GVT = 8.0625).
AVL tree size: 143
GVT #8: simulation 7% complete, max event queue size 1057 (GVT = 9.0295).
AVL tree size: 151
GVT #10: simulation 8% complete, max event queue size 1057 (GVT = 11.0658).
AVL tree size: 155
GVT #11: simulation 9% complete, max event queue size 1057 (GVT = 12.0248).
AVL tree size: 166
GVT #12: simulation 10% complete, max event queue size 1057 (GVT = 13.0079).
AVL tree size: 163
GVT #14: simulation 11% complete, max event queue size 1057 (GVT = 14.9323).
AVL tree size: 164
GVT #15: simulation 12% complete, max event queue size 1063 (GVT = 15.8494).
AVL tree size: 142
GVT #16: simulation 13% complete, max event queue size 1063 (GVT = 16.9040).
AVL tree size: 159
GVT #18: simulation 14% complete, max event queue size 1063 (GVT = 18.7549).
AVL tree size: 137
GVT #19: simulation 15% complete, max event queue size 1063 (GVT = 19.7937).
AVL tree size: 153
GVT #20: simulation 16% complete, max event queue size 1063 (GVT = 20.7373).
AVL tree size: 153
GVT #22: simulation 17% complete, max event queue size 1063 (GVT = 22.6428).
AVL tree size: 164
GVT #23: simulation 18% complete, max event queue size 1063 (GVT = 23.6683).
AVL tree size: 200
GVT #24: simulation 19% complete, max event queue size 1063 (GVT = 24.6563).
AVL tree size: 193
GVT #25: simulation 20% complete, max event queue size 1063 (GVT = 25.6731).
AVL tree size: 192
GVT #27: simulation 21% complete, max event queue size 1063 (GVT = 27.6980).
AVL tree size: 173
GVT #28: simulation 22% complete, max event queue size 1063 (GVT = 28.6668).
AVL tree size: 171
GVT #29: simulation 23% complete, max event queue size 1063 (GVT = 29.6303).
AVL tree size: 172
GVT #31: simulation 24% complete, max event queue size 1063 (GVT = 31.5929).
AVL tree size: 178
GVT #32: simulation 25% complete, max event queue size 1063 (GVT = 32.6173).
AVL tree size: 176
GVT #33: simulation 26% complete, max event queue size 1063 (GVT = 33.5113).
AVL tree size: 164
GVT #35: simulation 27% complete, max event queue size 1063 (GVT = 35.4948).
AVL tree size: 160
GVT #36: simulation 28% complete, max event queue size 1063 (GVT = 36.4474).
AVL tree size: 153
GVT #37: simulation 29% complete, max event queue size 1063 (GVT = 37.5087).
AVL tree size: 174
GVT #38: simulation 30% complete, max event queue size 1063 (GVT = 38.4621).
AVL tree size: 151
GVT #40: simulation 31% complete, max event queue size 1063 (GVT = 40.4543).
AVL tree size: 178
GVT #41: simulation 32% complete, max event queue size 1063 (GVT = 41.4179).
AVL tree size: 181
GVT #42: simulation 33% complete, max event queue size 1063 (GVT = 42.4311).
AVL tree size: 169
GVT #44: simulation 34% complete, max event queue size 1063 (GVT = 44.3759).
AVL tree size: 194
GVT #45: simulation 35% complete, max event queue size 1063 (GVT = 45.3491).
AVL tree size: 202
GVT #46: simulation 36% complete, max event queue size 1063 (GVT = 46.3233).
AVL tree size: 197
GVT #48: simulation 37% complete, max event queue size 1063 (GVT = 48.3012).
AVL tree size: 179
GVT #49: simulation 38% complete, max event queue size 1085 (GVT = 49.2765).
AVL tree size: 193
GVT #50: simulation 39% complete, max event queue size 1085 (GVT = 50.2828).
AVL tree size: 189
GVT #51: simulation 40% complete, max event queue size 1085 (GVT = 51.2564).
AVL tree size: 182
GVT #53: simulation 41% complete, max event queue size 1085 (GVT = 53.2165).
AVL tree size: 171
GVT #54: simulation 42% complete, max event queue size 1085 (GVT = 54.1488).
AVL tree size: 168
GVT #55: simulation 43% complete, max event queue size 1085 (GVT = 55.1654).
AVL tree size: 169
GVT #57: simulation 44% complete, max event queue size 1085 (GVT = 57.1541).
AVL tree size: 194
GVT #58: simulation 45% complete, max event queue size 1085 (GVT = 58.1757).
AVL tree size: 197
GVT #59: simulation 46% complete, max event queue size 1085 (GVT = 59.2252).
AVL tree size: 197
GVT #60: simulation 47% complete, max event queue size 1085 (GVT = 60.2281).
AVL tree size: 185
GVT #62: simulation 48% complete, max event queue size 1085 (GVT = 62.2069).
AVL tree size: 172
GVT #63: simulation 49% complete, max event queue size 1085 (GVT = 63.1195).
AVL tree size: 170
GVT #64: simulation 50% complete, max event queue size 1085 (GVT = 64.2012).
AVL tree size: 172
GVT #66: simulation 51% complete, max event queue size 1085 (GVT = 66.1857).
AVL tree size: 192
GVT #67: simulation 52% complete, max event queue size 1085 (GVT = 67.1330).
AVL tree size: 197
GVT #68: simulation 53% complete, max event queue size 1085 (GVT = 68.1581).
AVL tree size: 196
GVT #69: simulation 54% complete, max event queue size 1085 (GVT = 69.1528).
AVL tree size: 181
GVT #71: simulation 55% complete, max event queue size 1085 (GVT = 71.1241).
AVL tree size: 188
GVT #72: simulation 56% complete, max event queue size 1085 (GVT = 72.1934).
AVL tree size: 187
GVT #73: simulation 57% complete, max event queue size 1085 (GVT = 73.1975).
AVL tree size: 173
GVT #75: simulation 58% complete, max event queue size 1085 (GVT = 75.1891).
AVL tree size: 167
GVT #76: simulation 59% complete, max event queue size 1085 (GVT = 76.1926).
AVL tree size: 176
GVT #77: simulation 60% complete, max event queue size 1085 (GVT = 77.1369).
AVL tree size: 153
GVT #79: simulation 61% complete, max event queue size 1085 (GVT = 79.0809).
AVL tree size: 174
GVT #80: simulation 62% complete, max event queue size 1085 (GVT = 80.0817).
AVL tree size: 186
GVT #81: simulation 63% complete, max event queue size 1085 (GVT = 81.0478).
AVL tree size: 179
GVT #82: simulation 64% complete, max event queue size 1085 (GVT = 82.0638).
AVL tree size: 178
GVT #84: simulation 65% complete, max event queue size 1085 (GVT = 84.0378).
AVL tree size: 184
GVT #85: simulation 66% complete, max event queue size 1085 (GVT = 85.0628).
AVL tree size: 181
GVT #86: simulation 67% complete, max event queue size 1085 (GVT = 85.9945).
AVL tree size: 180
GVT #88: simulation 68% complete, max event queue size 1085 (GVT = 87.9670).
AVL tree size: 175
GVT #89: simulation 69% complete, max event queue size 1085 (GVT = 88.9526).
AVL tree size: 169
GVT #90: simulation 70% complete, max event queue size 1085 (GVT = 89.9839).
AVL tree size: 175
GVT #91: simulation 71% complete, max event queue size 1085 (GVT = 90.9629).
AVL tree size: 167
GVT #93: simulation 72% complete, max event queue size 1085 (GVT = 92.9397).
AVL tree size: 180
GVT #94: simulation 73% complete, max event queue size 1085 (GVT = 93.9411).
AVL tree size: 169
GVT #95: simulation 74% complete, max event queue size 1085 (GVT = 94.9191).
AVL tree size: 176
GVT #97: simulation 75% complete, max event queue size 1085 (GVT = 96.9254).
AVL tree size: 163
GVT #98: simulation 76% complete, max event queue size 1085 (GVT = 97.8839).
AVL tree size: 168
GVT #99: simulation 77% complete, max event queue size 1085 (GVT = 98.8682).
AVL tree size: 169
GVT #101: simulation 78% complete, max event queue size 1085 (GVT = 100.8492).
AVL tree size: 182
GVT #102: simulation 79% complete, max event queue size 1085 (GVT = 101.8462).
AVL tree size: 193
GVT #103: simulation 80% complete, max event queue size 1085 (GVT = 102.8446).
AVL tree size: 185
GVT #104: simulation 81% complete, max event queue size 1085 (GVT = 103.8145).
AVL tree size: 193
GVT #106: simulation 82% complete, max event queue size 1085 (GVT = 105.8534).
AVL tree size: 171
GVT #107: simulation 83% complete, max event queue size 1085 (GVT = 106.7932).
AVL tree size: 186
GVT #108: simulation 84% complete, max event queue size 1085 (GVT = 107.7488).
AVL tree size: 170
GVT #110: simulation 85% complete, max event queue size 1085 (GVT = 109.6557).
AVL tree size: 158
GVT #111: simulation 86% complete, max event queue size 1085 (GVT = 110.6659).
AVL tree size: 159
GVT #112: simulation 87% complete, max event queue size 1085 (GVT = 111.6399).
AVL tree size: 174
GVT #114: simulation 88% complete, max event queue size 1085 (GVT = 113.6899).
AVL tree size: 180
GVT #115: simulation 89% complete, max event queue size 1085 (GVT = 114.7128).
AVL tree size: 179
GVT #116: simulation 90% complete, max event queue size 1085 (GVT = 115.6758).
AVL tree size: 147
GVT #117: simulation 91% complete, max event queue size 1085 (GVT = 116.6674).
AVL tree size: 171
GVT #119: simulation 92% complete, max event queue size 1085 (GVT = 118.6400).
AVL tree size: 195
GVT #120: simulation 93% complete, max event queue size 1085 (GVT = 119.6482).
AVL tree size: 204
GVT #121: simulation 94% complete, max event queue size 1085 (GVT = 120.5899).
AVL tree size: 209
GVT #122: simulation 95% complete, max event queue size 1085 (GVT = 121.6081).
AVL tree size: 197
GVT #124: simulation 96% complete, max event queue size 1085 (GVT = 123.5591).
AVL tree size: 179
GVT #125: simulation 97% complete, max event queue size 1085 (GVT = 124.5765).
AVL tree size: 205
GVT #126: simulation 98% complete, max event queue size 1085 (GVT = 125.5443).
AVL tree size: 203
GVT #128: simulation 99% complete, max event queue size 1085 (GVT = 127.3789).
AVL tree size: 99
GVT #132: simulation 100% complete, max event queue size 1085 (GVT = MAX).
AVL tree size: 15
*** END SIMULATION ***


	: Running Time = 2.1507 seconds

TW Library Statistics:
	Total Events Processed                               269938036
	Events Aborted (part of RBs)                                 0
	Events Rolled Back                                     2553468
	Event Ties Detected in PE Queues                             0
	Efficiency                                               99.05 %
	Total Remote (shared mem) Events Processed                   0
	Percent Remote Events                                     0.00 %
	Total Remote (network) Events Processed               17174960
	Percent Remote Events                                     6.42 %

	Total Roll Backs                                        727316
	Primary Roll Backs                                      701755
	Secondary Roll Backs                                     25561
	Fossil Collect Attempts                                 272384
	Total GVT Computations                                     133

	Net Events Processed                                 267384568
	Event Rate (events/sec)                            124322934.7
	Total Events Scheduled Past End Time                   2125806

TW Memory Statistics:
	Events Allocated                                         60241
	Memory Allocated                                         40509
	Memory Wasted                                              942

TW Network Statistics:
	Remote sends                                          17788398
	Remote recvs                                          17788398

TW Data Structure sizes in bytes (sizeof):
	PE struct                                                  608
	KP struct                                                  144
	LP struct                                                  128
	LP Model struct                                             36
	LP RNGs                                                     80
	Total LP                                                   244
	Event struct                                               152
	Event struct with Model                                    156

TW Clock Cycle Statistics (MAX values in secs at 1.0000 GHz):
	Priority Queue (enq/deq)                                0.0474
	AVL Tree (insert/delete)                                0.0570
	LZ4 (de)compression                                     0.0000
	Buddy system                                            0.0000
	Event Processing                                        1.7260
	Event Cancel                                            0.0038
	Event Abort                                             0.0000

	GVT                                                     0.5270
	Fossil Collect                                          0.3173
	Primary Rollbacks                                       0.0404
	Network Read                                            0.8205
	Statistics Computation                                  0.0000
	Statistics Write                                        0.0000
	Total Time (Note: Using Running Time above for Speedup)      3.4412

TW GVT Statistics: MPI AllReduce
	GVT Interval                                               256
	GVT Real Time Interval (cycles)                    0
	GVT Real Time Interval (sec)                        0.00000000
	Batch Size                                                   4

	Forced GVT                                                   0
	Total GVT Computations                                     133
	Total All Reduce Calls                                     400
	Average Reduction / GVT                                   3.01
Total Grass Amount ................................2629795
Total Predator Amount .............................175342
Total Prey Amount .................................521039
Average Predator per cell..........................0.167219
Average Prey per cell .............................0.496902
Average Predator In-cell Movement .................0.000305
Average Predator Out-cell Movement ................0.000300
Average Prey In-cell Movement .....................0.061127
Average Prey Out-cell Movement ....................0.061792
