/gpfs/u/scratch/PCP7/PCP7thrn/final/ross-build/models/pred-prey/./pp --synch=3 --end=128.0 --batch=4 --gvt-interval=256 

Sat Apr 28 15:08:23 2018

ROSS Revision: GITDIR-NOTFOUND

tw_net_start: Found world size to be 256 
Running simulation with following configuration: 
    Buffers Allocated Per PE = 67584




/**********************************************/
NUM CELLS X      = 1024
NUM CELLS Y      = 1024
CELL_TICK        = 1.000000
NUM KPs per PE   = 256 
NUM LPs per PE   = 4096 
g_vp_per_proc    = 256 
/**********************************************/



ROSS Core Configuration: 
	Total Nodes                                                256
	Total Processors                                   [Nodes (256) x PE_per_Node (1)] 256
	Total KPs                                          [Nodes (256) x KPs (256)] 65536
	Total LPs                                              1048576
	Simulation End Time                                     128.00
	LP-to-PE Mapping                                   model defined


ROSS Event Memory Allocation:
	Model events                                             67585
	Network events                                           50000
	Total events                                            117584

*** START PARALLEL OPTIMISTIC SIMULATION WITH SUSPEND LP FEATURE ***

GVT #7: simulation 1% complete, max event queue size 7127 (GVT = 1.3331).
AVL tree size: 423
GVT #17: simulation 2% complete, max event queue size 8029 (GVT = 2.6530).
AVL tree size: 565
GVT #27: simulation 3% complete, max event queue size 8161 (GVT = 3.9244).
AVL tree size: 636
GVT #37: simulation 4% complete, max event queue size 8194 (GVT = 5.1706).
AVL tree size: 578
GVT #47: simulation 5% complete, max event queue size 8252 (GVT = 6.4087).
AVL tree size: 603
GVT #58: simulation 6% complete, max event queue size 8252 (GVT = 7.7809).
AVL tree size: 637
GVT #68: simulation 7% complete, max event queue size 8311 (GVT = 9.0024).
AVL tree size: 685
GVT #78: simulation 8% complete, max event queue size 8311 (GVT = 10.2521).
AVL tree size: 654
GVT #89: simulation 9% complete, max event queue size 8311 (GVT = 11.6088).
AVL tree size: 614
GVT #99: simulation 10% complete, max event queue size 8311 (GVT = 12.8647).
AVL tree size: 632
GVT #109: simulation 11% complete, max event queue size 8311 (GVT = 14.1009).
AVL tree size: 695
GVT #119: simulation 12% complete, max event queue size 8311 (GVT = 15.3612).
AVL tree size: 624
GVT #130: simulation 13% complete, max event queue size 8311 (GVT = 16.7426).
AVL tree size: 626
GVT #140: simulation 14% complete, max event queue size 8311 (GVT = 17.9910).
AVL tree size: 610
GVT #150: simulation 15% complete, max event queue size 8311 (GVT = 19.2303).
AVL tree size: 611
GVT #161: simulation 16% complete, max event queue size 8311 (GVT = 20.5793).
AVL tree size: 651
GVT #171: simulation 17% complete, max event queue size 8311 (GVT = 21.8205).
AVL tree size: 644
GVT #181: simulation 18% complete, max event queue size 8338 (GVT = 23.0617).
AVL tree size: 670
GVT #192: simulation 19% complete, max event queue size 8338 (GVT = 24.4341).
AVL tree size: 665
GVT #202: simulation 20% complete, max event queue size 8338 (GVT = 25.6919).
AVL tree size: 683
GVT #212: simulation 21% complete, max event queue size 8338 (GVT = 26.9058).
AVL tree size: 698
GVT #223: simulation 22% complete, max event queue size 8338 (GVT = 28.2423).
AVL tree size: 665
GVT #233: simulation 23% complete, max event queue size 8338 (GVT = 29.4926).
AVL tree size: 715
GVT #243: simulation 24% complete, max event queue size 8338 (GVT = 30.7809).
AVL tree size: 655
GVT #253: simulation 25% complete, max event queue size 8338 (GVT = 32.0077).
AVL tree size: 674
GVT #264: simulation 26% complete, max event queue size 8338 (GVT = 33.3872).
AVL tree size: 651
GVT #274: simulation 27% complete, max event queue size 8338 (GVT = 34.6188).
AVL tree size: 652
GVT #284: simulation 28% complete, max event queue size 8338 (GVT = 35.8505).
AVL tree size: 633
GVT #295: simulation 29% complete, max event queue size 8338 (GVT = 37.2091).
AVL tree size: 696
GVT #305: simulation 30% complete, max event queue size 8338 (GVT = 38.4363).
AVL tree size: 688
GVT #315: simulation 31% complete, max event queue size 8338 (GVT = 39.6961).
AVL tree size: 727
GVT #326: simulation 32% complete, max event queue size 8338 (GVT = 41.0711).
AVL tree size: 706
GVT #336: simulation 33% complete, max event queue size 8364 (GVT = 42.3086).
AVL tree size: 692
GVT #346: simulation 34% complete, max event queue size 8364 (GVT = 43.5621).
AVL tree size: 702
GVT #356: simulation 35% complete, max event queue size 8364 (GVT = 44.8155).
AVL tree size: 647
GVT #367: simulation 36% complete, max event queue size 8364 (GVT = 46.1970).
AVL tree size: 671
GVT #377: simulation 37% complete, max event queue size 8364 (GVT = 47.4357).
AVL tree size: 737
GVT #387: simulation 38% complete, max event queue size 8364 (GVT = 48.6779).
AVL tree size: 707
GVT #397: simulation 39% complete, max event queue size 8364 (GVT = 49.9243).
AVL tree size: 747
GVT #408: simulation 40% complete, max event queue size 8364 (GVT = 51.2790).
AVL tree size: 745
GVT #418: simulation 41% complete, max event queue size 8364 (GVT = 52.5478).
AVL tree size: 735
GVT #428: simulation 42% complete, max event queue size 8364 (GVT = 53.8019).
AVL tree size: 721
GVT #438: simulation 43% complete, max event queue size 8364 (GVT = 55.0648).
AVL tree size: 708
GVT #448: simulation 44% complete, max event queue size 8364 (GVT = 56.3239).
AVL tree size: 639
GVT #459: simulation 45% complete, max event queue size 8364 (GVT = 57.6900).
AVL tree size: 658
GVT #469: simulation 46% complete, max event queue size 8364 (GVT = 58.9300).
AVL tree size: 673
GVT #480: simulation 47% complete, max event queue size 8364 (GVT = 60.2804).
AVL tree size: 693
GVT #490: simulation 48% complete, max event queue size 8364 (GVT = 61.5065).
AVL tree size: 692
GVT #500: simulation 49% complete, max event queue size 8364 (GVT = 62.7627).
AVL tree size: 714
GVT #510: simulation 50% complete, max event queue size 8364 (GVT = 64.0208).
AVL tree size: 759
GVT #521: simulation 51% complete, max event queue size 8364 (GVT = 65.3868).
AVL tree size: 737
GVT #531: simulation 52% complete, max event queue size 8364 (GVT = 66.6383).
AVL tree size: 707
GVT #541: simulation 53% complete, max event queue size 8364 (GVT = 67.9066).
AVL tree size: 652
GVT #551: simulation 54% complete, max event queue size 8364 (GVT = 69.1441).
AVL tree size: 742
GVT #562: simulation 55% complete, max event queue size 8460 (GVT = 70.4906).
AVL tree size: 730
GVT #572: simulation 56% complete, max event queue size 8460 (GVT = 71.7143).
AVL tree size: 788
GVT #583: simulation 57% complete, max event queue size 8460 (GVT = 73.0647).
AVL tree size: 806
GVT #593: simulation 58% complete, max event queue size 8460 (GVT = 74.3179).
AVL tree size: 768
GVT #603: simulation 59% complete, max event queue size 8460 (GVT = 75.5664).
AVL tree size: 781
GVT #613: simulation 60% complete, max event queue size 8460 (GVT = 76.8206).
AVL tree size: 791
GVT #624: simulation 61% complete, max event queue size 8460 (GVT = 78.1977).
AVL tree size: 749
GVT #634: simulation 62% complete, max event queue size 8460 (GVT = 79.4216).
AVL tree size: 768
GVT #644: simulation 63% complete, max event queue size 8460 (GVT = 80.6763).
AVL tree size: 761
GVT #655: simulation 64% complete, max event queue size 8460 (GVT = 82.0375).
AVL tree size: 763
GVT #665: simulation 65% complete, max event queue size 8460 (GVT = 83.2782).
AVL tree size: 795
GVT #675: simulation 66% complete, max event queue size 8460 (GVT = 84.5502).
AVL tree size: 710
GVT #685: simulation 67% complete, max event queue size 8460 (GVT = 85.8115).
AVL tree size: 716
GVT #695: simulation 68% complete, max event queue size 8460 (GVT = 87.0698).
AVL tree size: 766
GVT #706: simulation 69% complete, max event queue size 8460 (GVT = 88.4229).
AVL tree size: 735
GVT #716: simulation 70% complete, max event queue size 8460 (GVT = 89.6515).
AVL tree size: 744
GVT #726: simulation 71% complete, max event queue size 8460 (GVT = 90.9147).
AVL tree size: 711
GVT #737: simulation 72% complete, max event queue size 8460 (GVT = 92.2817).
AVL tree size: 727
GVT #747: simulation 73% complete, max event queue size 8460 (GVT = 93.5426).
AVL tree size: 727
GVT #757: simulation 74% complete, max event queue size 8460 (GVT = 94.7983).
AVL tree size: 780
GVT #767: simulation 75% complete, max event queue size 8460 (GVT = 96.0487).
AVL tree size: 759
GVT #777: simulation 76% complete, max event queue size 8460 (GVT = 97.3005).
AVL tree size: 800
GVT #787: simulation 77% complete, max event queue size 8460 (GVT = 98.5686).
AVL tree size: 780
GVT #798: simulation 78% complete, max event queue size 8460 (GVT = 99.9524).
AVL tree size: 701
GVT #808: simulation 79% complete, max event queue size 8460 (GVT = 101.1760).
AVL tree size: 749
GVT #818: simulation 80% complete, max event queue size 8460 (GVT = 102.4337).
AVL tree size: 695
GVT #829: simulation 81% complete, max event queue size 8460 (GVT = 103.8069).
AVL tree size: 716
GVT #839: simulation 82% complete, max event queue size 8460 (GVT = 105.0590).
AVL tree size: 715
GVT #849: simulation 83% complete, max event queue size 8460 (GVT = 106.2965).
AVL tree size: 691
GVT #859: simulation 84% complete, max event queue size 8460 (GVT = 107.5612).
AVL tree size: 680
GVT #870: simulation 85% complete, max event queue size 8460 (GVT = 108.9272).
AVL tree size: 708
GVT #880: simulation 86% complete, max event queue size 8460 (GVT = 110.1668).
AVL tree size: 675
GVT #890: simulation 87% complete, max event queue size 8460 (GVT = 111.4186).
AVL tree size: 643
GVT #900: simulation 88% complete, max event queue size 8460 (GVT = 112.6475).
AVL tree size: 725
GVT #911: simulation 89% complete, max event queue size 8460 (GVT = 114.0211).
AVL tree size: 698
GVT #921: simulation 90% complete, max event queue size 8460 (GVT = 115.2712).
AVL tree size: 668
GVT #931: simulation 91% complete, max event queue size 8460 (GVT = 116.5090).
AVL tree size: 685
GVT #942: simulation 92% complete, max event queue size 8460 (GVT = 117.8806).
AVL tree size: 672
GVT #952: simulation 93% complete, max event queue size 8460 (GVT = 119.1147).
AVL tree size: 695
GVT #962: simulation 94% complete, max event queue size 8460 (GVT = 120.3445).
AVL tree size: 738
GVT #973: simulation 95% complete, max event queue size 8460 (GVT = 121.7098).
AVL tree size: 681
GVT #983: simulation 96% complete, max event queue size 8460 (GVT = 122.9246).
AVL tree size: 690
GVT #993: simulation 97% complete, max event queue size 8460 (GVT = 124.1883).
AVL tree size: 700
GVT #1003: simulation 98% complete, max event queue size 8460 (GVT = 125.4564).
AVL tree size: 675
GVT #1014: simulation 99% complete, max event queue size 8460 (GVT = 126.8236).
AVL tree size: 530
GVT #1025: simulation 100% complete, max event queue size 8460 (GVT = MAX).
AVL tree size: 28
*** END SIMULATION ***


	: Running Time = 22.7559 seconds

TW Library Statistics:
	Total Events Processed                               267902232
	Events Aborted (part of RBs)                                 0
	Events Rolled Back                                      525035
	Event Ties Detected in PE Queues                             0
	Efficiency                                               99.80 %
	Total Remote (shared mem) Events Processed                   0
	Percent Remote Events                                     0.00 %
	Total Remote (network) Events Processed               16642289
	Percent Remote Events                                     6.22 %

	Total Roll Backs                                        248480
	Primary Roll Backs                                      246182
	Secondary Roll Backs                                      2298
	Fossil Collect Attempts                                 262656
	Total GVT Computations                                    1026

	Net Events Processed                                 267377197
	Event Rate (events/sec)                             11749808.0
	Total Events Scheduled Past End Time                   2102524

TW Memory Statistics:
	Events Allocated                                        117585
	Memory Allocated                                        162650
	Memory Wasted                                             2957

TW Network Statistics:
	Remote sends                                          16772763
	Remote recvs                                          16772763

TW Data Structure sizes in bytes (sizeof):
	PE struct                                                  608
	KP struct                                                  144
	LP struct                                                  128
	LP Model struct                                             36
	LP RNGs                                                     80
	Total LP                                                   244
	Event struct                                               152
	Event struct with Model                                    156

TW Clock Cycle Statistics (MAX values in secs at 1.0000 GHz):
	Priority Queue (enq/deq)                                0.6745
	AVL Tree (insert/delete)                                0.6635
	LZ4 (de)compression                                     0.0000
	Buddy system                                            0.0000
	Event Processing                                       20.4055
	Event Cancel                                            0.0237
	Event Abort                                             0.0000

	GVT                                                     3.5369
	Fossil Collect                                          4.0379
	Primary Rollbacks                                       0.0986
	Network Read                                            6.7775
	Statistics Computation                                  0.0000
	Statistics Write                                        0.0000
	Total Time (Note: Using Running Time above for Speedup)     36.4094

TW GVT Statistics: MPI AllReduce
	GVT Interval                                               256
	GVT Real Time Interval (cycles)                    0
	GVT Real Time Interval (sec)                        0.00000000
	Batch Size                                                   4

	Forced GVT                                                   0
	Total GVT Computations                                    1026
	Total All Reduce Calls                                    3094
	Average Reduction / GVT                                   3.02
Total Grass Amount ................................21182255
Total Predator Amount .............................1413415
Total Prey Amount .................................4195906
Average Predator per cell..........................1.347938
Average Prey per cell .............................4.001528
Average Predator In-cell Movement .................0.002335
Average Predator Out-cell Movement ................0.002315
Average Prey In-cell Movement .....................0.494174
Average Prey Out-cell Movement ....................0.497823
