/gpfs/u/scratch/PCP7/PCP7thrn/final/ross-build/models/pred-prey/./pp --synch=3 --end=32.0 --batch=4 --gvt-interval=256 

Sun Apr 29 17:10:35 2018

ROSS Revision: GITDIR-NOTFOUND

tw_net_start: Found world size to be 1024 
Running simulation with following configuration: 
    Buffers Allocated Per PE = 18432




/**********************************************/
NUM CELLS X      = 1024
NUM CELLS Y      = 1024
CELL_TICK        = 1.000000
NUM KPs per PE   = 64 
NUM LPs per PE   = 1024 
g_vp_per_proc    = 64 
/**********************************************/



ROSS Core Configuration: 
	Total Nodes                                               1024
	Total Processors                                   [Nodes (1024) x PE_per_Node (1)] 1024
	Total KPs                                          [Nodes (1024) x KPs (64)] 65536
	Total LPs                                              1048576
	Simulation End Time                                      32.00
	LP-to-PE Mapping                                   model defined


ROSS Event Memory Allocation:
	Model events                                             18433
	Network events                                           50000
	Total events                                             68432

*** START PARALLEL OPTIMISTIC SIMULATION WITH SUSPEND LP FEATURE ***

GVT #2: simulation 5% complete, max event queue size 1857 (GVT = 1.7934).
AVL tree size: 155
GVT #3: simulation 7% complete, max event queue size 1925 (GVT = 2.3167).
AVL tree size: 165
GVT #4: simulation 8% complete, max event queue size 2027 (GVT = 2.8017).
AVL tree size: 200
GVT #5: simulation 10% complete, max event queue size 2033 (GVT = 3.2796).
AVL tree size: 204
GVT #6: simulation 11% complete, max event queue size 2052 (GVT = 3.7854).
AVL tree size: 207
GVT #7: simulation 13% complete, max event queue size 2052 (GVT = 4.2865).
AVL tree size: 206
GVT #8: simulation 14% complete, max event queue size 2052 (GVT = 4.7953).
AVL tree size: 196
GVT #9: simulation 16% complete, max event queue size 2057 (GVT = 5.2646).
AVL tree size: 194
GVT #10: simulation 17% complete, max event queue size 2080 (GVT = 5.7480).
AVL tree size: 214
GVT #11: simulation 19% complete, max event queue size 2080 (GVT = 6.2578).
AVL tree size: 224
GVT #12: simulation 21% complete, max event queue size 2080 (GVT = 6.7381).
AVL tree size: 217
GVT #13: simulation 22% complete, max event queue size 2080 (GVT = 7.2371).
AVL tree size: 229
GVT #14: simulation 24% complete, max event queue size 2080 (GVT = 7.7351).
AVL tree size: 235
GVT #15: simulation 25% complete, max event queue size 2080 (GVT = 8.2164).
AVL tree size: 222
GVT #16: simulation 27% complete, max event queue size 2101 (GVT = 8.7053).
AVL tree size: 228
GVT #17: simulation 28% complete, max event queue size 2111 (GVT = 9.1887).
AVL tree size: 232
GVT #18: simulation 30% complete, max event queue size 2111 (GVT = 9.6803).
AVL tree size: 253
GVT #19: simulation 31% complete, max event queue size 2111 (GVT = 10.1918).
AVL tree size: 232
GVT #20: simulation 33% complete, max event queue size 2111 (GVT = 10.6740).
AVL tree size: 217
GVT #21: simulation 34% complete, max event queue size 2111 (GVT = 11.1560).
AVL tree size: 245
GVT #22: simulation 36% complete, max event queue size 2111 (GVT = 11.6420).
AVL tree size: 237
GVT #23: simulation 37% complete, max event queue size 2111 (GVT = 12.1465).
AVL tree size: 243
GVT #24: simulation 39% complete, max event queue size 2111 (GVT = 12.6467).
AVL tree size: 225
GVT #25: simulation 41% complete, max event queue size 2111 (GVT = 13.1542).
AVL tree size: 237
GVT #26: simulation 42% complete, max event queue size 2111 (GVT = 13.6508).
AVL tree size: 229
GVT #27: simulation 44% complete, max event queue size 2111 (GVT = 14.1499).
AVL tree size: 235
GVT #28: simulation 45% complete, max event queue size 2111 (GVT = 14.6583).
AVL tree size: 211
GVT #29: simulation 47% complete, max event queue size 2111 (GVT = 15.1409).
AVL tree size: 213
GVT #30: simulation 48% complete, max event queue size 2111 (GVT = 15.6239).
AVL tree size: 190
GVT #31: simulation 50% complete, max event queue size 2111 (GVT = 16.1259).
AVL tree size: 205
GVT #32: simulation 51% complete, max event queue size 2111 (GVT = 16.6167).
AVL tree size: 215
GVT #33: simulation 53% complete, max event queue size 2111 (GVT = 17.1077).
AVL tree size: 219
GVT #34: simulation 55% complete, max event queue size 2111 (GVT = 17.6001).
AVL tree size: 238
GVT #35: simulation 56% complete, max event queue size 2111 (GVT = 18.0837).
AVL tree size: 213
GVT #36: simulation 58% complete, max event queue size 2111 (GVT = 18.5834).
AVL tree size: 208
GVT #37: simulation 59% complete, max event queue size 2111 (GVT = 19.0751).
AVL tree size: 220
GVT #38: simulation 61% complete, max event queue size 2111 (GVT = 19.5774).
AVL tree size: 217
GVT #39: simulation 62% complete, max event queue size 2111 (GVT = 20.0588).
AVL tree size: 223
GVT #40: simulation 64% complete, max event queue size 2111 (GVT = 20.5626).
AVL tree size: 222
GVT #41: simulation 65% complete, max event queue size 2111 (GVT = 21.0590).
AVL tree size: 208
GVT #42: simulation 67% complete, max event queue size 2121 (GVT = 21.5741).
AVL tree size: 212
GVT #43: simulation 68% complete, max event queue size 2122 (GVT = 22.0518).
AVL tree size: 203
GVT #44: simulation 70% complete, max event queue size 2122 (GVT = 22.5637).
AVL tree size: 223
GVT #45: simulation 71% complete, max event queue size 2122 (GVT = 23.0331).
AVL tree size: 236
GVT #46: simulation 73% complete, max event queue size 2122 (GVT = 23.5471).
AVL tree size: 241
GVT #47: simulation 75% complete, max event queue size 2122 (GVT = 24.0299).
AVL tree size: 241
GVT #48: simulation 76% complete, max event queue size 2122 (GVT = 24.5247).
AVL tree size: 248
GVT #49: simulation 78% complete, max event queue size 2122 (GVT = 25.0362).
AVL tree size: 243
GVT #50: simulation 79% complete, max event queue size 2122 (GVT = 25.5026).
AVL tree size: 242
GVT #51: simulation 81% complete, max event queue size 2122 (GVT = 26.0032).
AVL tree size: 240
GVT #52: simulation 82% complete, max event queue size 2122 (GVT = 26.5227).
AVL tree size: 252
GVT #53: simulation 84% complete, max event queue size 2122 (GVT = 27.0130).
AVL tree size: 254
GVT #54: simulation 85% complete, max event queue size 2122 (GVT = 27.5020).
AVL tree size: 237
GVT #55: simulation 87% complete, max event queue size 2122 (GVT = 27.9980).
AVL tree size: 235
GVT #56: simulation 89% complete, max event queue size 2122 (GVT = 28.4998).
AVL tree size: 224
GVT #57: simulation 90% complete, max event queue size 2122 (GVT = 28.9687).
AVL tree size: 229
GVT #58: simulation 92% complete, max event queue size 2122 (GVT = 29.4518).
AVL tree size: 233
GVT #59: simulation 93% complete, max event queue size 2122 (GVT = 29.9613).
AVL tree size: 221
GVT #60: simulation 95% complete, max event queue size 2122 (GVT = 30.4400).
AVL tree size: 193
GVT #61: simulation 96% complete, max event queue size 2122 (GVT = 30.9362).
AVL tree size: 162
GVT #62: simulation 98% complete, max event queue size 2122 (GVT = 31.4495).
AVL tree size: 124
GVT #63: simulation 98% complete, max event queue size 2122 (GVT = 31.6521).
AVL tree size: 59
GVT #64: simulation 99% complete, max event queue size 2122 (GVT = 31.7404).
AVL tree size: 33
GVT #65: simulation 99% complete, max event queue size 2122 (GVT = 31.8739).
AVL tree size: 28
GVT #66: simulation 100% complete, max event queue size 2122 (GVT = MAX).
AVL tree size: 13
*** END SIMULATION ***


	: Running Time = 1.1058 seconds

TW Library Statistics:
	Total Events Processed                                66333704
	Events Aborted (part of RBs)                                 0
	Events Rolled Back                                      283980
	Event Ties Detected in PE Queues                             0
	Efficiency                                               99.57 %
	Total Remote (shared mem) Events Processed                   0
	Percent Remote Events                                     0.00 %
	Total Remote (network) Events Processed                4125663
	Percent Remote Events                                     6.25 %

	Total Roll Backs                                        105708
	Primary Roll Backs                                      103815
	Secondary Roll Backs                                      1893
	Fossil Collect Attempts                                  68608
	Total GVT Computations                                      67

	Net Events Processed                                  66049724
	Event Rate (events/sec)                             59727939.7
	Total Events Scheduled Past End Time                   2111605

TW Memory Statistics:
	Events Allocated                                         68433
	Memory Allocated                                         57958
	Memory Wasted                                             1156

TW Network Statistics:
	Remote sends                                           4193153
	Remote recvs                                           4193153

TW Data Structure sizes in bytes (sizeof):
	PE struct                                                  608
	KP struct                                                  144
	LP struct                                                  128
	LP Model struct                                             36
	LP RNGs                                                     80
	Total LP                                                   244
	Event struct                                               152
	Event struct with Model                                    156

TW Clock Cycle Statistics (MAX values in secs at 1.0000 GHz):
	Priority Queue (enq/deq)                                0.0294
	AVL Tree (insert/delete)                                0.0279
	LZ4 (de)compression                                     0.0000
	Buddy system                                            0.0000
	Event Processing                                        0.8993
	Event Cancel                                            0.0016
	Event Abort                                             0.0000

	GVT                                                     0.2669
	Fossil Collect                                          0.1760
	Primary Rollbacks                                       0.0167
	Network Read                                            0.4052
	Statistics Computation                                  0.0000
	Statistics Write                                        0.0000
	Total Time (Note: Using Running Time above for Speedup)      1.7693

TW GVT Statistics: MPI AllReduce
	GVT Interval                                               256
	GVT Real Time Interval (cycles)                    0
	GVT Real Time Interval (sec)                        0.00000000
	Batch Size                                                   4

	Forced GVT                                                   0
	Total GVT Computations                                      67
	Total All Reduce Calls                                     200
	Average Reduction / GVT                                   2.99
Total Grass Amount ................................1649168052
Total Predator Amount .............................10885018
Total Prey Amount .................................31167931
Average Predator per cell..........................10.380762
Average Prey per cell .............................29.724055
Average Predator In-cell Movement .................0.262595
Average Predator Out-cell Movement ................0.259568
Average Prey In-cell Movement .....................30.732028
Average Prey Out-cell Movement ....................31.735734
