/gpfs/u/scratch/PCP7/PCP7thrn/final/ross-build/models/pred-prey/./pp --synch=3 --end=128.0 --batch=4 --gvt-interval=256 

Sun Apr 29 17:10:51 2018

ROSS Revision: GITDIR-NOTFOUND

tw_net_start: Found world size to be 1024 
Running simulation with following configuration: 
    Buffers Allocated Per PE = 18432




/**********************************************/
NUM CELLS X      = 1024
NUM CELLS Y      = 1024
CELL_TICK        = 1.000000
NUM KPs per PE   = 64 
NUM LPs per PE   = 1024 
g_vp_per_proc    = 64 
/**********************************************/



ROSS Core Configuration: 
	Total Nodes                                               1024
	Total Processors                                   [Nodes (1024) x PE_per_Node (1)] 1024
	Total KPs                                          [Nodes (1024) x KPs (64)] 65536
	Total LPs                                              1048576
	Simulation End Time                                     128.00
	LP-to-PE Mapping                                   model defined


ROSS Event Memory Allocation:
	Model events                                             18433
	Network events                                           50000
	Total events                                             68432

*** START PARALLEL OPTIMISTIC SIMULATION WITH SUSPEND LP FEATURE ***

GVT #2: simulation 1% complete, max event queue size 1855 (GVT = 1.7934).
AVL tree size: 156
GVT #4: simulation 2% complete, max event queue size 2026 (GVT = 2.8017).
AVL tree size: 200
GVT #7: simulation 3% complete, max event queue size 2048 (GVT = 4.2865).
AVL tree size: 206
GVT #9: simulation 4% complete, max event queue size 2055 (GVT = 5.2646).
AVL tree size: 194
GVT #12: simulation 5% complete, max event queue size 2082 (GVT = 6.7381).
AVL tree size: 217
GVT #14: simulation 6% complete, max event queue size 2082 (GVT = 7.7351).
AVL tree size: 235
GVT #17: simulation 7% complete, max event queue size 2111 (GVT = 9.1885).
AVL tree size: 233
GVT #20: simulation 8% complete, max event queue size 2111 (GVT = 10.6733).
AVL tree size: 217
GVT #22: simulation 9% complete, max event queue size 2113 (GVT = 11.6416).
AVL tree size: 239
GVT #25: simulation 10% complete, max event queue size 2113 (GVT = 13.1542).
AVL tree size: 237
GVT #27: simulation 11% complete, max event queue size 2113 (GVT = 14.1494).
AVL tree size: 236
GVT #30: simulation 12% complete, max event queue size 2113 (GVT = 15.6239).
AVL tree size: 190
GVT #33: simulation 13% complete, max event queue size 2113 (GVT = 17.1063).
AVL tree size: 219
GVT #35: simulation 14% complete, max event queue size 2113 (GVT = 18.0814).
AVL tree size: 213
GVT #38: simulation 15% complete, max event queue size 2113 (GVT = 19.5763).
AVL tree size: 218
GVT #40: simulation 16% complete, max event queue size 2113 (GVT = 20.5604).
AVL tree size: 223
GVT #43: simulation 17% complete, max event queue size 2122 (GVT = 22.0543).
AVL tree size: 204
GVT #46: simulation 18% complete, max event queue size 2122 (GVT = 23.5422).
AVL tree size: 243
GVT #48: simulation 19% complete, max event queue size 2122 (GVT = 24.5248).
AVL tree size: 246
GVT #51: simulation 20% complete, max event queue size 2122 (GVT = 26.0031).
AVL tree size: 249
GVT #53: simulation 21% complete, max event queue size 2122 (GVT = 27.0119).
AVL tree size: 254
GVT #56: simulation 22% complete, max event queue size 2122 (GVT = 28.4992).
AVL tree size: 227
GVT #58: simulation 23% complete, max event queue size 2122 (GVT = 29.4521).
AVL tree size: 239
GVT #61: simulation 24% complete, max event queue size 2122 (GVT = 30.9384).
AVL tree size: 225
GVT #64: simulation 25% complete, max event queue size 2122 (GVT = 32.4229).
AVL tree size: 220
GVT #66: simulation 26% complete, max event queue size 2122 (GVT = 33.3989).
AVL tree size: 229
GVT #69: simulation 27% complete, max event queue size 2122 (GVT = 34.8734).
AVL tree size: 261
GVT #72: simulation 28% complete, max event queue size 2122 (GVT = 36.3002).
AVL tree size: 251
GVT #74: simulation 29% complete, max event queue size 2122 (GVT = 37.3036).
AVL tree size: 252
GVT #77: simulation 30% complete, max event queue size 2122 (GVT = 38.8187).
AVL tree size: 241
GVT #79: simulation 31% complete, max event queue size 2122 (GVT = 39.8175).
AVL tree size: 250
GVT #82: simulation 32% complete, max event queue size 2133 (GVT = 41.3213).
AVL tree size: 247
GVT #84: simulation 33% complete, max event queue size 2133 (GVT = 42.3528).
AVL tree size: 233
GVT #87: simulation 34% complete, max event queue size 2133 (GVT = 43.8625).
AVL tree size: 260
GVT #89: simulation 35% complete, max event queue size 2133 (GVT = 44.8340).
AVL tree size: 240
GVT #92: simulation 36% complete, max event queue size 2133 (GVT = 46.3339).
AVL tree size: 257
GVT #95: simulation 37% complete, max event queue size 2133 (GVT = 47.7993).
AVL tree size: 254
GVT #97: simulation 38% complete, max event queue size 2133 (GVT = 48.7790).
AVL tree size: 239
GVT #100: simulation 39% complete, max event queue size 2133 (GVT = 50.3062).
AVL tree size: 230
GVT #102: simulation 40% complete, max event queue size 2133 (GVT = 51.3125).
AVL tree size: 229
GVT #105: simulation 41% complete, max event queue size 2133 (GVT = 52.7939).
AVL tree size: 239
GVT #107: simulation 42% complete, max event queue size 2133 (GVT = 53.8066).
AVL tree size: 221
GVT #110: simulation 43% complete, max event queue size 2133 (GVT = 55.2608).
AVL tree size: 214
GVT #113: simulation 44% complete, max event queue size 2133 (GVT = 56.7575).
AVL tree size: 237
GVT #115: simulation 45% complete, max event queue size 2133 (GVT = 57.7237).
AVL tree size: 251
GVT #118: simulation 46% complete, max event queue size 2133 (GVT = 59.2597).
AVL tree size: 253
GVT #120: simulation 47% complete, max event queue size 2133 (GVT = 60.2154).
AVL tree size: 239
GVT #123: simulation 48% complete, max event queue size 2133 (GVT = 61.6912).
AVL tree size: 257
GVT #126: simulation 49% complete, max event queue size 2133 (GVT = 63.1870).
AVL tree size: 257
GVT #128: simulation 50% complete, max event queue size 2133 (GVT = 64.1819).
AVL tree size: 262
GVT #131: simulation 51% complete, max event queue size 2133 (GVT = 65.6608).
AVL tree size: 260
GVT #133: simulation 52% complete, max event queue size 2133 (GVT = 66.6597).
AVL tree size: 270
GVT #136: simulation 53% complete, max event queue size 2133 (GVT = 68.1207).
AVL tree size: 264
GVT #138: simulation 54% complete, max event queue size 2133 (GVT = 69.1274).
AVL tree size: 276
GVT #141: simulation 55% complete, max event queue size 2133 (GVT = 70.6146).
AVL tree size: 240
GVT #144: simulation 56% complete, max event queue size 2133 (GVT = 72.0580).
AVL tree size: 236
GVT #146: simulation 57% complete, max event queue size 2133 (GVT = 73.0448).
AVL tree size: 255
GVT #149: simulation 58% complete, max event queue size 2133 (GVT = 74.5588).
AVL tree size: 250
GVT #151: simulation 59% complete, max event queue size 2133 (GVT = 75.5395).
AVL tree size: 272
GVT #154: simulation 60% complete, max event queue size 2133 (GVT = 77.0457).
AVL tree size: 248
GVT #157: simulation 61% complete, max event queue size 2133 (GVT = 78.4977).
AVL tree size: 266
GVT #159: simulation 62% complete, max event queue size 2133 (GVT = 79.4888).
AVL tree size: 252
GVT #162: simulation 63% complete, max event queue size 2133 (GVT = 80.9931).
AVL tree size: 267
GVT #164: simulation 64% complete, max event queue size 2133 (GVT = 81.9773).
AVL tree size: 265
GVT #167: simulation 65% complete, max event queue size 2133 (GVT = 83.4840).
AVL tree size: 291
GVT #169: simulation 66% complete, max event queue size 2133 (GVT = 84.4834).
AVL tree size: 267
GVT #172: simulation 67% complete, max event queue size 2133 (GVT = 85.9950).
AVL tree size: 231
GVT #175: simulation 68% complete, max event queue size 2133 (GVT = 87.4231).
AVL tree size: 266
GVT #177: simulation 69% complete, max event queue size 2133 (GVT = 88.4135).
AVL tree size: 262
GVT #180: simulation 70% complete, max event queue size 2133 (GVT = 89.9014).
AVL tree size: 269
GVT #182: simulation 71% complete, max event queue size 2133 (GVT = 90.9290).
AVL tree size: 272
GVT #185: simulation 72% complete, max event queue size 2133 (GVT = 92.4164).
AVL tree size: 260
GVT #188: simulation 73% complete, max event queue size 2133 (GVT = 93.9251).
AVL tree size: 256
GVT #190: simulation 74% complete, max event queue size 2133 (GVT = 94.8692).
AVL tree size: 288
GVT #193: simulation 75% complete, max event queue size 2133 (GVT = 96.3764).
AVL tree size: 276
GVT #195: simulation 76% complete, max event queue size 2133 (GVT = 97.3845).
AVL tree size: 242
GVT #198: simulation 77% complete, max event queue size 2133 (GVT = 98.8852).
AVL tree size: 279
GVT #200: simulation 78% complete, max event queue size 2133 (GVT = 99.8716).
AVL tree size: 268
GVT #203: simulation 79% complete, max event queue size 2133 (GVT = 101.3506).
AVL tree size: 266
GVT #206: simulation 80% complete, max event queue size 2133 (GVT = 102.8589).
AVL tree size: 245
GVT #208: simulation 81% complete, max event queue size 2133 (GVT = 103.8253).
AVL tree size: 246
GVT #211: simulation 82% complete, max event queue size 2133 (GVT = 105.2541).
AVL tree size: 237
GVT #213: simulation 83% complete, max event queue size 2133 (GVT = 106.2557).
AVL tree size: 264
GVT #216: simulation 84% complete, max event queue size 2133 (GVT = 107.7275).
AVL tree size: 246
GVT #219: simulation 85% complete, max event queue size 2133 (GVT = 109.2607).
AVL tree size: 221
GVT #221: simulation 86% complete, max event queue size 2133 (GVT = 110.2669).
AVL tree size: 223
GVT #224: simulation 87% complete, max event queue size 2133 (GVT = 111.7738).
AVL tree size: 251
GVT #226: simulation 88% complete, max event queue size 2133 (GVT = 112.7478).
AVL tree size: 248
GVT #229: simulation 89% complete, max event queue size 2133 (GVT = 114.2515).
AVL tree size: 254
GVT #232: simulation 90% complete, max event queue size 2133 (GVT = 115.6923).
AVL tree size: 278
GVT #234: simulation 91% complete, max event queue size 2133 (GVT = 116.6632).
AVL tree size: 267
GVT #237: simulation 92% complete, max event queue size 2133 (GVT = 118.1189).
AVL tree size: 296
GVT #239: simulation 93% complete, max event queue size 2133 (GVT = 119.1028).
AVL tree size: 282
GVT #242: simulation 94% complete, max event queue size 2148 (GVT = 120.5840).
AVL tree size: 295
GVT #245: simulation 95% complete, max event queue size 2148 (GVT = 122.0621).
AVL tree size: 288
GVT #247: simulation 96% complete, max event queue size 2148 (GVT = 123.0853).
AVL tree size: 295
GVT #250: simulation 97% complete, max event queue size 2148 (GVT = 124.6090).
AVL tree size: 268
GVT #252: simulation 98% complete, max event queue size 2148 (GVT = 125.5713).
AVL tree size: 265
GVT #255: simulation 99% complete, max event queue size 2148 (GVT = 127.0908).
AVL tree size: 174
GVT #260: simulation 100% complete, max event queue size 2148 (GVT = MAX).
AVL tree size: 19
*** END SIMULATION ***


	: Running Time = 4.7396 seconds

TW Library Statistics:
	Total Events Processed                               268885371
	Events Aborted (part of RBs)                                 0
	Events Rolled Back                                     1528412
	Event Ties Detected in PE Queues                             0
	Efficiency                                               99.43 %
	Total Remote (shared mem) Events Processed                   0
	Percent Remote Events                                     0.00 %
	Total Remote (network) Events Processed               16906167
	Percent Remote Events                                     6.32 %

	Total Roll Backs                                        522653
	Primary Roll Backs                                      510902
	Secondary Roll Backs                                     11751
	Fossil Collect Attempts                                 267264
	Total GVT Computations                                     261

	Net Events Processed                                 267356959
	Event Rate (events/sec)                             56409336.7
	Total Events Scheduled Past End Time                   2112672

TW Memory Statistics:
	Events Allocated                                         68433
	Memory Allocated                                         57958
	Memory Wasted                                             1156

TW Network Statistics:
	Remote sends                                          17277135
	Remote recvs                                          17277135

TW Data Structure sizes in bytes (sizeof):
	PE struct                                                  608
	KP struct                                                  144
	LP struct                                                  128
	LP Model struct                                             36
	LP RNGs                                                     80
	Total LP                                                   244
	Event struct                                               152
	Event struct with Model                                    156

TW Clock Cycle Statistics (MAX values in secs at 1.0000 GHz):
	Priority Queue (enq/deq)                                0.1290
	AVL Tree (insert/delete)                                0.1328
	LZ4 (de)compression                                     0.0000
	Buddy system                                            0.0000
	Event Processing                                        3.9089
	Event Cancel                                            0.0072
	Event Abort                                             0.0000

	GVT                                                     1.0053
	Fossil Collect                                          0.7966
	Primary Rollbacks                                       0.0481
	Network Read                                            1.6522
	Statistics Computation                                  0.0000
	Statistics Write                                        0.0000
	Total Time (Note: Using Running Time above for Speedup)      7.5833

TW GVT Statistics: MPI AllReduce
	GVT Interval                                               256
	GVT Real Time Interval (cycles)                    0
	GVT Real Time Interval (sec)                        0.00000000
	Batch Size                                                   4

	Forced GVT                                                   0
	Total GVT Computations                                     261
	Total All Reduce Calls                                     788
	Average Reduction / GVT                                   3.02
Total Grass Amount ................................-2008774979
Total Predator Amount .............................36049086
Total Prey Amount .................................106658207
Average Predator per cell..........................34.379087
Average Prey per cell .............................101.717193
Average Predator In-cell Movement .................0.262601
Average Predator Out-cell Movement ................0.259578
Average Prey In-cell Movement .....................126.723487
Average Prey Out-cell Movement ....................127.725800
