/gpfs/u/scratch/PCP7/PCP7thrn/final/ross-build/models/pred-prey/./pp --synch=3 --end=256.0 --batch=4 --gvt-interval=256 

Sun Apr 29 12:12:06 2018

ROSS Revision: GITDIR-NOTFOUND

tw_net_start: Found world size to be 1024 
Running simulation with following configuration: 
    Buffers Allocated Per PE = 18432




/**********************************************/
NUM CELLS X      = 1024
NUM CELLS Y      = 1024
CELL_TICK        = 1.000000
NUM KPs per PE   = 64 
NUM LPs per PE   = 1024 
g_vp_per_proc    = 64 
/**********************************************/



ROSS Core Configuration: 
	Total Nodes                                               1024
	Total Processors                                   [Nodes (1024) x PE_per_Node (1)] 1024
	Total KPs                                          [Nodes (1024) x KPs (64)] 65536
	Total LPs                                              1048576
	Simulation End Time                                     256.00
	LP-to-PE Mapping                                   model defined


ROSS Event Memory Allocation:
	Model events                                             18433
	Network events                                           50000
	Total events                                             68432

*** START PARALLEL OPTIMISTIC SIMULATION WITH SUSPEND LP FEATURE ***

GVT #4: simulation 1% complete, max event queue size 2028 (GVT = 2.8017).
AVL tree size: 200
GVT #9: simulation 2% complete, max event queue size 2056 (GVT = 5.2646).
AVL tree size: 193
GVT #14: simulation 3% complete, max event queue size 2086 (GVT = 7.7342).
AVL tree size: 235
GVT #20: simulation 4% complete, max event queue size 2105 (GVT = 10.6754).
AVL tree size: 216
GVT #25: simulation 5% complete, max event queue size 2105 (GVT = 13.1580).
AVL tree size: 236
GVT #30: simulation 6% complete, max event queue size 2105 (GVT = 15.6235).
AVL tree size: 191
GVT #35: simulation 7% complete, max event queue size 2105 (GVT = 18.0824).
AVL tree size: 213
GVT #40: simulation 8% complete, max event queue size 2105 (GVT = 20.5624).
AVL tree size: 223
GVT #46: simulation 9% complete, max event queue size 2126 (GVT = 23.5495).
AVL tree size: 242
GVT #51: simulation 10% complete, max event queue size 2126 (GVT = 26.0066).
AVL tree size: 238
GVT #56: simulation 11% complete, max event queue size 2126 (GVT = 28.5051).
AVL tree size: 229
GVT #61: simulation 12% complete, max event queue size 2126 (GVT = 30.9444).
AVL tree size: 221
GVT #66: simulation 13% complete, max event queue size 2126 (GVT = 33.4007).
AVL tree size: 231
GVT #72: simulation 14% complete, max event queue size 2126 (GVT = 36.3015).
AVL tree size: 251
GVT #77: simulation 15% complete, max event queue size 2126 (GVT = 38.8180).
AVL tree size: 237
GVT #82: simulation 16% complete, max event queue size 2126 (GVT = 41.3025).
AVL tree size: 245
GVT #87: simulation 17% complete, max event queue size 2126 (GVT = 43.8572).
AVL tree size: 261
GVT #92: simulation 18% complete, max event queue size 2126 (GVT = 46.3309).
AVL tree size: 258
GVT #97: simulation 19% complete, max event queue size 2126 (GVT = 48.7781).
AVL tree size: 228
GVT #102: simulation 20% complete, max event queue size 2126 (GVT = 51.3008).
AVL tree size: 230
GVT #107: simulation 21% complete, max event queue size 2126 (GVT = 53.8161).
AVL tree size: 227
GVT #113: simulation 22% complete, max event queue size 2126 (GVT = 56.7413).
AVL tree size: 245
GVT #118: simulation 23% complete, max event queue size 2126 (GVT = 59.2689).
AVL tree size: 249
GVT #123: simulation 24% complete, max event queue size 2126 (GVT = 61.6915).
AVL tree size: 260
GVT #128: simulation 25% complete, max event queue size 2126 (GVT = 64.1419).
AVL tree size: 277
GVT #133: simulation 26% complete, max event queue size 2126 (GVT = 66.5889).
AVL tree size: 275
GVT #139: simulation 27% complete, max event queue size 2126 (GVT = 69.5330).
AVL tree size: 289
GVT #144: simulation 28% complete, max event queue size 2134 (GVT = 71.9890).
AVL tree size: 268
GVT #149: simulation 29% complete, max event queue size 2134 (GVT = 74.4747).
AVL tree size: 268
GVT #154: simulation 30% complete, max event queue size 2134 (GVT = 76.9720).
AVL tree size: 247
GVT #159: simulation 31% complete, max event queue size 2134 (GVT = 79.3893).
AVL tree size: 252
GVT #165: simulation 32% complete, max event queue size 2134 (GVT = 82.3541).
AVL tree size: 278
GVT #170: simulation 33% complete, max event queue size 2134 (GVT = 84.8663).
AVL tree size: 278
GVT #175: simulation 34% complete, max event queue size 2134 (GVT = 87.4050).
AVL tree size: 260
GVT #180: simulation 35% complete, max event queue size 2134 (GVT = 89.8803).
AVL tree size: 269
GVT #185: simulation 36% complete, max event queue size 2134 (GVT = 92.3369).
AVL tree size: 291
GVT #190: simulation 37% complete, max event queue size 2134 (GVT = 94.8300).
AVL tree size: 311
GVT #196: simulation 38% complete, max event queue size 2134 (GVT = 97.7532).
AVL tree size: 258
GVT #201: simulation 39% complete, max event queue size 2134 (GVT = 100.2349).
AVL tree size: 274
GVT #206: simulation 40% complete, max event queue size 2134 (GVT = 102.7094).
AVL tree size: 273
GVT #211: simulation 41% complete, max event queue size 2134 (GVT = 105.1976).
AVL tree size: 261
GVT #216: simulation 42% complete, max event queue size 2134 (GVT = 107.7241).
AVL tree size: 249
GVT #221: simulation 43% complete, max event queue size 2134 (GVT = 110.1835).
AVL tree size: 246
GVT #226: simulation 44% complete, max event queue size 2134 (GVT = 112.6436).
AVL tree size: 257
GVT #232: simulation 45% complete, max event queue size 2134 (GVT = 115.5410).
AVL tree size: 281
GVT #237: simulation 46% complete, max event queue size 2134 (GVT = 118.0296).
AVL tree size: 299
GVT #242: simulation 47% complete, max event queue size 2158 (GVT = 120.5595).
AVL tree size: 309
GVT #247: simulation 48% complete, max event queue size 2158 (GVT = 123.0355).
AVL tree size: 318
GVT #252: simulation 49% complete, max event queue size 2158 (GVT = 125.5281).
AVL tree size: 290
GVT #258: simulation 50% complete, max event queue size 2158 (GVT = 128.4845).
AVL tree size: 305
GVT #263: simulation 51% complete, max event queue size 2158 (GVT = 130.9158).
AVL tree size: 292
GVT #268: simulation 52% complete, max event queue size 2158 (GVT = 133.3773).
AVL tree size: 319
GVT #273: simulation 53% complete, max event queue size 2158 (GVT = 135.8544).
AVL tree size: 340
GVT #278: simulation 54% complete, max event queue size 2158 (GVT = 138.4362).
AVL tree size: 272
GVT #283: simulation 55% complete, max event queue size 2158 (GVT = 140.8988).
AVL tree size: 275
GVT #289: simulation 56% complete, max event queue size 2158 (GVT = 143.7891).
AVL tree size: 303
GVT #294: simulation 57% complete, max event queue size 2158 (GVT = 146.3454).
AVL tree size: 295
GVT #299: simulation 58% complete, max event queue size 2158 (GVT = 148.7922).
AVL tree size: 319
GVT #304: simulation 59% complete, max event queue size 2158 (GVT = 151.2628).
AVL tree size: 329
GVT #309: simulation 60% complete, max event queue size 2158 (GVT = 153.7631).
AVL tree size: 356
GVT #314: simulation 61% complete, max event queue size 2158 (GVT = 156.2101).
AVL tree size: 344
GVT #320: simulation 62% complete, max event queue size 2158 (GVT = 159.2063).
AVL tree size: 362
GVT #325: simulation 63% complete, max event queue size 2158 (GVT = 161.6681).
AVL tree size: 305
GVT #330: simulation 64% complete, max event queue size 2158 (GVT = 164.1860).
AVL tree size: 320
GVT #335: simulation 65% complete, max event queue size 2158 (GVT = 166.5905).
AVL tree size: 311
GVT #340: simulation 66% complete, max event queue size 2158 (GVT = 169.1557).
AVL tree size: 282
GVT #345: simulation 67% complete, max event queue size 2158 (GVT = 171.6934).
AVL tree size: 303
GVT #350: simulation 68% complete, max event queue size 2158 (GVT = 174.1641).
AVL tree size: 271
GVT #356: simulation 69% complete, max event queue size 2158 (GVT = 177.1407).
AVL tree size: 277
GVT #361: simulation 70% complete, max event queue size 2158 (GVT = 179.6101).
AVL tree size: 289
GVT #366: simulation 71% complete, max event queue size 2158 (GVT = 182.0570).
AVL tree size: 287
GVT #371: simulation 72% complete, max event queue size 2158 (GVT = 184.5530).
AVL tree size: 290
GVT #376: simulation 73% complete, max event queue size 2158 (GVT = 187.0812).
AVL tree size: 307
GVT #381: simulation 74% complete, max event queue size 2158 (GVT = 189.5994).
AVL tree size: 330
GVT #386: simulation 75% complete, max event queue size 2160 (GVT = 192.0466).
AVL tree size: 270
GVT #392: simulation 76% complete, max event queue size 2160 (GVT = 194.9818).
AVL tree size: 264
GVT #397: simulation 77% complete, max event queue size 2160 (GVT = 197.5128).
AVL tree size: 293
GVT #402: simulation 78% complete, max event queue size 2160 (GVT = 200.0348).
AVL tree size: 262
GVT #407: simulation 79% complete, max event queue size 2160 (GVT = 202.5105).
AVL tree size: 262
GVT #412: simulation 80% complete, max event queue size 2160 (GVT = 204.9955).
AVL tree size: 274
GVT #417: simulation 81% complete, max event queue size 2160 (GVT = 207.4712).
AVL tree size: 251
GVT #422: simulation 82% complete, max event queue size 2160 (GVT = 209.9877).
AVL tree size: 290
GVT #427: simulation 83% complete, max event queue size 2160 (GVT = 212.4954).
AVL tree size: 264
GVT #433: simulation 84% complete, max event queue size 2160 (GVT = 215.4601).
AVL tree size: 271
GVT #438: simulation 85% complete, max event queue size 2160 (GVT = 217.9649).
AVL tree size: 279
GVT #443: simulation 86% complete, max event queue size 2160 (GVT = 220.4571).
AVL tree size: 286
GVT #448: simulation 87% complete, max event queue size 2160 (GVT = 222.9370).
AVL tree size: 291
GVT #453: simulation 88% complete, max event queue size 2160 (GVT = 225.3806).
AVL tree size: 303
GVT #458: simulation 89% complete, max event queue size 2160 (GVT = 227.8739).
AVL tree size: 285
GVT #464: simulation 90% complete, max event queue size 2160 (GVT = 230.8973).
AVL tree size: 262
GVT #469: simulation 91% complete, max event queue size 2160 (GVT = 233.4041).
AVL tree size: 234
GVT #474: simulation 92% complete, max event queue size 2160 (GVT = 235.8895).
AVL tree size: 271
GVT #479: simulation 93% complete, max event queue size 2160 (GVT = 238.3718).
AVL tree size: 277
GVT #484: simulation 94% complete, max event queue size 2160 (GVT = 240.8398).
AVL tree size: 261
GVT #489: simulation 95% complete, max event queue size 2160 (GVT = 243.3242).
AVL tree size: 258
GVT #494: simulation 96% complete, max event queue size 2160 (GVT = 245.7843).
AVL tree size: 258
GVT #500: simulation 97% complete, max event queue size 2160 (GVT = 248.7092).
AVL tree size: 290
GVT #505: simulation 98% complete, max event queue size 2160 (GVT = 251.2083).
AVL tree size: 259
GVT #510: simulation 99% complete, max event queue size 2160 (GVT = 253.7258).
AVL tree size: 231
GVT #517: simulation 100% complete, max event queue size 2160 (GVT = MAX).
AVL tree size: 8
*** END SIMULATION ***


	: Running Time = 9.7039 seconds

TW Library Statistics:
	Total Events Processed                               539113573
	Events Aborted (part of RBs)                                 0
	Events Rolled Back                                     3300245
	Event Ties Detected in PE Queues                             0
	Efficiency                                               99.38 %
	Total Remote (shared mem) Events Processed                   0
	Percent Remote Events                                     0.00 %
	Total Remote (network) Events Processed               33954401
	Percent Remote Events                                     6.34 %

	Total Roll Backs                                       1093785
	Primary Roll Backs                                     1066208
	Secondary Roll Backs                                     27577
	Fossil Collect Attempts                                 530432
	Total GVT Computations                                     518

	Net Events Processed                                 535813328
	Event Rate (events/sec)                             55216167.6
	Total Events Scheduled Past End Time                   2114554

TW Memory Statistics:
	Events Allocated                                         68433
	Memory Allocated                                         57958
	Memory Wasted                                             1156

TW Network Statistics:
	Remote sends                                          34754023
	Remote recvs                                          34754023

TW Data Structure sizes in bytes (sizeof):
	PE struct                                                  608
	KP struct                                                  144
	LP struct                                                  128
	LP Model struct                                             36
	LP RNGs                                                     80
	Total LP                                                   244
	Event struct                                               152
	Event struct with Model                                    156

TW Clock Cycle Statistics (MAX values in secs at 1.0000 GHz):
	Priority Queue (enq/deq)                                0.2708
	AVL Tree (insert/delete)                                0.2861
	LZ4 (de)compression                                     0.0000
	Buddy system                                            0.0000
	Event Processing                                        8.0246
	Event Cancel                                            0.0191
	Event Abort                                             0.0000

	GVT                                                     1.9786
	Fossil Collect                                          1.6674
	Primary Rollbacks                                       0.0996
	Network Read                                            3.3474
	Statistics Computation                                  0.0000
	Statistics Write                                        0.0000
	Total Time (Note: Using Running Time above for Speedup)     15.5263

TW GVT Statistics: MPI AllReduce
	GVT Interval                                               256
	GVT Real Time Interval (cycles)                    0
	GVT Real Time Interval (sec)                        0.00000000
	Batch Size                                                   4

	Forced GVT                                                   0
	Total GVT Computations                                     518
	Total All Reduce Calls                                    1560
	Average Reduction / GVT                                   3.01
Total Grass Amount ................................-2095227173
Total Predator Amount .............................697198864
Total Prey Amount .................................2080574993
Average Predator per cell..........................664.900650
Average Prey per cell .............................1984.190934
Average Predator In-cell Movement .................0.593207
Average Predator Out-cell Movement ................0.592125
Average Prey In-cell Movement .....................254.402231
Average Prey Out-cell Movement ....................255.403846
