/gpfs/u/scratch/PCP7/PCP7thrn/final/ross-build/models/pred-prey/./pp --synch=3 --end=128.0 --batch=4 --gvt-interval=256 

Sun Apr 29 12:11:55 2018

ROSS Revision: GITDIR-NOTFOUND

tw_net_start: Found world size to be 1024 
Running simulation with following configuration: 
    Buffers Allocated Per PE = 18432




/**********************************************/
NUM CELLS X      = 1024
NUM CELLS Y      = 1024
CELL_TICK        = 1.000000
NUM KPs per PE   = 64 
NUM LPs per PE   = 1024 
g_vp_per_proc    = 64 
/**********************************************/



ROSS Core Configuration: 
	Total Nodes                                               1024
	Total Processors                                   [Nodes (1024) x PE_per_Node (1)] 1024
	Total KPs                                          [Nodes (1024) x KPs (64)] 65536
	Total LPs                                              1048576
	Simulation End Time                                     128.00
	LP-to-PE Mapping                                   model defined


ROSS Event Memory Allocation:
	Model events                                             18433
	Network events                                           50000
	Total events                                             68432

*** START PARALLEL OPTIMISTIC SIMULATION WITH SUSPEND LP FEATURE ***

GVT #2: simulation 1% complete, max event queue size 1855 (GVT = 1.7934).
AVL tree size: 156
GVT #4: simulation 2% complete, max event queue size 2024 (GVT = 2.8017).
AVL tree size: 200
GVT #7: simulation 3% complete, max event queue size 2049 (GVT = 4.2865).
AVL tree size: 206
GVT #9: simulation 4% complete, max event queue size 2054 (GVT = 5.2646).
AVL tree size: 194
GVT #12: simulation 5% complete, max event queue size 2082 (GVT = 6.7371).
AVL tree size: 217
GVT #14: simulation 6% complete, max event queue size 2082 (GVT = 7.7351).
AVL tree size: 235
GVT #17: simulation 7% complete, max event queue size 2107 (GVT = 9.1890).
AVL tree size: 232
GVT #20: simulation 8% complete, max event queue size 2107 (GVT = 10.6744).
AVL tree size: 217
GVT #22: simulation 9% complete, max event queue size 2112 (GVT = 11.6431).
AVL tree size: 238
GVT #25: simulation 10% complete, max event queue size 2112 (GVT = 13.1557).
AVL tree size: 236
GVT #27: simulation 11% complete, max event queue size 2112 (GVT = 14.1510).
AVL tree size: 237
GVT #30: simulation 12% complete, max event queue size 2112 (GVT = 15.6237).
AVL tree size: 191
GVT #33: simulation 13% complete, max event queue size 2112 (GVT = 17.1086).
AVL tree size: 219
GVT #35: simulation 14% complete, max event queue size 2112 (GVT = 18.0838).
AVL tree size: 213
GVT #38: simulation 15% complete, max event queue size 2112 (GVT = 19.5776).
AVL tree size: 217
GVT #40: simulation 16% complete, max event queue size 2112 (GVT = 20.5651).
AVL tree size: 222
GVT #43: simulation 17% complete, max event queue size 2115 (GVT = 22.0497).
AVL tree size: 202
GVT #46: simulation 18% complete, max event queue size 2115 (GVT = 23.5506).
AVL tree size: 242
GVT #48: simulation 19% complete, max event queue size 2115 (GVT = 24.5247).
AVL tree size: 247
GVT #51: simulation 20% complete, max event queue size 2115 (GVT = 26.0032).
AVL tree size: 248
GVT #53: simulation 21% complete, max event queue size 2115 (GVT = 27.0149).
AVL tree size: 257
GVT #56: simulation 22% complete, max event queue size 2115 (GVT = 28.5080).
AVL tree size: 233
GVT #58: simulation 23% complete, max event queue size 2115 (GVT = 29.4599).
AVL tree size: 244
GVT #61: simulation 24% complete, max event queue size 2115 (GVT = 30.9444).
AVL tree size: 224
GVT #64: simulation 25% complete, max event queue size 2115 (GVT = 32.4267).
AVL tree size: 217
GVT #66: simulation 26% complete, max event queue size 2115 (GVT = 33.4010).
AVL tree size: 226
GVT #69: simulation 27% complete, max event queue size 2115 (GVT = 34.8793).
AVL tree size: 256
GVT #72: simulation 28% complete, max event queue size 2115 (GVT = 36.3029).
AVL tree size: 247
GVT #74: simulation 29% complete, max event queue size 2115 (GVT = 37.2969).
AVL tree size: 252
GVT #77: simulation 30% complete, max event queue size 2115 (GVT = 38.8176).
AVL tree size: 237
GVT #79: simulation 31% complete, max event queue size 2115 (GVT = 39.8166).
AVL tree size: 248
GVT #82: simulation 32% complete, max event queue size 2125 (GVT = 41.3358).
AVL tree size: 246
GVT #84: simulation 33% complete, max event queue size 2125 (GVT = 42.3502).
AVL tree size: 233
GVT #87: simulation 34% complete, max event queue size 2125 (GVT = 43.8644).
AVL tree size: 261
GVT #89: simulation 35% complete, max event queue size 2125 (GVT = 44.8576).
AVL tree size: 242
GVT #92: simulation 36% complete, max event queue size 2125 (GVT = 46.3541).
AVL tree size: 256
GVT #95: simulation 37% complete, max event queue size 2128 (GVT = 47.7997).
AVL tree size: 256
GVT #97: simulation 38% complete, max event queue size 2128 (GVT = 48.7994).
AVL tree size: 227
GVT #100: simulation 39% complete, max event queue size 2128 (GVT = 50.3189).
AVL tree size: 226
GVT #102: simulation 40% complete, max event queue size 2128 (GVT = 51.3189).
AVL tree size: 230
GVT #105: simulation 41% complete, max event queue size 2128 (GVT = 52.8183).
AVL tree size: 243
GVT #107: simulation 42% complete, max event queue size 2128 (GVT = 53.8237).
AVL tree size: 225
GVT #110: simulation 43% complete, max event queue size 2128 (GVT = 55.2705).
AVL tree size: 216
GVT #113: simulation 44% complete, max event queue size 2128 (GVT = 56.7722).
AVL tree size: 232
GVT #115: simulation 45% complete, max event queue size 2128 (GVT = 57.7553).
AVL tree size: 245
GVT #118: simulation 46% complete, max event queue size 2128 (GVT = 59.2485).
AVL tree size: 242
GVT #120: simulation 47% complete, max event queue size 2128 (GVT = 60.2347).
AVL tree size: 241
GVT #123: simulation 48% complete, max event queue size 2128 (GVT = 61.7115).
AVL tree size: 260
GVT #126: simulation 49% complete, max event queue size 2128 (GVT = 63.1587).
AVL tree size: 261
GVT #128: simulation 50% complete, max event queue size 2128 (GVT = 64.1612).
AVL tree size: 273
GVT #131: simulation 51% complete, max event queue size 2128 (GVT = 65.6420).
AVL tree size: 266
GVT #133: simulation 52% complete, max event queue size 2128 (GVT = 66.6049).
AVL tree size: 273
GVT #136: simulation 53% complete, max event queue size 2128 (GVT = 68.1014).
AVL tree size: 247
GVT #139: simulation 54% complete, max event queue size 2128 (GVT = 69.5754).
AVL tree size: 259
GVT #141: simulation 55% complete, max event queue size 2128 (GVT = 70.5642).
AVL tree size: 254
GVT #144: simulation 56% complete, max event queue size 2128 (GVT = 72.0043).
AVL tree size: 249
GVT #146: simulation 57% complete, max event queue size 2128 (GVT = 72.9954).
AVL tree size: 273
GVT #149: simulation 58% complete, max event queue size 2128 (GVT = 74.5151).
AVL tree size: 239
GVT #152: simulation 59% complete, max event queue size 2128 (GVT = 76.0219).
AVL tree size: 273
GVT #154: simulation 60% complete, max event queue size 2128 (GVT = 77.0195).
AVL tree size: 261
GVT #157: simulation 61% complete, max event queue size 2128 (GVT = 78.4992).
AVL tree size: 266
GVT #159: simulation 62% complete, max event queue size 2128 (GVT = 79.4763).
AVL tree size: 253
GVT #162: simulation 63% complete, max event queue size 2128 (GVT = 80.9798).
AVL tree size: 270
GVT #164: simulation 64% complete, max event queue size 2128 (GVT = 81.9534).
AVL tree size: 241
GVT #167: simulation 65% complete, max event queue size 2128 (GVT = 83.4391).
AVL tree size: 277
GVT #170: simulation 66% complete, max event queue size 2128 (GVT = 84.9733).
AVL tree size: 264
GVT #172: simulation 67% complete, max event queue size 2128 (GVT = 85.9605).
AVL tree size: 238
GVT #175: simulation 68% complete, max event queue size 2128 (GVT = 87.4042).
AVL tree size: 244
GVT #177: simulation 69% complete, max event queue size 2128 (GVT = 88.3790).
AVL tree size: 262
GVT #180: simulation 70% complete, max event queue size 2128 (GVT = 89.8650).
AVL tree size: 295
GVT #183: simulation 71% complete, max event queue size 2128 (GVT = 91.3903).
AVL tree size: 260
GVT #185: simulation 72% complete, max event queue size 2128 (GVT = 92.3881).
AVL tree size: 263
GVT #188: simulation 73% complete, max event queue size 2128 (GVT = 93.9104).
AVL tree size: 244
GVT #190: simulation 74% complete, max event queue size 2128 (GVT = 94.8831).
AVL tree size: 274
GVT #193: simulation 75% complete, max event queue size 2128 (GVT = 96.3609).
AVL tree size: 267
GVT #195: simulation 76% complete, max event queue size 2128 (GVT = 97.3796).
AVL tree size: 243
GVT #198: simulation 77% complete, max event queue size 2128 (GVT = 98.8724).
AVL tree size: 278
GVT #200: simulation 78% complete, max event queue size 2128 (GVT = 99.8813).
AVL tree size: 265
GVT #203: simulation 79% complete, max event queue size 2131 (GVT = 101.3676).
AVL tree size: 262
GVT #206: simulation 80% complete, max event queue size 2131 (GVT = 102.8626).
AVL tree size: 240
GVT #208: simulation 81% complete, max event queue size 2131 (GVT = 103.8593).
AVL tree size: 243
GVT #211: simulation 82% complete, max event queue size 2131 (GVT = 105.2796).
AVL tree size: 255
GVT #213: simulation 83% complete, max event queue size 2131 (GVT = 106.2764).
AVL tree size: 254
GVT #216: simulation 84% complete, max event queue size 2131 (GVT = 107.7473).
AVL tree size: 257
GVT #219: simulation 85% complete, max event queue size 2131 (GVT = 109.2741).
AVL tree size: 246
GVT #221: simulation 86% complete, max event queue size 2131 (GVT = 110.2498).
AVL tree size: 218
GVT #224: simulation 87% complete, max event queue size 2131 (GVT = 111.7000).
AVL tree size: 264
GVT #226: simulation 88% complete, max event queue size 2131 (GVT = 112.6921).
AVL tree size: 257
GVT #229: simulation 89% complete, max event queue size 2131 (GVT = 114.1913).
AVL tree size: 252
GVT #231: simulation 90% complete, max event queue size 2131 (GVT = 115.2074).
AVL tree size: 262
GVT #234: simulation 91% complete, max event queue size 2131 (GVT = 116.6683).
AVL tree size: 267
GVT #237: simulation 92% complete, max event queue size 2131 (GVT = 118.1144).
AVL tree size: 273
GVT #239: simulation 93% complete, max event queue size 2131 (GVT = 119.1060).
AVL tree size: 266
GVT #242: simulation 94% complete, max event queue size 2157 (GVT = 120.5726).
AVL tree size: 300
GVT #245: simulation 95% complete, max event queue size 2157 (GVT = 122.1068).
AVL tree size: 311
GVT #247: simulation 96% complete, max event queue size 2157 (GVT = 123.0989).
AVL tree size: 313
GVT #250: simulation 97% complete, max event queue size 2157 (GVT = 124.5858).
AVL tree size: 289
GVT #252: simulation 98% complete, max event queue size 2157 (GVT = 125.5519).
AVL tree size: 280
GVT #255: simulation 99% complete, max event queue size 2157 (GVT = 127.0688).
AVL tree size: 164
GVT #260: simulation 100% complete, max event queue size 2157 (GVT = MAX).
AVL tree size: 19
*** END SIMULATION ***


	: Running Time = 4.7608 seconds

TW Library Statistics:
	Total Events Processed                               268882629
	Events Aborted (part of RBs)                                 0
	Events Rolled Back                                     1526410
	Event Ties Detected in PE Queues                             0
	Efficiency                                               99.43 %
	Total Remote (shared mem) Events Processed                   0
	Percent Remote Events                                     0.00 %
	Total Remote (network) Events Processed               16904480
	Percent Remote Events                                     6.32 %

	Total Roll Backs                                        521326
	Primary Roll Backs                                      509514
	Secondary Roll Backs                                     11812
	Fossil Collect Attempts                                 267264
	Total GVT Computations                                     261

	Net Events Processed                                 267356219
	Event Rate (events/sec)                             56157598.7
	Total Events Scheduled Past End Time                   2111817

TW Memory Statistics:
	Events Allocated                                         68433
	Memory Allocated                                         57958
	Memory Wasted                                             1156

TW Network Statistics:
	Remote sends                                          17275690
	Remote recvs                                          17275690

TW Data Structure sizes in bytes (sizeof):
	PE struct                                                  608
	KP struct                                                  144
	LP struct                                                  128
	LP Model struct                                             36
	LP RNGs                                                     80
	Total LP                                                   244
	Event struct                                               152
	Event struct with Model                                    156

TW Clock Cycle Statistics (MAX values in secs at 1.0000 GHz):
	Priority Queue (enq/deq)                                0.1313
	AVL Tree (insert/delete)                                0.1328
	LZ4 (de)compression                                     0.0000
	Buddy system                                            0.0000
	Event Processing                                        3.9194
	Event Cancel                                            0.0096
	Event Abort                                             0.0000

	GVT                                                     1.0020
	Fossil Collect                                          0.7997
	Primary Rollbacks                                       0.0516
	Network Read                                            1.6695
	Statistics Computation                                  0.0000
	Statistics Write                                        0.0000
	Total Time (Note: Using Running Time above for Speedup)      7.6173

TW GVT Statistics: MPI AllReduce
	GVT Interval                                               256
	GVT Real Time Interval (cycles)                    0
	GVT Real Time Interval (sec)                        0.00000000
	Batch Size                                                   4

	Forced GVT                                                   0
	Total GVT Computations                                     261
	Total All Reduce Calls                                     786
	Average Reduction / GVT                                   3.01
Total Grass Amount ................................1125531019
Total Predator Amount .............................361624438
Total Prey Amount .................................1073857050
Average Predator per cell..........................344.871939
Average Prey per cell .............................1024.109888
Average Predator In-cell Movement .................0.593212
Average Predator Out-cell Movement ................0.592135
Average Prey In-cell Movement .....................126.392717
Average Prey Out-cell Movement ....................127.392694
