/gpfs/u/scratch/PCP7/PCP7thrn/final/ross-build/models/pred-prey/./pp --synch=3 --end=64.0 --batch=4 --gvt-interval=256 

Sun Apr 29 12:11:47 2018

ROSS Revision: GITDIR-NOTFOUND

tw_net_start: Found world size to be 1024 
Running simulation with following configuration: 
    Buffers Allocated Per PE = 18432




/**********************************************/
NUM CELLS X      = 1024
NUM CELLS Y      = 1024
CELL_TICK        = 1.000000
NUM KPs per PE   = 64 
NUM LPs per PE   = 1024 
g_vp_per_proc    = 64 
/**********************************************/



ROSS Core Configuration: 
	Total Nodes                                               1024
	Total Processors                                   [Nodes (1024) x PE_per_Node (1)] 1024
	Total KPs                                          [Nodes (1024) x KPs (64)] 65536
	Total LPs                                              1048576
	Simulation End Time                                      64.00
	LP-to-PE Mapping                                   model defined


ROSS Event Memory Allocation:
	Model events                                             18433
	Network events                                           50000
	Total events                                             68432

*** START PARALLEL OPTIMISTIC SIMULATION WITH SUSPEND LP FEATURE ***

GVT #2: simulation 2% complete, max event queue size 1855 (GVT = 1.7934).
AVL tree size: 156
GVT #3: simulation 3% complete, max event queue size 1924 (GVT = 2.3167).
AVL tree size: 165
GVT #4: simulation 4% complete, max event queue size 2025 (GVT = 2.8017).
AVL tree size: 200
GVT #5: simulation 5% complete, max event queue size 2030 (GVT = 3.2796).
AVL tree size: 204
GVT #6: simulation 5% complete, max event queue size 2049 (GVT = 3.7854).
AVL tree size: 207
GVT #7: simulation 6% complete, max event queue size 2049 (GVT = 4.2865).
AVL tree size: 206
GVT #8: simulation 7% complete, max event queue size 2049 (GVT = 4.7953).
AVL tree size: 196
GVT #9: simulation 8% complete, max event queue size 2057 (GVT = 5.2646).
AVL tree size: 194
GVT #11: simulation 9% complete, max event queue size 2081 (GVT = 6.2581).
AVL tree size: 224
GVT #12: simulation 10% complete, max event queue size 2081 (GVT = 6.7371).
AVL tree size: 217
GVT #13: simulation 11% complete, max event queue size 2081 (GVT = 7.2367).
AVL tree size: 229
GVT #14: simulation 12% complete, max event queue size 2081 (GVT = 7.7351).
AVL tree size: 235
GVT #16: simulation 13% complete, max event queue size 2095 (GVT = 8.7056).
AVL tree size: 228
GVT #17: simulation 14% complete, max event queue size 2105 (GVT = 9.1902).
AVL tree size: 232
GVT #18: simulation 15% complete, max event queue size 2105 (GVT = 9.6826).
AVL tree size: 253
GVT #20: simulation 16% complete, max event queue size 2105 (GVT = 10.6760).
AVL tree size: 216
GVT #21: simulation 17% complete, max event queue size 2105 (GVT = 11.1601).
AVL tree size: 245
GVT #22: simulation 18% complete, max event queue size 2109 (GVT = 11.6446).
AVL tree size: 236
GVT #24: simulation 19% complete, max event queue size 2109 (GVT = 12.6495).
AVL tree size: 226
GVT #25: simulation 20% complete, max event queue size 2109 (GVT = 13.1590).
AVL tree size: 236
GVT #26: simulation 21% complete, max event queue size 2109 (GVT = 13.6523).
AVL tree size: 228
GVT #27: simulation 22% complete, max event queue size 2109 (GVT = 14.1513).
AVL tree size: 236
GVT #29: simulation 23% complete, max event queue size 2109 (GVT = 15.1355).
AVL tree size: 213
GVT #30: simulation 24% complete, max event queue size 2109 (GVT = 15.6166).
AVL tree size: 191
GVT #31: simulation 25% complete, max event queue size 2109 (GVT = 16.1186).
AVL tree size: 205
GVT #33: simulation 26% complete, max event queue size 2109 (GVT = 17.1006).
AVL tree size: 222
GVT #34: simulation 27% complete, max event queue size 2109 (GVT = 17.5943).
AVL tree size: 239
GVT #35: simulation 28% complete, max event queue size 2109 (GVT = 18.0788).
AVL tree size: 216
GVT #36: simulation 29% complete, max event queue size 2109 (GVT = 18.5780).
AVL tree size: 210
GVT #38: simulation 30% complete, max event queue size 2109 (GVT = 19.5763).
AVL tree size: 222
GVT #39: simulation 31% complete, max event queue size 2109 (GVT = 20.0585).
AVL tree size: 229
GVT #40: simulation 32% complete, max event queue size 2109 (GVT = 20.5611).
AVL tree size: 227
GVT #42: simulation 33% complete, max event queue size 2126 (GVT = 21.5743).
AVL tree size: 214
GVT #43: simulation 34% complete, max event queue size 2126 (GVT = 22.0546).
AVL tree size: 207
GVT #44: simulation 35% complete, max event queue size 2126 (GVT = 22.5650).
AVL tree size: 226
GVT #46: simulation 36% complete, max event queue size 2126 (GVT = 23.5432).
AVL tree size: 248
GVT #47: simulation 37% complete, max event queue size 2126 (GVT = 24.0309).
AVL tree size: 247
GVT #48: simulation 38% complete, max event queue size 2126 (GVT = 24.5247).
AVL tree size: 250
GVT #49: simulation 39% complete, max event queue size 2126 (GVT = 25.0362).
AVL tree size: 242
GVT #51: simulation 40% complete, max event queue size 2126 (GVT = 26.0029).
AVL tree size: 243
GVT #52: simulation 41% complete, max event queue size 2126 (GVT = 26.5227).
AVL tree size: 255
GVT #53: simulation 42% complete, max event queue size 2126 (GVT = 27.0126).
AVL tree size: 256
GVT #55: simulation 43% complete, max event queue size 2126 (GVT = 27.9963).
AVL tree size: 239
GVT #56: simulation 44% complete, max event queue size 2126 (GVT = 28.4984).
AVL tree size: 224
GVT #57: simulation 45% complete, max event queue size 2126 (GVT = 28.9671).
AVL tree size: 236
GVT #58: simulation 46% complete, max event queue size 2126 (GVT = 29.4493).
AVL tree size: 235
GVT #60: simulation 47% complete, max event queue size 2126 (GVT = 30.4329).
AVL tree size: 231
GVT #61: simulation 48% complete, max event queue size 2126 (GVT = 30.9292).
AVL tree size: 225
GVT #62: simulation 49% complete, max event queue size 2126 (GVT = 31.4396).
AVL tree size: 222
GVT #64: simulation 50% complete, max event queue size 2126 (GVT = 32.4132).
AVL tree size: 219
GVT #65: simulation 51% complete, max event queue size 2126 (GVT = 32.9091).
AVL tree size: 226
GVT #66: simulation 52% complete, max event queue size 2126 (GVT = 33.3784).
AVL tree size: 230
GVT #68: simulation 53% complete, max event queue size 2126 (GVT = 34.3708).
AVL tree size: 253
GVT #69: simulation 54% complete, max event queue size 2126 (GVT = 34.8520).
AVL tree size: 266
GVT #70: simulation 55% complete, max event queue size 2126 (GVT = 35.3400).
AVL tree size: 266
GVT #72: simulation 56% complete, max event queue size 2126 (GVT = 36.2839).
AVL tree size: 248
GVT #73: simulation 57% complete, max event queue size 2126 (GVT = 36.7917).
AVL tree size: 250
GVT #74: simulation 58% complete, max event queue size 2126 (GVT = 37.2881).
AVL tree size: 248
GVT #75: simulation 59% complete, max event queue size 2126 (GVT = 37.8008).
AVL tree size: 249
GVT #77: simulation 60% complete, max event queue size 2126 (GVT = 38.7985).
AVL tree size: 247
GVT #78: simulation 61% complete, max event queue size 2126 (GVT = 39.2957).
AVL tree size: 257
GVT #79: simulation 62% complete, max event queue size 2126 (GVT = 39.7914).
AVL tree size: 250
GVT #81: simulation 63% complete, max event queue size 2126 (GVT = 40.8244).
AVL tree size: 245
GVT #82: simulation 64% complete, max event queue size 2133 (GVT = 41.3007).
AVL tree size: 251
GVT #83: simulation 65% complete, max event queue size 2133 (GVT = 41.8177).
AVL tree size: 244
GVT #84: simulation 66% complete, max event queue size 2133 (GVT = 42.3327).
AVL tree size: 239
GVT #86: simulation 67% complete, max event queue size 2133 (GVT = 43.3378).
AVL tree size: 229
GVT #87: simulation 68% complete, max event queue size 2133 (GVT = 43.8541).
AVL tree size: 258
GVT #88: simulation 69% complete, max event queue size 2133 (GVT = 44.3501).
AVL tree size: 241
GVT #89: simulation 70% complete, max event queue size 2133 (GVT = 44.8327).
AVL tree size: 242
GVT #91: simulation 71% complete, max event queue size 2133 (GVT = 45.8074).
AVL tree size: 257
GVT #92: simulation 72% complete, max event queue size 2133 (GVT = 46.3310).
AVL tree size: 250
GVT #93: simulation 73% complete, max event queue size 2133 (GVT = 46.8242).
AVL tree size: 258
GVT #95: simulation 74% complete, max event queue size 2133 (GVT = 47.7802).
AVL tree size: 250
GVT #96: simulation 75% complete, max event queue size 2133 (GVT = 48.2581).
AVL tree size: 231
GVT #97: simulation 76% complete, max event queue size 2133 (GVT = 48.7692).
AVL tree size: 221
GVT #99: simulation 77% complete, max event queue size 2133 (GVT = 49.7626).
AVL tree size: 210
GVT #100: simulation 78% complete, max event queue size 2133 (GVT = 50.2987).
AVL tree size: 223
GVT #101: simulation 79% complete, max event queue size 2133 (GVT = 50.8059).
AVL tree size: 230
GVT #102: simulation 80% complete, max event queue size 2133 (GVT = 51.3036).
AVL tree size: 221
GVT #104: simulation 81% complete, max event queue size 2133 (GVT = 52.3074).
AVL tree size: 224
GVT #105: simulation 82% complete, max event queue size 2133 (GVT = 52.8036).
AVL tree size: 234
GVT #106: simulation 83% complete, max event queue size 2133 (GVT = 53.3193).
AVL tree size: 234
GVT #107: simulation 84% complete, max event queue size 2133 (GVT = 53.8081).
AVL tree size: 222
GVT #109: simulation 85% complete, max event queue size 2133 (GVT = 54.7875).
AVL tree size: 214
GVT #110: simulation 86% complete, max event queue size 2133 (GVT = 55.2581).
AVL tree size: 228
GVT #111: simulation 87% complete, max event queue size 2133 (GVT = 55.7440).
AVL tree size: 231
GVT #113: simulation 88% complete, max event queue size 2133 (GVT = 56.7413).
AVL tree size: 241
GVT #114: simulation 89% complete, max event queue size 2133 (GVT = 57.2345).
AVL tree size: 233
GVT #115: simulation 90% complete, max event queue size 2133 (GVT = 57.6968).
AVL tree size: 254
GVT #117: simulation 91% complete, max event queue size 2133 (GVT = 58.7541).
AVL tree size: 265
GVT #118: simulation 92% complete, max event queue size 2133 (GVT = 59.2499).
AVL tree size: 253
GVT #119: simulation 93% complete, max event queue size 2133 (GVT = 59.7192).
AVL tree size: 240
GVT #120: simulation 94% complete, max event queue size 2133 (GVT = 60.1951).
AVL tree size: 226
GVT #122: simulation 95% complete, max event queue size 2133 (GVT = 61.1769).
AVL tree size: 234
GVT #123: simulation 96% complete, max event queue size 2133 (GVT = 61.6703).
AVL tree size: 238
GVT #124: simulation 97% complete, max event queue size 2133 (GVT = 62.1665).
AVL tree size: 201
GVT #126: simulation 98% complete, max event queue size 2133 (GVT = 63.1661).
AVL tree size: 163
GVT #127: simulation 99% complete, max event queue size 2133 (GVT = 63.4879).
AVL tree size: 110
GVT #130: simulation 100% complete, max event queue size 2133 (GVT = MAX).
AVL tree size: 28
*** END SIMULATION ***


	: Running Time = 2.3084 seconds

TW Library Statistics:
	Total Events Processed                               133840284
	Events Aborted (part of RBs)                                 0
	Events Rolled Back                                      683645
	Event Ties Detected in PE Queues                             0
	Efficiency                                               99.49 %
	Total Remote (shared mem) Events Processed                   0
	Percent Remote Events                                     0.00 %
	Total Remote (network) Events Processed                8386257
	Percent Remote Events                                     6.30 %

	Total Roll Backs                                        241993
	Primary Roll Backs                                      237097
	Secondary Roll Backs                                      4896
	Fossil Collect Attempts                                 134144
	Total GVT Computations                                     131

	Net Events Processed                                 133156639
	Event Rate (events/sec)                             57682895.9
	Total Events Scheduled Past End Time                   2110518

TW Memory Statistics:
	Events Allocated                                         68433
	Memory Allocated                                         57958
	Memory Wasted                                             1156

TW Network Statistics:
	Remote sends                                           8552353
	Remote recvs                                           8552353

TW Data Structure sizes in bytes (sizeof):
	PE struct                                                  608
	KP struct                                                  144
	LP struct                                                  128
	LP Model struct                                             36
	LP RNGs                                                     80
	Total LP                                                   244
	Event struct                                               152
	Event struct with Model                                    156

TW Clock Cycle Statistics (MAX values in secs at 1.0000 GHz):
	Priority Queue (enq/deq)                                0.0633
	AVL Tree (insert/delete)                                0.0621
	LZ4 (de)compression                                     0.0000
	Buddy system                                            0.0000
	Event Processing                                        1.9068
	Event Cancel                                            0.0046
	Event Abort                                             0.0000

	GVT                                                     0.5328
	Fossil Collect                                          0.3771
	Primary Rollbacks                                       0.0308
	Network Read                                            0.8240
	Statistics Computation                                  0.0000
	Statistics Write                                        0.0000
	Total Time (Note: Using Running Time above for Speedup)      3.6935

TW GVT Statistics: MPI AllReduce
	GVT Interval                                               256
	GVT Real Time Interval (cycles)                    0
	GVT Real Time Interval (sec)                        0.00000000
	Batch Size                                                   4

	Forced GVT                                                   0
	Total GVT Computations                                     131
	Total All Reduce Calls                                     392
	Average Reduction / GVT                                   2.99
Total Grass Amount ................................-1558468381
Total Predator Amount .............................193875037
Total Prey Amount .................................570606971
Average Predator per cell..........................184.893643
Average Prey per cell .............................544.173213
Average Predator In-cell Movement .................0.593218
Average Predator Out-cell Movement ................0.592152
Average Prey In-cell Movement .....................62.401551
Average Prey Out-cell Movement ....................63.401146
